<?xml version="1.0" encoding="utf-8"?><testsuites name="pytest tests"><testsuite name="pytest" errors="0" failures="0" skipped="0" tests="14" time="5.692" timestamp="2026-07-07T16:07:45.976994+00:00" hostname="agent-env-ca5f6469-2a0d-4282-8638-e761958f8b28"><testcase classname="tests.test_admin_sponsors.TestAdminAuth" name="test_login_wrong_password" time="0.389" /><testcase classname="tests.test_admin_sponsors.TestSponsorInjection" name="test_food_sponsor_appears_first" time="1.256" /><testcase classname="tests.test_admin_sponsors.TestAdminAuth" name="test_login_success" time="0.005" /><testcase classname="tests.test_admin_sponsors.TestAdminAuth" name="test_verify_no_token" time="0.185" /><testcase classname="tests.test_admin_sponsors.TestAdminAuth" name="test_verify_with_token" time="0.167" /><testcase classname="tests.test_admin_sponsors.TestSponsorCRUD" name="test_list_requires_auth" time="0.160" /><testcase classname="tests.test_admin_sponsors.TestSponsorCRUD" name="test_create_requires_auth" time="0.136" /><testcase classname="tests.test_admin_sponsors.TestSponsorCRUD" name="test_full_crud" time="0.660" /><testcase classname="tests.test_admin_sponsors.TestSponsorInjection" name="test_inactive_sponsor_not_included" time="0.894" /><testcase classname="tests.test_admin_sponsors.TestRegressions" name="test_create_restaurant_still_works" time="0.055" /><testcase classname="tests.test_admin_sponsors.TestRegressions" name="test_spin_works" time="0.056" /><testcase classname="tests.test_admin_sponsors.TestRegressions" name="test_curated_fallback_no_zip" time="0.332" /><testcase classname="tests.test_admin_sponsors.TestSponsorInjection" name="test_bars_sponsor_not_in_food_search" time="0.787" /><testcase classname="tests.test_admin_sponsors.TestSponsorInjection" name="test_cuisine_filter_matches" time="1.416" /></testsuite></testsuites>