<?xml version="1.0" encoding="utf-8"?><testsuites name="pytest tests"><testsuite name="pytest" errors="0" failures="0" skipped="0" tests="6" time="1.905" timestamp="2026-08-07T16:56:51.128393+00:00" hostname="agent-env-a5953802-81e6-4eca-9025-ab7fe4cd2582"><testcase classname="tests.test_flares" name="test_pop_flare_ok" time="0.290" /><testcase classname="tests.test_flares" name="test_positions_returns_flare" time="0.147" /><testcase classname="tests.test_flares" name="test_pop_flare_upsert_same_member" time="0.281" /><testcase classname="tests.test_flares" name="test_pop_flare_multi_member" time="0.261" /><testcase classname="tests.test_flares" name="test_code_normalization" time="0.221" /><testcase classname="tests.test_flares" name="test_short_member_id_rejected" time="0.112" /></testsuite></testsuites>