<?xml version="1.0" encoding="utf-8"?><testsuites name="pytest tests"><testsuite name="pytest" errors="0" failures="0" skipped="0" tests="14" time="2.086" timestamp="2026-07-26T20:38:04.176577+00:00" hostname="agent-env-f8f558b5-5060-4dbd-8157-2c3ebd8f8426"><testcase classname="tests.test_iter12_passports_and_search" name="test_two_stops_returns_422" time="0.191" /><testcase classname="tests.test_iter12_passports_and_search" name="test_over_ten_stops_truncated_to_ten" time="0.099" /><testcase classname="tests.test_iter12_passports_and_search" name="test_get_shape" time="0.088" /><testcase classname="tests.test_iter12_passports_and_search" name="test_unknown_code_404" time="0.050" /><testcase classname="tests.test_iter12_passports_and_search" name="test_stamp_1_gps_far_away_returns_409" time="0.046" /><testcase classname="tests.test_iter12_passports_and_search" name="test_stamp_2_gps_within_radius_verified_true" time="0.048" /><testcase classname="tests.test_iter12_passports_and_search" name="test_stamp_3_manual_verified_false" time="0.047" /><testcase classname="tests.test_iter12_passports_and_search" name="test_stamp_4_double_is_idempotent" time="0.045" /><testcase classname="tests.test_iter12_passports_and_search" name="test_stamp_5_unknown_stop_404" time="0.059" /><testcase classname="tests.test_iter12_passports_and_search" name="test_stamp_6_last_stamp_sets_completed_at" time="0.098" /><testcase classname="tests.test_iter12_passports_and_search" name="test_stamp_7_unstamp_clears_completed" time="0.048" /><testcase classname="tests.test_iter12_passports_and_search" name="test_search_breakfast_filipino_no_subway_and_interleaved" time="0.513" /><testcase classname="tests.test_iter12_passports_and_search" name="test_search_explore_lighthouses_no_restaurants" time="0.364" /><testcase classname="tests.test_iter12_passports_and_search" name="test_search_fuel_bus_stations" time="0.318" /></testsuite></testsuites>