<?xml version="1.0" encoding="utf-8"?><testsuites name="pytest tests"><testsuite name="pytest" errors="0" failures="0" skipped="0" tests="9" time="1.817" timestamp="2026-07-10T16:06:04.114941+00:00" hostname="agent-env-ca5f6469-2a0d-4282-8638-e761958f8b28"><testcase classname="tests.test_iter50_crawl.TestGeocode" name="test_geocode_valid_zip" time="0.390" /><testcase classname="tests.test_iter50_crawl.TestRegression" name="test_restaurants_list" time="0.292" /><testcase classname="tests.test_iter50_crawl.TestRegression" name="test_stats_fates" time="0.168" /><testcase classname="tests.test_iter50_crawl.TestGeocode" name="test_geocode_invalid_zip_letters" time="0.143" /><testcase classname="tests.test_iter50_crawl.TestRegression" name="test_spin" time="0.146" /><testcase classname="tests.test_iter50_crawl.TestGeocode" name="test_geocode_missing_zip" time="0.119" /><testcase classname="tests.test_iter50_crawl.TestRegression" name="test_admin_login_and_sponsor_stats" time="0.222" /><testcase classname="tests.test_iter50_crawl.TestPlacesSearchLatLng" name="test_bars_search_returns_latlng" time="0.601" /><testcase classname="tests.test_iter50_crawl.TestCrawlLatLng" name="test_create_and_get_crawl_with_latlng" time="0.229" /></testsuite></testsuites>