<?xml version="1.0" encoding="utf-8"?><testsuites name="pytest tests"><testsuite name="pytest" errors="0" failures="0" skipped="0" tests="5" time="1.111" timestamp="2026-08-02T05:51:59.505631+00:00" hostname="agent-env-a5953802-81e6-4eca-9025-ab7fe4cd2582"><testcase classname="tests.test_iter49_feedback" name="test_feedback_reject_short_message" time="0.302" /><testcase classname="tests.test_iter49_feedback" name="test_feedback_success" time="0.111" /><testcase classname="tests.test_iter49_feedback" name="test_admin_feedback_requires_auth" time="0.048" /><testcase classname="tests.test_iter49_feedback" name="test_admin_list_and_delete_feedback" time="0.238" /><testcase classname="tests.test_iter49_feedback" name="test_admin_delete_nonexistent" time="0.049" /></testsuite></testsuites>