<?xml version="1.0" encoding="utf-8"?><testsuites name="pytest tests"><testsuite name="pytest" errors="0" failures="0" skipped="0" tests="5" time="0.523" timestamp="2026-07-26T20:50:52.036005+00:00" hostname="agent-env-f8f558b5-5060-4dbd-8157-2c3ebd8f8426"><testcase classname="tests.test_shuffle_seagulls_asset" name="test_format_mono_44_1khz" time="0.307" /><testcase classname="tests.test_shuffle_seagulls_asset" name="test_duration_around_11_4s" time="0.000" /><testcase classname="tests.test_shuffle_seagulls_asset" name="test_peak_amplitude_bounded" time="0.001" /><testcase classname="tests.test_shuffle_seagulls_asset" name="test_spectral_tonality_below_150_every_2s_window" time="0.020" /><testcase classname="tests.test_shuffle_seagulls_asset" name="test_no_continuous_narrowband_tone" time="0.012" /></testsuite></testsuites>