<?xml version="1.0" encoding="utf-8"?><testsuites name="pytest tests"><testsuite name="pytest" errors="0" failures="1" skipped="0" tests="41" time="9.134" timestamp="2026-07-26T02:07:26.938702+00:00" hostname="agent-env-f8f558b5-5060-4dbd-8157-2c3ebd8f8426"><testcase classname="tests.test_iter_sec002_003_004.TestSec002Verification" name="test_a_verified_true_but_zero_gps_checkins" time="0.326" /><testcase classname="tests.test_iter_sec002_003_004.TestSec002Verification" name="test_b_partial_gps_still_unverified" time="0.135" /><testcase classname="tests.test_iter_sec002_003_004.TestSec002Verification" name="test_c_full_gps_verified_and_on_leaderboard" time="0.224" /><testcase classname="tests.test_iter_sec002_003_004.TestSec002Verification" name="test_d_impossible_pace_downgraded" time="0.180" /><testcase classname="tests.test_iter_sec002_003_004.TestSec002Verification" name="test_e_no_code_forces_unverified" time="0.045" /><testcase classname="tests.test_iter_sec002_003_004.TestSec002Verification" name="test_f_manual_checkins_dont_count" time="0.178" /><testcase classname="tests.test_iter_sec002_003_004.TestSec002Idempotency" name="test_upsert_dedupes_repeated_gps" time="1.375" /><testcase classname="tests.test_iter_sec002_003_004.TestSec002Idempotency" name="test_different_source_yields_second_doc" time="0.090" /><testcase classname="tests.test_iter_sec002_003_004.TestSec002Idempotency" name="test_ttl_indexes_still_present" time="0.001" /><testcase classname="tests.test_iter_sec002_003_004.TestSec002Idempotency" name="test_expire_at_is_bson_datetime_36h_out" time="0.044" /><testcase classname="tests.test_iter_sec002_003_004.TestSec003CORS" name="test_origin_allowed_default_true" time="0.211" /><testcase classname="tests.test_iter_sec002_003_004.TestSec003CORS" name="test_origin_allowed_preview_disabled_via_subprocess" time="0.386" /><testcase classname="tests.test_iter_sec002_003_004.TestSec003CORS" name="test_live_cors_headers" time="0.048" /><testcase classname="tests.test_iter_sec002_003_004.TestSec004PhotoCache" name="test_photo_endpoint_404_without_google_key" time="0.045" /><testcase classname="tests.test_iter_sec002_003_004.TestSec004PhotoCache" name="test_photo_endpoint_rejects_malformed_name" time="0.201" /><testcase classname="tests.test_iter_sec002_003_004.TestSec004PhotoCache" name="test_cache_constants_importable" time="0.000" /><testcase classname="tests.test_iter_sec002_003_004.TestSec004PhotoCache" name="test_code_inspection_reserve_and_cache_header" time="0.000" /><testcase classname="tests.test_iter_sec002_003_004.TestBuild" name="test_ff_build_280" time="0.000" /><testcase classname="tests.test_iter_sec002_003_004.TestBuild" name="test_no_checkinbutton_import" time="0.004" /><testcase classname="tests.test_iter_fateactions_and_checkin.TestSmoke" name="test_root" time="0.151" /><testcase classname="tests.test_iter_fateactions_and_checkin.TestSmoke" name="test_restaurants" time="0.065" /><testcase classname="tests.test_iter_fateactions_and_checkin.TestSmoke" name="test_cuisines" time="0.048" /><testcase classname="tests.test_iter_fateactions_and_checkin.TestSmoke" name="test_spin" time="0.063" /><testcase classname="tests.test_iter_fateactions_and_checkin.TestSmoke" name="test_places_search_curated" time="0.054" /><testcase classname="tests.test_iter_fateactions_and_checkin.TestSmoke" name="test_stats_fates" time="0.048" /><testcase classname="tests.test_iter_fateactions_and_checkin.TestSmoke" name="test_stats_fate_dealt" time="0.050" /><testcase classname="tests.test_iter_fateactions_and_checkin.TestSmoke" name="test_sponsors_active" time="0.053" /><testcase classname="tests.test_iter_fateactions_and_checkin.TestAdmin" name="test_login_and_verify" time="0.052"><failure message="AssertionError: {&quot;detail&quot;:&quot;Too many requests, please slow down&quot;}&#10;assert 429 == 200&#10; +  where 429 = &lt;Response [429]&gt;.status_code">tests/test_iter_fateactions_and_checkin.py:82: in test_login_and_verify
    assert r.status_code == 200, r.text
E   AssertionError: {"detail":"Too many requests, please slow down"}
E   assert 429 == 200
E    +  where 429 = &lt;Response [429]&gt;.status_code</failure></testcase><testcase classname="tests.test_iter_fateactions_and_checkin.TestCrawls" name="test_create_get_404" time="0.147" /><testcase classname="tests.test_iter_fateactions_and_checkin.TestCrawls" name="test_complete" time="0.047" /><testcase classname="tests.test_iter_fateactions_and_checkin.TestCrawls" name="test_leaderboard" time="0.047" /><testcase classname="tests.test_iter_fateactions_and_checkin.TestCheckin" name="test_checkin_success_and_persistence" time="0.355" /><testcase classname="tests.test_iter_fateactions_and_checkin.TestCheckin" name="test_ttl_index_present" time="0.001" /><testcase classname="tests.test_iter_fateactions_and_checkin.TestCheckin" name="test_source_coerced_to_manual" time="0.048" /><testcase classname="tests.test_iter_fateactions_and_checkin.TestCheckin" name="test_stop_index_out_of_range_rejected" time="0.100" /><testcase classname="tests.test_iter_fateactions_and_checkin.TestCheckin" name="test_lat_lng_out_of_range_rejected" time="0.094" /><testcase classname="tests.test_iter_fateactions_and_checkin.TestCheckin" name="test_rate_limit_60_per_min" time="3.916" /><testcase classname="tests.test_iter_fateactions_and_checkin.TestBuildAndSecurity" name="test_ff_build_bumped" time="0.000" /><testcase classname="tests.test_iter_fateactions_and_checkin.TestBuildAndSecurity" name="test_no_keystore_or_aab_in_public" time="0.001" /><testcase classname="tests.test_iter_fateactions_and_checkin.TestBuildAndSecurity" name="test_keystore_public_url_not_leaking_binary" time="0.050" /><testcase classname="tests.test_iter_fateactions_and_checkin.TestBuildAndSecurity" name="test_aab_public_url_not_leaking_binary" time="0.063" /></testsuite></testsuites>