<?xml version="1.0" encoding="utf-8"?><testsuites name="pytest tests"><testsuite name="pytest" errors="0" failures="0" skipped="0" tests="22" time="1.662" timestamp="2026-07-10T03:18:04.883749+00:00" hostname="agent-env-ca5f6469-2a0d-4282-8638-e761958f8b28"><testcase classname="tests.test_iter49_refactor.TestCore" name="test_root" time="0.207" /><testcase classname="tests.test_iter49_refactor.TestAdmin" name="test_login_wrong_pw_401" time="0.241" /><testcase classname="tests.test_iter49_refactor.TestCore" name="test_restaurants" time="0.054" /><testcase classname="tests.test_iter49_refactor.TestCore" name="test_cuisines_sorted" time="0.091" /><testcase classname="tests.test_iter49_refactor.TestAdmin" name="test_login_good_pw" time="0.046" /><testcase classname="tests.test_iter49_refactor.TestAdmin" name="test_verify" time="0.056" /><testcase classname="tests.test_iter49_refactor.TestAdmin" name="test_verify_without_token_401" time="0.103" /><testcase classname="tests.test_iter49_refactor.TestCore" name="test_spin_empty_filters" time="0.090" /><testcase classname="tests.test_iter49_refactor.TestStats" name="test_fates_count" time="0.053" /><testcase classname="tests.test_iter49_refactor.TestAdmin" name="test_sponsors_get" time="0.047" /><testcase classname="tests.test_iter49_refactor.TestAdmin" name="test_sponsors_get_without_token_401" time="0.099" /><testcase classname="tests.test_iter49_refactor.TestStats" name="test_crawls_count" time="0.049" /><testcase classname="tests.test_iter49_refactor.TestStats" name="test_fate_dealt_increments" time="0.099" /><testcase classname="tests.test_iter49_refactor.TestAdmin" name="test_sponsors_stats" time="0.045" /><testcase classname="tests.test_iter49_refactor.TestAdmin" name="test_submissions" time="0.046" /><testcase classname="tests.test_iter49_refactor.TestStats" name="test_crawl_completed_increments" time="0.103" /><testcase classname="tests.test_iter49_refactor.TestAdmin" name="test_submissions_without_token_401" time="0.119" /><testcase classname="tests.test_iter49_refactor.TestPlaces" name="test_places_search_food" time="0.053" /><testcase classname="tests.test_iter49_refactor.TestPlaces" name="test_places_photo_bad_name_404" time="0.047" /><testcase classname="tests.test_iter49_refactor.TestAdmin" name="test_sponsor_crud" time="0.198" /><testcase classname="tests.test_iter49_refactor.TestCrawls" name="test_create_and_get_crawl" time="0.093" /><testcase classname="tests.test_iter49_refactor.TestCrawls" name="test_create_crawl_one_stop_422" time="0.046" /></testsuite></testsuites>