<?xml version="1.0" encoding="utf-8"?><testsuites name="pytest tests"><testsuite name="pytest" errors="0" failures="1" skipped="0" tests="17" time="5.362" timestamp="2026-07-14T04:49:42.479953+00:00" hostname="agent-env-ca5f6469-2a0d-4282-8638-e761958f8b28"><testcase classname="tests.test_iter63_audit.TestPlacesSearch" name="test_search_happy_path" time="0.826" /><testcase classname="tests.test_iter63_audit.TestPlacesSearch" name="test_search_cached_second_call" time="0.313" /><testcase classname="tests.test_iter63_audit.TestPlacesSearch" name="test_search_invalid_zip_returns_400_not_500" time="0.244" /><testcase classname="tests.test_iter63_audit.TestPlacesSearch" name="test_search_drinks_category" time="0.535" /><testcase classname="tests.test_iter63_audit.TestSponsorUpload" name="test_reject_fake_png_bytes" time="0.170" /><testcase classname="tests.test_iter63_audit.TestSponsorUpload" name="test_reject_unsupported_content_type" time="0.131" /><testcase classname="tests.test_iter63_audit.TestSponsorUpload" name="test_reject_empty_file" time="0.135" /><testcase classname="tests.test_iter63_audit.TestSponsorUpload" name="test_accept_real_png_and_serve" time="0.902" /><testcase classname="tests.test_iter63_audit.TestSponsorUpload" name="test_serve_nonexistent_returns_404" time="0.191" /><testcase classname="tests.test_iter63_audit.TestSponsorshipRequest" name="test_create_ok" time="0.149" /><testcase classname="tests.test_iter63_audit.TestSubscriptionStatus" name="test_nonexistent_returns_found_false" time="0.133" /><testcase classname="tests.test_iter63_audit.TestAdminAuth" name="test_admin_sponsors_requires_auth" time="0.139" /><testcase classname="tests.test_iter63_audit.TestAdminAuth" name="test_admin_cost_status_requires_auth" time="0.128" /><testcase classname="tests.test_iter63_audit.TestAdminAuth" name="test_admin_bad_token_rejected" time="0.130" /><testcase classname="tests.test_iter63_audit.TestAdminAuth" name="test_admin_login_and_access" time="0.303" /><testcase classname="tests.test_iter63_audit.TestPayPalWebhook" name="test_forged_body_returns_400_not_500" time="0.680" /><testcase classname="tests.test_iter63_audit.TestPayPalWebhook" name="test_empty_body_no_500" time="0.175"><failure message="AssertionError: Internal Server Error&#10;assert 500 != 500&#10; +  where 500 = &lt;Response [500]&gt;.status_code">backend/tests/test_iter63_audit.py:199: in test_empty_body_no_500
    assert r.status_code != 500, r.text
E   AssertionError: Internal Server Error
E   assert 500 != 500
E    +  where 500 = &lt;Response [500]&gt;.status_code</failure></testcase></testsuite></testsuites>