<?xml version="1.0" encoding="utf-8"?><testsuites name="pytest tests"><testsuite name="pytest" errors="0" failures="0" skipped="0" tests="16" time="4.787" timestamp="2026-07-05T03:00:09.840093+00:00" hostname="agent-env-ca5f6469-2a0d-4282-8638-e761958f8b28"><testcase classname="tests.test_iteration13" name="test_zip_search_google_source_all_categories[food]" time="0.770" /><testcase classname="tests.test_iteration13" name="test_zip_search_google_source_all_categories[drinks]" time="0.412" /><testcase classname="tests.test_iteration13" name="test_zip_search_google_source_all_categories[bars]" time="0.445" /><testcase classname="tests.test_iteration13" name="test_zip_search_google_source_all_categories[desserts]" time="0.475" /><testcase classname="tests.test_iteration13" name="test_latlng_search_returns_google" time="0.349" /><testcase classname="tests.test_iteration13" name="test_zip_open_now_only" time="0.352" /><testcase classname="tests.test_iteration13" name="test_curated_fallback_no_location" time="0.045" /><testcase classname="tests.test_iteration13" name="test_curated_fallback_desserts" time="0.042" /><testcase classname="tests.test_iteration13" name="test_photo_proxy_returns_image" time="0.706" /><testcase classname="tests.test_iteration13" name="test_photo_proxy_rejects_bad_name" time="0.151" /><testcase classname="tests.test_iteration13" name="test_invalid_zip_returns_422" time="0.047" /><testcase classname="tests.test_iteration13" name="test_get_restaurants" time="0.057" /><testcase classname="tests.test_iteration13" name="test_get_cuisines" time="0.042" /><testcase classname="tests.test_iteration13" name="test_spin" time="0.083" /><testcase classname="tests.test_iteration13" name="test_reports_create" time="0.056" /><testcase classname="tests.test_iteration13" name="test_restaurant_create_and_get" time="0.089" /></testsuite></testsuites>