<?xml version="1.0" encoding="utf-8"?><testsuites name="pytest tests"><testsuite name="pytest" errors="0" failures="0" skipped="0" tests="7" time="3.773" timestamp="2026-07-26T19:36:02.071122+00:00" hostname="agent-env-f8f558b5-5060-4dbd-8157-2c3ebd8f8426"><testcase classname="tests.test_iter10_tweaks" name="test_search_stamps_category_on_every_item[food]" time="0.611" /><testcase classname="tests.test_iter10_tweaks" name="test_search_stamps_category_on_every_item[shops]" time="0.493" /><testcase classname="tests.test_iter10_tweaks" name="test_search_stamps_category_on_every_item[explore]" time="0.614" /><testcase classname="tests.test_iter10_tweaks" name="test_search_stamps_category_on_every_item[stay]" time="0.645" /><testcase classname="tests.test_iter10_tweaks" name="test_search_stamps_category_on_every_item[fuel]" time="0.341" /><testcase classname="tests.test_iter10_tweaks" name="test_explore_safaris_and_childrens_museums" time="0.408" /><testcase classname="tests.test_iter10_tweaks" name="test_shops_plant_shop_and_craft_store" time="0.353" /></testsuite></testsuites>