<?xml version="1.0" encoding="utf-8"?><testsuites name="pytest tests"><testsuite name="pytest" errors="0" failures="0" skipped="0" tests="5" time="1.020" timestamp="2026-08-02T01:26:05.929423+00:00" hostname="agent-env-a5953802-81e6-4eca-9025-ab7fe4cd2582"><testcase classname="tests.test_iter40_refactor.TestCrawlLeaderboard" name="test_get_leaderboard" time="0.136" /><testcase classname="tests.test_iter40_refactor.TestPlacesEssentials" name="test_zip_success" time="0.535" /><testcase classname="tests.test_iter40_refactor.TestCrawlLeaderboard" name="test_post_complete_returns_rank" time="0.048" /><testcase classname="tests.test_iter40_refactor.TestPlacesEssentials" name="test_missing_location_returns_400" time="0.050" /><testcase classname="tests.test_iter40_refactor.TestPlacesSearchSmoke" name="test_search_90210" time="0.079" /></testsuite></testsuites>