<?xml version="1.0" encoding="utf-8"?><testsuites name="pytest tests"><testsuite name="pytest" errors="0" failures="0" skipped="0" tests="11" time="1.615" timestamp="2026-08-01T07:03:27.071610+00:00" hostname="agent-env-a5953802-81e6-4eca-9025-ab7fe4cd2582"><testcase classname="tests.test_chain_sponsor_iter31.TestSubscribe" name="test_chain_missing_coupon_returns_error" time="0.382" /><testcase classname="tests.test_chain_sponsor_iter31.TestSocialCard" name="test_social_card_download[square-image/png]" time="0.401" /><testcase classname="tests.test_chain_sponsor_iter31.TestSubscribe" name="test_chain_full_payload_paypal_503" time="0.046" /><testcase classname="tests.test_chain_sponsor_iter31.TestSocialCard" name="test_social_card_download[story-image/png]" time="0.365" /><testcase classname="tests.test_chain_sponsor_iter31.TestSubscribe" name="test_local_tier_garbage_tier_falls_back" time="0.336" /><testcase classname="tests.test_chain_sponsor_iter31.TestRegression" name="test_active_sponsors_endpoint" time="0.285" /><testcase classname="tests.test_chain_sponsor_iter31.TestSocialCard" name="test_social_card_download[pdf-application/pdf]" time="0.257" /><testcase classname="tests.test_chain_sponsor_iter31.TestSubscriptionStatus" name="test_status_active_seeded" time="0.087" /><testcase classname="tests.test_chain_sponsor_iter31.TestRegression" name="test_chains_nearby_coupon_food" time="0.045" /><testcase classname="tests.test_chain_sponsor_iter31.TestRegression" name="test_fates_stats" time="0.043" /><testcase classname="tests.test_chain_sponsor_iter31.TestSubscriptionStatus" name="test_status_unknown" time="0.141" /></testsuite></testsuites>