<?xml version="1.0" encoding="utf-8"?><testsuites name="pytest tests"><testsuite name="pytest" errors="3" failures="1" skipped="0" tests="22" time="4.094" timestamp="2026-07-26T01:17:03.406034+00:00" hostname="agent-env-f8f558b5-5060-4dbd-8157-2c3ebd8f8426"><testcase classname="tests.test_iter_fateactions_and_checkin.TestSmoke" name="test_root" time="0.272" /><testcase classname="tests.test_iter_fateactions_and_checkin.TestCheckin" name="test_checkin_success_and_persistence" time="0.001"><error message="failed on setup with &quot;pymongo.errors.InvalidURI: Invalid URI scheme: URI must begin with 'mongodb://' or 'mongodb+srv://'&quot;">backend/tests/test_iter_fateactions_and_checkin.py:36: in mongo
    c = MongoClient(MONGO_URL)
        ^^^^^^^^^^^^^^^^^^^^^^
/root/.venv/lib/python3.11/site-packages/pymongo/mongo_client.py:771: in __init__
    res = uri_parser.parse_uri(
/root/.venv/lib/python3.11/site-packages/pymongo/uri_parser.py:497: in parse_uri
    raise InvalidURI(f"Invalid URI scheme: URI must begin with '{SCHEME}' or '{SRV_SCHEME}'")
E   pymongo.errors.InvalidURI: Invalid URI scheme: URI must begin with 'mongodb://' or 'mongodb+srv://'</error></testcase><testcase classname="tests.test_iter_fateactions_and_checkin.TestCheckin" name="test_ttl_index_present" time="0.000"><error message="failed on setup with &quot;pymongo.errors.InvalidURI: Invalid URI scheme: URI must begin with 'mongodb://' or 'mongodb+srv://'&quot;">backend/tests/test_iter_fateactions_and_checkin.py:36: in mongo
    c = MongoClient(MONGO_URL)
        ^^^^^^^^^^^^^^^^^^^^^^
/root/.venv/lib/python3.11/site-packages/pymongo/mongo_client.py:771: in __init__
    res = uri_parser.parse_uri(
/root/.venv/lib/python3.11/site-packages/pymongo/uri_parser.py:497: in parse_uri
    raise InvalidURI(f"Invalid URI scheme: URI must begin with '{SCHEME}' or '{SRV_SCHEME}'")
E   pymongo.errors.InvalidURI: Invalid URI scheme: URI must begin with 'mongodb://' or 'mongodb+srv://'</error></testcase><testcase classname="tests.test_iter_fateactions_and_checkin.TestCheckin" name="test_source_coerced_to_manual" time="0.000"><error message="failed on setup with &quot;pymongo.errors.InvalidURI: Invalid URI scheme: URI must begin with 'mongodb://' or 'mongodb+srv://'&quot;">backend/tests/test_iter_fateactions_and_checkin.py:36: in mongo
    c = MongoClient(MONGO_URL)
        ^^^^^^^^^^^^^^^^^^^^^^
/root/.venv/lib/python3.11/site-packages/pymongo/mongo_client.py:771: in __init__
    res = uri_parser.parse_uri(
/root/.venv/lib/python3.11/site-packages/pymongo/uri_parser.py:497: in parse_uri
    raise InvalidURI(f"Invalid URI scheme: URI must begin with '{SCHEME}' or '{SRV_SCHEME}'")
E   pymongo.errors.InvalidURI: Invalid URI scheme: URI must begin with 'mongodb://' or 'mongodb+srv://'</error></testcase><testcase classname="tests.test_iter_fateactions_and_checkin.TestCheckin" name="test_stop_index_out_of_range_rejected" time="0.240" /><testcase classname="tests.test_iter_fateactions_and_checkin.TestSmoke" name="test_restaurants" time="0.064" /><testcase classname="tests.test_iter_fateactions_and_checkin.TestCheckin" name="test_lat_lng_out_of_range_rejected" time="0.127" /><testcase classname="tests.test_iter_fateactions_and_checkin.TestSmoke" name="test_cuisines" time="0.046" /><testcase classname="tests.test_iter_fateactions_and_checkin.TestSmoke" name="test_spin" time="0.044" /><testcase classname="tests.test_iter_fateactions_and_checkin.TestSmoke" name="test_places_search_curated" time="0.047" /><testcase classname="tests.test_iter_fateactions_and_checkin.TestCheckin" name="test_rate_limit_60_per_min" time="3.161"><failure message="AssertionError: expected rate limit trigger, got: {200}&#10;assert 429 in [200, 200, 200, 200, 200, 200, ...]">backend/tests/test_iter_fateactions_and_checkin.py:202: in test_rate_limit_60_per_min
    assert 429 in codes, f"expected rate limit trigger, got: {set(codes)}"
E   AssertionError: expected rate limit trigger, got: {200}
E   assert 429 in [200, 200, 200, 200, 200, 200, ...]</failure></testcase><testcase classname="tests.test_iter_fateactions_and_checkin.TestSmoke" name="test_stats_fates" time="0.043" /><testcase classname="tests.test_iter_fateactions_and_checkin.TestSmoke" name="test_stats_fate_dealt" time="0.042" /><testcase classname="tests.test_iter_fateactions_and_checkin.TestSmoke" name="test_sponsors_active" time="0.042" /><testcase classname="tests.test_iter_fateactions_and_checkin.TestCrawls" name="test_create_get_404" time="0.225" /><testcase classname="tests.test_iter_fateactions_and_checkin.TestCrawls" name="test_complete" time="0.056" /><testcase classname="tests.test_iter_fateactions_and_checkin.TestCrawls" name="test_leaderboard" time="0.042" /><testcase classname="tests.test_iter_fateactions_and_checkin.TestAdmin" name="test_login_and_verify" time="0.127" /><testcase classname="tests.test_iter_fateactions_and_checkin.TestBuildAndSecurity" name="test_ff_build_bumped" time="0.000" /><testcase classname="tests.test_iter_fateactions_and_checkin.TestBuildAndSecurity" name="test_no_keystore_or_aab_in_public" time="0.001" /><testcase classname="tests.test_iter_fateactions_and_checkin.TestBuildAndSecurity" name="test_keystore_public_url_not_leaking_binary" time="0.048" /><testcase classname="tests.test_iter_fateactions_and_checkin.TestBuildAndSecurity" name="test_aab_public_url_not_leaking_binary" time="0.053" /></testsuite></testsuites>