<?xml version="1.0" encoding="utf-8"?><testsuites name="pytest tests"><testsuite name="pytest" errors="0" failures="0" skipped="0" tests="4" time="0.607" timestamp="2026-07-26T19:56:13.470705+00:00" hostname="agent-env-f8f558b5-5060-4dbd-8157-2c3ebd8f8426"><testcase classname="tests.test_iter11_smoke" name="test_places_search_category_stamped[food-cuisines0]" time="0.162" /><testcase classname="tests.test_iter11_smoke" name="test_places_search_category_stamped[bars-cuisines1]" time="0.050" /><testcase classname="tests.test_iter11_smoke" name="test_places_search_category_stamped[explore-cuisines2]" time="0.046" /><testcase classname="tests.test_iter11_smoke" name="test_places_search_category_stamped[stay-cuisines3]" time="0.046" /></testsuite></testsuites>