<?xml version="1.0" encoding="utf-8"?><testsuites name="pytest tests"><testsuite name="pytest" errors="0" failures="0" skipped="0" tests="15" time="3.189" timestamp="2026-07-27T13:01:02.858475+00:00" hostname="agent-env-a5953802-81e6-4eca-9025-ab7fe4cd2582"><testcase classname="tests.test_iter18_deploy_readiness" name="test_api_root" time="0.208" /><testcase classname="tests.test_iter18_deploy_readiness" name="test_restaurants_seeded_704" time="0.103" /><testcase classname="tests.test_iter18_deploy_readiness" name="test_cuisines" time="0.045" /><testcase classname="tests.test_iter18_deploy_readiness" name="test_stats_fates" time="0.043" /><testcase classname="tests.test_iter18_deploy_readiness" name="test_stats_crawls" time="0.043" /><testcase classname="tests.test_iter18_deploy_readiness" name="test_places_search_latlng_google" time="0.441" /><testcase classname="tests.test_iter18_deploy_readiness" name="test_places_search_zip" time="0.063" /><testcase classname="tests.test_iter18_deploy_readiness" name="test_places_search_curated_fallback" time="1.173" /><testcase classname="tests.test_iter18_deploy_readiness" name="test_admin_login_ok" time="0.045" /><testcase classname="tests.test_iter18_deploy_readiness" name="test_admin_sponsors_requires_auth" time="0.114" /><testcase classname="tests.test_iter18_deploy_readiness" name="test_admin_sponsors_with_login" time="0.146" /><testcase classname="tests.test_iter18_deploy_readiness" name="test_crawl_create_and_get" time="0.097" /><testcase classname="tests.test_iter18_deploy_readiness" name="test_crawl_leaderboard" time="0.047" /><testcase classname="tests.test_iter18_deploy_readiness" name="test_passports_wall" time="0.048" /><testcase classname="tests.test_iter18_deploy_readiness" name="test_assetlinks_json" time="0.043" /></testsuite></testsuites>