<?xml version="1.0" encoding="utf-8"?><testsuites name="pytest tests"><testsuite name="pytest" errors="0" failures="0" skipped="0" tests="7" time="2.617" timestamp="2026-07-10T01:17:30.490664+00:00" hostname="agent-env-ca5f6469-2a0d-4282-8638-e761958f8b28"><testcase classname="tests.test_crawls" name="test_create_crawl_returns_5_char_code" time="0.254" /><testcase classname="tests.test_crawls" name="test_get_crawl_returns_same_stops_and_mode" time="0.252" /><testcase classname="tests.test_crawls" name="test_get_crawl_case_insensitive" time="0.246" /><testcase classname="tests.test_crawls" name="test_get_crawl_bad_code_returns_404" time="0.137" /><testcase classname="tests.test_crawls" name="test_create_crawl_with_one_stop_rejected" time="0.111" /><testcase classname="tests.test_crawls" name="test_create_crawl_empty_stops_rejected" time="0.111" /><testcase classname="tests.test_crawls" name="test_create_crawl_all_modes" time="0.901" /></testsuite></testsuites>