<?xml version="1.0" encoding="utf-8"?><testsuites name="pytest tests"><testsuite name="pytest" errors="0" failures="1" skipped="0" tests="20" time="1.754" timestamp="2026-07-26T19:20:23.397813+00:00" hostname="agent-env-f8f558b5-5060-4dbd-8157-2c3ebd8f8426"><testcase classname="tests.test_iter9_explore_stay.TestSponsorCategories" name="test_sponsorship_request_explore" time="0.209" /><testcase classname="tests.test_iter9_explore_stay.TestSeedData" name="test_total_count_484" time="0.063" /><testcase classname="tests.test_iter9_explore_stay.TestSeedData" name="test_no_duplicate_names" time="0.001" /><testcase classname="tests.test_iter9_explore_stay.TestSeedData" name="test_every_category_cuisine_pair_has_min_4" time="0.001" /><testcase classname="tests.test_iter9_explore_stay.TestSeedData" name="test_explore_venues_have_image_address_desc" time="0.001" /><testcase classname="tests.test_iter9_explore_stay.TestSeedData" name="test_stay_venues_have_image_address_desc" time="0.001" /><testcase classname="tests.test_iter9_explore_stay.TestSeedData" name="test_explore_cuisines_36" time="0.001" /><testcase classname="tests.test_iter9_explore_stay.TestSeedData" name="test_stay_cuisines_16" time="0.001" /><testcase classname="tests.test_iter9_explore_stay.TestRadius" name="test_radius_150_accepted_explore" time="0.624" /><testcase classname="tests.test_iter9_explore_stay.TestSponsorCategories" name="test_sponsorship_request_stay" time="0.041" /><testcase classname="tests.test_iter9_explore_stay.TestSponsorCategories" name="test_sponsorship_request_fuel" time="0.050" /><testcase classname="tests.test_iter9_explore_stay.TestSponsorCategories" name="test_admin_create_sponsor_stay" time="0.091" /><testcase classname="tests.test_iter9_explore_stay.TestSponsorCategories" name="test_admin_create_sponsor_explore" time="0.042" /><testcase classname="tests.test_iter9_explore_stay.TestSponsorCategories" name="test_admin_create_sponsor_fuel" time="0.044" /><testcase classname="tests.test_iter9_explore_stay.TestSponsorCategories" name="test_zzz_cleanup" time="0.251" /><testcase classname="tests.test_iter9_explore_stay.TestRadius" name="test_radius_151_rejected" time="0.080" /><testcase classname="tests.test_iter9_explore_stay.TestExploreStaySearch" name="test_explore_returns_results" time="0.328" /><testcase classname="tests.test_iter9_explore_stay.TestRadius" name="test_radius_50_food_still_ok" time="0.363" /><testcase classname="tests.test_iter9_explore_stay.TestExploreStaySearch" name="test_stay_returns_results" time="0.389" /><testcase classname="tests.test_iter9_explore_stay.TestBuild" name="test_ff_build_285" time="0.136"><failure message="AssertionError: FF_BUILD 285 not found in HTML&#10;assert ('285' in '&lt;!doctype html&gt;\n&lt;html lang=&quot;en&quot;&gt;\n    &lt;head&gt;\n        &lt;meta charset=&quot;utf-8&quot; /&gt;\n        &lt;meta name=&quot;viewport&quot; content=&quot;width=device-width, initial-scale=1&quot; /&gt;\n        &lt;meta name=&quot;theme-color&quot; content=&quot;#000000&quot; /&gt;\n        &lt;meta name=&quot;apple-mobile-web-app-capable&quot; content=&quot;yes&quot; /&gt;\n        &lt;meta name=&quot;apple-mobile-web-app-status-bar-style&quot; content=&quot;black&quot; /&gt;\n        &lt;meta name=&quot;apple-mobile-web-app-title&quot; content=&quot;Fork·Fate&quot; /&gt;\n        &lt;meta name=&quot;description&quot; content=&quot;Fork·Fate — shuffle the deck for a nearby restaurant, bar, dessert, local shop, fuel stop, park or trail to explore, or campground to stay the night.&quot; /&gt;\n        &lt;link rel=&quot;canonical&quot; href=&quot;https://fork-fate.com/&quot; /&gt;\n        &lt;meta property=&quot;og:type&quot; content=&quot;website&quot; /&gt;\n        &lt;meta property=&quot;og:site_name&quot; content=&quot;Fork·Fate&quot; /&gt;\n        &lt;meta property=&quot;og:title&quot; content=&quot;Fork·Fate — Restaurant Roulette&quot; /&gt;\n        &lt;meta property=&quot;og:description&quot; content=&quot;Can\'t decide? Shuffle the deck and let fate pick where you eat, drink, explore or stay.&quot; /&gt;\n        &lt;meta property=&quot;og:url&quot; content=&quot;https://fork-fate.com/&quot; /&gt;\n        &lt;meta property=&quot;og:image&quot; content=&quot;https://fork-fate.com/og-image.png?v=2&quot; /&gt;\n     ...sers as well,\n                session_recording: {\n                    recordCrossOriginIframes: true,\n                    capturePerformance: false,\n                },\n            });\n        &lt;/script&gt;\n    &lt;script&gt;(function(){function c(){var b=a.contentDocument||(a.contentWindow&amp;&amp;a.contentWindow.document);if(b){var d=b.createElement(\'script\');d.innerHTML=&quot;window.__CF$cv$params={r:\'a215c2f34f4ab834\',t:\'MTc4NTA5MzYyNA==\'};var a=document.createElement(\'script\');a.src=\'/cdn-cgi/challenge-platform/scripts/jsd/main.js\';document.getElementsByTagName(\'head\')[0].appendChild(a);&quot;;b.getElementsByTagName(\'head\')[0].appendChild(d)}}if(document.body){var a=document.createElement(\'iframe\');a.height=1;a.width=1;a.style.position=\'absolute\';a.style.top=0;a.style.left=0;a.style.border=\'none\';a.style.visibility=\'hidden\';document.body.appendChild(a);if(\'loading\'!==document.readyState)c();else if(window.addEventListener)document.addEventListener(\'DOMContentLoaded\',c);else{var e=document.onreadystatechange||function(){};document.onreadystatechange=function(b){e(b);\'loading\'!==document.readyState&amp;&amp;(document.onreadystatechange=e,c())}}}})();&lt;/script&gt;&lt;/body&gt;\n&lt;/html&gt;\n' or '2026.06-285' in '&lt;!doctype html&gt;\n&lt;html lang=&quot;en&quot;&gt;\n    &lt;head&gt;\n        &lt;meta charset=&quot;utf-8&quot; /&gt;\n        &lt;meta name=&quot;viewport&quot; content=&quot;width=device-width, initial-scale=1&quot; /&gt;\n        &lt;meta name=&quot;theme-color&quot; content=&quot;#000000&quot; /&gt;\n        &lt;meta name=&quot;apple-mobile-web-app-capable&quot; content=&quot;yes&quot; /&gt;\n        &lt;meta name=&quot;apple-mobile-web-app-status-bar-style&quot; content=&quot;black&quot; /&gt;\n        &lt;meta name=&quot;apple-mobile-web-app-title&quot; content=&quot;Fork·Fate&quot; /&gt;\n        &lt;meta name=&quot;description&quot; content=&quot;Fork·Fate — shuffle the deck for a nearby restaurant, bar, dessert, local shop, fuel stop, park or trail to explore, or campground to stay the night.&quot; /&gt;\n        &lt;link rel=&quot;canonical&quot; href=&quot;https://fork-fate.com/&quot; /&gt;\n        &lt;meta property=&quot;og:type&quot; content=&quot;website&quot; /&gt;\n        &lt;meta property=&quot;og:site_name&quot; content=&quot;Fork·Fate&quot; /&gt;\n        &lt;meta property=&quot;og:title&quot; content=&quot;Fork·Fate — Restaurant Roulette&quot; /&gt;\n        &lt;meta property=&quot;og:description&quot; content=&quot;Can\'t decide? Shuffle the deck and let fate pick where you eat, drink, explore or stay.&quot; /&gt;\n        &lt;meta property=&quot;og:url&quot; content=&quot;https://fork-fate.com/&quot; /&gt;\n        &lt;meta property=&quot;og:image&quot; content=&quot;https://fork-fate.com/og-image.png?v=2&quot; /&gt;\n     ...sers as well,\n                session_recording: {\n                    recordCrossOriginIframes: true,\n                    capturePerformance: false,\n                },\n            });\n        &lt;/script&gt;\n    &lt;script&gt;(function(){function c(){var b=a.contentDocument||(a.contentWindow&amp;&amp;a.contentWindow.document);if(b){var d=b.createElement(\'script\');d.innerHTML=&quot;window.__CF$cv$params={r:\'a215c2f34f4ab834\',t:\'MTc4NTA5MzYyNA==\'};var a=document.createElement(\'script\');a.src=\'/cdn-cgi/challenge-platform/scripts/jsd/main.js\';document.getElementsByTagName(\'head\')[0].appendChild(a);&quot;;b.getElementsByTagName(\'head\')[0].appendChild(d)}}if(document.body){var a=document.createElement(\'iframe\');a.height=1;a.width=1;a.style.position=\'absolute\';a.style.top=0;a.style.left=0;a.style.border=\'none\';a.style.visibility=\'hidden\';document.body.appendChild(a);if(\'loading\'!==document.readyState)c();else if(window.addEventListener)document.addEventListener(\'DOMContentLoaded\',c);else{var e=document.onreadystatechange||function(){};document.onreadystatechange=function(b){e(b);\'loading\'!==document.readyState&amp;&amp;(document.onreadystatechange=e,c())}}}})();&lt;/script&gt;&lt;/body&gt;\n&lt;/html&gt;\n')">tests/test_iter9_explore_stay.py:218: in test_ff_build_285
    assert "285" in html or "2026.06-285" in html, "FF_BUILD 285 not found in HTML"
E   AssertionError: FF_BUILD 285 not found in HTML
E   assert ('285' in '&lt;!doctype html&gt;\n&lt;html lang="en"&gt;\n    &lt;head&gt;\n        &lt;meta charset="utf-8" /&gt;\n        &lt;meta name="viewport" content="width=device-width, initial-scale=1" /&gt;\n        &lt;meta name="theme-color" content="#000000" /&gt;\n        &lt;meta name="apple-mobile-web-app-capable" content="yes" /&gt;\n        &lt;meta name="apple-mobile-web-app-status-bar-style" content="black" /&gt;\n        &lt;meta name="apple-mobile-web-app-title" content="Fork·Fate" /&gt;\n        &lt;meta name="description" content="Fork·Fate — shuffle the deck for a nearby restaurant, bar, dessert, local shop, fuel stop, park or trail to explore, or campground to stay the night." /&gt;\n        &lt;link rel="canonical" href="https://fork-fate.com/" /&gt;\n        &lt;meta property="og:type" content="website" /&gt;\n        &lt;meta property="og:site_name" content="Fork·Fate" /&gt;\n        &lt;meta property="og:title" content="Fork·Fate — Restaurant Roulette" /&gt;\n        &lt;meta property="og:description" content="Can\'t decide? Shuffle the deck and let fate pick where you eat, drink, explore or stay." /&gt;\n        &lt;meta property="og:url" content="https://fork-fate.com/" /&gt;\n        &lt;meta property="og:image" content="https://fork-fate.com/og-image.png?v=2" /&gt;\n     ...sers as well,\n                session_recording: {\n                    recordCrossOriginIframes: true,\n                    capturePerformance: false,\n                },\n            });\n        &lt;/script&gt;\n    &lt;script&gt;(function(){function c(){var b=a.contentDocument||(a.contentWindow&amp;&amp;a.contentWindow.document);if(b){var d=b.createElement(\'script\');d.innerHTML="window.__CF$cv$params={r:\'a215c2f34f4ab834\',t:\'MTc4NTA5MzYyNA==\'};var a=document.createElement(\'script\');a.src=\'/cdn-cgi/challenge-platform/scripts/jsd/main.js\';document.getElementsByTagName(\'head\')[0].appendChild(a);";b.getElementsByTagName(\'head\')[0].appendChild(d)}}if(document.body){var a=document.createElement(\'iframe\');a.height=1;a.width=1;a.style.position=\'absolute\';a.style.top=0;a.style.left=0;a.style.border=\'none\';a.style.visibility=\'hidden\';document.body.appendChild(a);if(\'loading\'!==document.readyState)c();else if(window.addEventListener)document.addEventListener(\'DOMContentLoaded\',c);else{var e=document.onreadystatechange||function(){};document.onreadystatechange=function(b){e(b);\'loading\'!==document.readyState&amp;&amp;(document.onreadystatechange=e,c())}}}})();&lt;/script&gt;&lt;/body&gt;\n&lt;/html&gt;\n' or '2026.06-285' in '&lt;!doctype html&gt;\n&lt;html lang="en"&gt;\n    &lt;head&gt;\n        &lt;meta charset="utf-8" /&gt;\n        &lt;meta name="viewport" content="width=device-width, initial-scale=1" /&gt;\n        &lt;meta name="theme-color" content="#000000" /&gt;\n        &lt;meta name="apple-mobile-web-app-capable" content="yes" /&gt;\n        &lt;meta name="apple-mobile-web-app-status-bar-style" content="black" /&gt;\n        &lt;meta name="apple-mobile-web-app-title" content="Fork·Fate" /&gt;\n        &lt;meta name="description" content="Fork·Fate — shuffle the deck for a nearby restaurant, bar, dessert, local shop, fuel stop, park or trail to explore, or campground to stay the night." /&gt;\n        &lt;link rel="canonical" href="https://fork-fate.com/" /&gt;\n        &lt;meta property="og:type" content="website" /&gt;\n        &lt;meta property="og:site_name" content="Fork·Fate" /&gt;\n        &lt;meta property="og:title" content="Fork·Fate — Restaurant Roulette" /&gt;\n        &lt;meta property="og:description" content="Can\'t decide? Shuffle the deck and let fate pick where you eat, drink, explore or stay." /&gt;\n        &lt;meta property="og:url" content="https://fork-fate.com/" /&gt;\n        &lt;meta property="og:image" content="https://fork-fate.com/og-image.png?v=2" /&gt;\n     ...sers as well,\n                session_recording: {\n                    recordCrossOriginIframes: true,\n                    capturePerformance: false,\n                },\n            });\n        &lt;/script&gt;\n    &lt;script&gt;(function(){function c(){var b=a.contentDocument||(a.contentWindow&amp;&amp;a.contentWindow.document);if(b){var d=b.createElement(\'script\');d.innerHTML="window.__CF$cv$params={r:\'a215c2f34f4ab834\',t:\'MTc4NTA5MzYyNA==\'};var a=document.createElement(\'script\');a.src=\'/cdn-cgi/challenge-platform/scripts/jsd/main.js\';document.getElementsByTagName(\'head\')[0].appendChild(a);";b.getElementsByTagName(\'head\')[0].appendChild(d)}}if(document.body){var a=document.createElement(\'iframe\');a.height=1;a.width=1;a.style.position=\'absolute\';a.style.top=0;a.style.left=0;a.style.border=\'none\';a.style.visibility=\'hidden\';document.body.appendChild(a);if(\'loading\'!==document.readyState)c();else if(window.addEventListener)document.addEventListener(\'DOMContentLoaded\',c);else{var e=document.onreadystatechange||function(){};document.onreadystatechange=function(b){e(b);\'loading\'!==document.readyState&amp;&amp;(document.onreadystatechange=e,c())}}}})();&lt;/script&gt;&lt;/body&gt;\n&lt;/html&gt;\n')</failure></testcase></testsuite></testsuites>