<?xml version="1.0" encoding="utf-8"?><testsuites name="pytest tests"><testsuite name="pytest" errors="0" failures="0" skipped="0" tests="4" time="1.596" timestamp="2026-07-10T02:20:50.045746+00:00" hostname="agent-env-ca5f6469-2a0d-4282-8638-e761958f8b28"><testcase classname="tests.test_crawls_label.TestCrawlLabel" name="test_create_crawl_with_label_and_get" time="0.462" /><testcase classname="tests.test_crawls_label.TestCrawlLabel" name="test_create_crawl_without_label_defaults_empty" time="0.284" /><testcase classname="tests.test_crawls_label.TestCrawlLabel" name="test_create_crawl_taco_label" time="0.221" /><testcase classname="tests.test_crawls_label.TestCrawlLabel" name="test_get_missing_crawl_404" time="0.104" /></testsuite></testsuites>