<?xml version="1.0" encoding="utf-8"?><testsuites name="pytest tests"><testsuite name="pytest" errors="0" failures="0" skipped="0" tests="6" time="3.234" timestamp="2026-07-10T18:49:55.401615+00:00" hostname="agent-env-ca5f6469-2a0d-4282-8638-e761958f8b28"><testcase classname="tests.test_iter51_security" name="test_admin_login_and_verify_ok" time="0.387" /><testcase classname="tests.test_iter51_security" name="test_verify_rejects_token_without_iss_aud" time="0.099" /><testcase classname="tests.test_iter51_security" name="test_admin_login_wrong_password" time="0.111" /><testcase classname="tests.test_iter51_security" name="test_passkey_register_options_spoofed_client_origin_ignored" time="0.212" /><testcase classname="tests.test_iter51_security" name="test_passkey_register_options_allowed_origin" time="0.246" /><testcase classname="tests.test_iter51_security" name="test_admin_login_rate_limit_429" time="1.313" /></testsuite></testsuites>