<?xml version="1.0" encoding="utf-8"?><testsuites name="pytest tests"><testsuite name="pytest" errors="0" failures="0" skipped="0" tests="17" time="2.653" timestamp="2026-07-05T01:16:21.576861+00:00" hostname="agent-env-ca5f6469-2a0d-4282-8638-e761958f8b28"><testcase classname="tests.test_iteration12" name="test_root" time="0.205" /><testcase classname="tests.test_iteration12" name="test_restaurants_list" time="0.142" /><testcase classname="tests.test_iteration12" name="test_cuisines" time="0.096" /><testcase classname="tests.test_iteration12" name="test_spin_endpoint_post" time="0.102" /><testcase classname="tests.test_iteration12" name="test_search_food_category" time="0.148" /><testcase classname="tests.test_iteration12" name="test_search_desserts_category" time="0.101" /><testcase classname="tests.test_iteration12" name="test_search_desserts_cuisine_filter" time="0.134" /><testcase classname="tests.test_iteration12" name="test_search_drinks_isolated_from_desserts" time="0.143" /><testcase classname="tests.test_iteration12" name="test_search_bars_isolated_from_desserts" time="0.095" /><testcase classname="tests.test_iteration12" name="test_open_now_false_returns_all" time="0.191" /><testcase classname="tests.test_iteration12" name="test_open_now_true_excludes_closed" time="0.108" /><testcase classname="tests.test_iteration12" name="test_open_now_true_desserts" time="0.096" /><testcase classname="tests.test_iteration12" name="test_open_now_true_bars" time="0.100" /><testcase classname="tests.test_iteration12" name="test_desserts_sponsored_first" time="0.101" /><testcase classname="tests.test_iteration12" name="test_invalid_zip_422" time="0.095" /><testcase classname="tests.test_iteration12" name="test_invalid_category_defaults_to_food" time="0.105" /><testcase classname="tests.test_iteration12" name="test_report_creation" time="0.095" /></testsuite></testsuites>