<?xml version="1.0" encoding="utf-8"?><testsuites name="pytest tests"><testsuite name="pytest" errors="0" failures="6" skipped="0" tests="19" time="3.066" timestamp="2026-07-26T18:56:35.553730+00:00" hostname="agent-env-f8f558b5-5060-4dbd-8157-2c3ebd8f8426"><testcase classname="tests.test_iter8_auth_hardening.TestLockout" name="test_lockout_after_8_failures" time="0.602" /><testcase classname="tests.test_iter8_auth_hardening.TestCSRFMatrix" name="test_a_safe_methods_no_csrf" time="0.126"><failure message="assert 401 == 200&#10; +  where 401 = &lt;Response [401]&gt;.status_code">tests/test_iter8_auth_hardening.py:44: in test_a_safe_methods_no_csrf
    assert r.status_code == 200
E   assert 401 == 200
E    +  where 401 = &lt;Response [401]&gt;.status_code</failure></testcase><testcase classname="tests.test_iter8_auth_hardening.TestCSRFMatrix" name="test_b_unsafe_no_header_blocked" time="0.046"><failure message="assert 401 == 403&#10; +  where 401 = &lt;Response [401]&gt;.status_code">tests/test_iter8_auth_hardening.py:49: in test_b_unsafe_no_header_blocked
    assert r.status_code == 403
E   assert 401 == 403
E    +  where 401 = &lt;Response [401]&gt;.status_code</failure></testcase><testcase classname="tests.test_iter8_auth_hardening.TestCSRFMatrix" name="test_c_unsafe_wrong_header_blocked" time="0.046"><failure message="assert 401 == 403&#10; +  where 401 = &lt;Response [401]&gt;.status_code">tests/test_iter8_auth_hardening.py:56: in test_c_unsafe_wrong_header_blocked
    assert r.status_code == 403
E   assert 401 == 403
E    +  where 401 = &lt;Response [401]&gt;.status_code</failure></testcase><testcase classname="tests.test_iter8_auth_hardening.TestCSRFMatrix" name="test_d_correct_header_passes" time="0.046"><failure message="assert 401 == 200&#10; +  where 401 = &lt;Response [401]&gt;.status_code">tests/test_iter8_auth_hardening.py:63: in test_d_correct_header_passes
    assert r.status_code == 200
E   assert 401 == 200
E    +  where 401 = &lt;Response [401]&gt;.status_code</failure></testcase><testcase classname="tests.test_iter8_auth_hardening.TestCSRFMatrix" name="test_e_header_only_no_cookie" time="0.005" /><testcase classname="tests.test_iter8_auth_hardening.TestCSRFMatrix" name="test_f_cross_session_csrf" time="0.007" /><testcase classname="tests.test_iter8_auth_hardening.TestIPHandling" name="test_cf_connecting_ip_isolates_buckets" time="0.528"><failure message="AssertionError: assert None is not None&#10; +  where None = find_one({'_id': '192.0.2.100'})&#10; +    where find_one = Collection(Database(MongoClient(host=['localhost:27017'], document_class=dict, tz_aware=False, connect=True), 'test_database'), 'login_failures').find_one&#10; +      where Collection(Database(MongoClient(host=['localhost:27017'], document_class=dict, tz_aware=False, connect=True), 'test_database'), 'login_failures') = Database(MongoClient(host=['localhost:27017'], document_class=dict, tz_aware=False, connect=True), 'test_database').login_failures">tests/test_iter8_auth_hardening.py:253: in test_cf_connecting_ip_isolates_buckets
    assert mc[dbn].login_failures.find_one({"_id": ip_a}) is not None
E   AssertionError: assert None is not None
E    +  where None = find_one({'_id': '192.0.2.100'})
E    +    where find_one = Collection(Database(MongoClient(host=['localhost:27017'], document_class=dict, tz_aware=False, connect=True), 'test_database'), 'login_failures').find_one
E    +      where Collection(Database(MongoClient(host=['localhost:27017'], document_class=dict, tz_aware=False, connect=True), 'test_database'), 'login_failures') = Database(MongoClient(host=['localhost:27017'], document_class=dict, tz_aware=False, connect=True), 'test_database').login_failures</failure></testcase><testcase classname="tests.test_iter8_auth_hardening.TestLockout" name="test_lockout_doc_shape_and_slice" time="0.557" /><testcase classname="tests.test_iter8_auth_hardening.TestIPHandling" name="test_xff_right_to_left_skip_infra" time="0.525"><failure message="AssertionError: assert None is not None&#10; +  where None = find_one({'_id': '9.9.9.9'})&#10; +    where find_one = Collection(Database(MongoClient(host=['localhost:27017'], document_class=dict, tz_aware=False, connect=True), 'test_database'), 'login_failures').find_one&#10; +      where Collection(Database(MongoClient(host=['localhost:27017'], document_class=dict, tz_aware=False, connect=True), 'test_database'), 'login_failures') = Database(MongoClient(host=['localhost:27017'], document_class=dict, tz_aware=False, connect=True), 'test_database').login_failures">tests/test_iter8_auth_hardening.py:271: in test_xff_right_to_left_skip_infra
    assert mc[dbn].login_failures.find_one({"_id": ip}) is not None
E   AssertionError: assert None is not None
E    +  where None = find_one({'_id': '9.9.9.9'})
E    +    where find_one = Collection(Database(MongoClient(host=['localhost:27017'], document_class=dict, tz_aware=False, connect=True), 'test_database'), 'login_failures').find_one
E    +      where Collection(Database(MongoClient(host=['localhost:27017'], document_class=dict, tz_aware=False, connect=True), 'test_database'), 'login_failures') = Database(MongoClient(host=['localhost:27017'], document_class=dict, tz_aware=False, connect=True), 'test_database').login_failures</failure></testcase><testcase classname="tests.test_iter8_auth_hardening.TestLockout" name="test_ttl_index_present" time="0.002" /><testcase classname="tests.test_iter8_auth_hardening.TestLockout" name="test_successful_login_clears_failures" time="0.015" /><testcase classname="tests.test_iter8_auth_hardening.TestLockoutTiming" name="test_locked_branch_sleeps_at_least_400ms" time="0.525" /><testcase classname="tests.test_iter8_auth_hardening.TestIPHandling" name="test_malformed_xff_fails_safe" time="0.003" /><testcase classname="tests.test_iter8_auth_hardening.TestBearerPrecedence" name="test_bearer_only_no_csrf_needed" time="0.005" /><testcase classname="tests.test_iter8_auth_hardening.TestBearerPrecedence" name="test_invalid_cookie_plus_valid_bearer_wins_cookie" time="0.006" /><testcase classname="tests.test_iter8_auth_hardening.TestLockoutTiming" name="test_concurrent_get_not_blocked_by_sleep" time="0.524" /><testcase classname="tests.test_iter8_auth_hardening.TestSmoke" name="test_root" time="0.002" /><testcase classname="tests.test_iter8_auth_hardening.TestSmoke" name="test_leaderboard" time="0.005" /></testsuite></testsuites>