<?xml version="1.0" encoding="utf-8"?><testsuites name="pytest tests"><testsuite name="pytest" errors="0" failures="0" skipped="1" tests="41" time="8.891" timestamp="2026-07-26T02:20:31.965818+00:00" hostname="agent-env-f8f558b5-5060-4dbd-8157-2c3ebd8f8426"><testcase classname="tests.test_iter_fateactions_and_checkin.TestSmoke" name="test_root" time="0.256" /><testcase classname="tests.test_iter_fateactions_and_checkin.TestSmoke" name="test_restaurants" time="0.063" /><testcase classname="tests.test_iter_fateactions_and_checkin.TestSmoke" name="test_cuisines" time="0.045" /><testcase classname="tests.test_iter_fateactions_and_checkin.TestSmoke" name="test_spin" time="0.044" /><testcase classname="tests.test_iter_fateactions_and_checkin.TestSmoke" name="test_places_search_curated" time="0.049" /><testcase classname="tests.test_iter_fateactions_and_checkin.TestSmoke" name="test_stats_fates" time="0.045" /><testcase classname="tests.test_iter_fateactions_and_checkin.TestSmoke" name="test_stats_fate_dealt" time="0.044" /><testcase classname="tests.test_iter_fateactions_and_checkin.TestSmoke" name="test_sponsors_active" time="0.053" /><testcase classname="tests.test_iter_fateactions_and_checkin.TestAdmin" name="test_login_and_verify" time="0.100" /><testcase classname="tests.test_iter_fateactions_and_checkin.TestCrawls" name="test_create_get_404" time="0.135" /><testcase classname="tests.test_iter_fateactions_and_checkin.TestCrawls" name="test_complete" time="0.044" /><testcase classname="tests.test_iter_fateactions_and_checkin.TestCrawls" name="test_leaderboard" time="0.044" /><testcase classname="tests.test_iter_fateactions_and_checkin.TestCheckin" name="test_checkin_success_and_persistence" time="0.351" /><testcase classname="tests.test_iter_fateactions_and_checkin.TestCheckin" name="test_ttl_index_present" time="0.001" /><testcase classname="tests.test_iter_fateactions_and_checkin.TestCheckin" name="test_source_coerced_to_manual" time="0.045" /><testcase classname="tests.test_iter_fateactions_and_checkin.TestCheckin" name="test_stop_index_out_of_range_rejected" time="0.088" /><testcase classname="tests.test_iter_fateactions_and_checkin.TestCheckin" name="test_lat_lng_out_of_range_rejected" time="0.094" /><testcase classname="tests.test_iter_fateactions_and_checkin.TestCheckin" name="test_rate_limit_60_per_min" time="3.771"><skipped type="pytest.skip" message="rate limit not triggered (likely ingress IP rewrite); codes={200}">/app/backend/tests/test_iter_fateactions_and_checkin.py:206: rate limit not triggered (likely ingress IP rewrite); codes={200}</skipped></testcase><testcase classname="tests.test_iter_fateactions_and_checkin.TestBuildAndSecurity" name="test_ff_build_bumped" time="0.000" /><testcase classname="tests.test_iter_fateactions_and_checkin.TestBuildAndSecurity" name="test_no_keystore_or_aab_in_public" time="0.001" /><testcase classname="tests.test_iter_fateactions_and_checkin.TestBuildAndSecurity" name="test_keystore_public_url_not_leaking_binary" time="0.046" /><testcase classname="tests.test_iter_fateactions_and_checkin.TestBuildAndSecurity" name="test_aab_public_url_not_leaking_binary" time="0.045" /><testcase classname="tests.test_iter_sec002_003_004.TestSec002Verification" name="test_a_verified_true_but_zero_gps_checkins" time="0.217" /><testcase classname="tests.test_iter_sec002_003_004.TestSec002Verification" name="test_b_partial_gps_still_unverified" time="0.142" /><testcase classname="tests.test_iter_sec002_003_004.TestSec002Verification" name="test_c_full_gps_verified_and_on_leaderboard" time="0.225" /><testcase classname="tests.test_iter_sec002_003_004.TestSec002Verification" name="test_d_impossible_pace_downgraded" time="0.187" /><testcase classname="tests.test_iter_sec002_003_004.TestSec002Verification" name="test_e_no_code_forces_unverified" time="0.047" /><testcase classname="tests.test_iter_sec002_003_004.TestSec002Verification" name="test_f_manual_checkins_dont_count" time="0.190" /><testcase classname="tests.test_iter_sec002_003_004.TestSec002Idempotency" name="test_upsert_dedupes_repeated_gps" time="1.398" /><testcase classname="tests.test_iter_sec002_003_004.TestSec002Idempotency" name="test_different_source_yields_second_doc" time="0.090" /><testcase classname="tests.test_iter_sec002_003_004.TestSec002Idempotency" name="test_ttl_indexes_still_present" time="0.001" /><testcase classname="tests.test_iter_sec002_003_004.TestSec002Idempotency" name="test_expire_at_is_bson_datetime_36h_out" time="0.045" /><testcase classname="tests.test_iter_sec002_003_004.TestSec003CORS" name="test_origin_allowed_default_true" time="0.201" /><testcase classname="tests.test_iter_sec002_003_004.TestSec003CORS" name="test_origin_allowed_preview_disabled_via_subprocess" time="0.395" /><testcase classname="tests.test_iter_sec002_003_004.TestSec003CORS" name="test_live_cors_headers" time="0.040" /><testcase classname="tests.test_iter_sec002_003_004.TestSec004PhotoCache" name="test_photo_endpoint_404_without_google_key" time="0.044" /><testcase classname="tests.test_iter_sec002_003_004.TestSec004PhotoCache" name="test_photo_endpoint_rejects_malformed_name" time="0.165" /><testcase classname="tests.test_iter_sec002_003_004.TestSec004PhotoCache" name="test_cache_constants_importable" time="0.000" /><testcase classname="tests.test_iter_sec002_003_004.TestSec004PhotoCache" name="test_code_inspection_reserve_and_cache_header" time="0.000" /><testcase classname="tests.test_iter_sec002_003_004.TestBuild" name="test_ff_build_280" time="0.000" /><testcase classname="tests.test_iter_sec002_003_004.TestBuild" name="test_no_checkinbutton_import" time="0.011" /></testsuite></testsuites>