<?xml version="1.0" encoding="utf-8"?><testsuites name="pytest tests"><testsuite name="pytest" errors="0" failures="0" skipped="0" tests="25" time="66.921" timestamp="2026-07-27T02:23:56.487520+00:00" hostname="agent-env-f8f558b5-5060-4dbd-8157-2c3ebd8f8426"><testcase classname="tests.test_iter17_passport_wall_and_stamping.TestStamping" name="test_manual_source_marks_unverified" time="0.425" /><testcase classname="tests.test_iter17_passport_wall_and_stamping.TestPassportCRUD" name="test_create_min_3_stops_ok" time="0.465" /><testcase classname="tests.test_iter17_passport_wall_and_stamping.TestStamping" name="test_gps_within_radius_verified_true" time="0.332" /><testcase classname="tests.test_iter17_passport_wall_and_stamping.TestPassportCRUD" name="test_create_two_stops_rejected_422" time="0.092" /><testcase classname="tests.test_iter17_passport_wall_and_stamping.TestPassportCRUD" name="test_create_over_10_stops_truncated" time="0.320" /><testcase classname="tests.test_iter17_passport_wall_and_stamping.TestStamping" name="test_gps_too_far_returns_409" time="0.289" /><testcase classname="tests.test_iter17_passport_wall_and_stamping.TestPassportCRUD" name="test_delete_returns_deleted_and_removes" time="0.383" /><testcase classname="tests.test_iter17_passport_wall_and_stamping.TestStamping" name="test_gps_accuracy_over_300_stamps_but_unverified_with_note" time="0.386" /><testcase classname="tests.test_iter17_passport_wall_and_stamping.TestPassportCRUD" name="test_get_unknown_404" time="0.098" /><testcase classname="tests.test_iter17_passport_wall_and_stamping.TestRegressions" name="test_places_search" time="0.582" /><testcase classname="tests.test_iter17_passport_wall_and_stamping.TestWall" name="test_wall_route_not_shadowed_returns_items" time="0.121" /><testcase classname="tests.test_iter17_passport_wall_and_stamping.TestWall" name="test_publish_requires_completed_and_fully_verified" time="3.849" /><testcase classname="tests.test_iter17_passport_wall_and_stamping.TestRegressions" name="test_weather" time="0.604" /><testcase classname="tests.test_iter17_passport_wall_and_stamping.TestRegressions" name="test_stats_fates" time="0.137" /><testcase classname="tests.test_iter17_passport_wall_and_stamping.TestRegressions" name="test_stats_crawls" time="0.094" /><testcase classname="tests.test_iter17_passport_wall_and_stamping.TestAntiCheat" name="test_two_stamps_within_60s_returns_429" time="0.463" /><testcase classname="tests.test_iter17_passport_wall_and_stamping.TestAntiCheat" name="test_impossible_travel_between_verified_gps_returns_409" time="62.579" /><testcase classname="tests.test_iter17_passport_wall_and_stamping.TestWall" name="test_wall_thumb_404_when_unpublished" time="0.311" /><testcase classname="tests.test_iter17_passport_wall_and_stamping.TestWall" name="test_unpublish_endpoint_works_on_unpublished_returns_current_state" time="0.309" /><testcase classname="tests.test_iter17_passport_wall_and_stamping.TestStopPhoto" name="test_photo_requires_stamped_stop_409" time="0.294" /><testcase classname="tests.test_iter17_passport_wall_and_stamping.TestStopPhoto" name="test_photo_after_stamp_ok" time="0.497" /><testcase classname="tests.test_iter17_passport_wall_and_stamping.TestUnstamp" name="test_unstamp_removes_and_clears_completed_at" time="0.410" /><testcase classname="tests.test_iter17_passport_wall_and_stamping.TestAssets" name="test_new_assets_serve_200" time="0.929" /><testcase classname="tests.test_iter17_passport_wall_and_stamping.TestHolder" name="test_holder_photo_and_name_roundtrip" time="0.428" /><testcase classname="tests.test_iter17_passport_wall_and_stamping.TestHolder" name="test_holder_bad_photo_rejected_422" time="0.292" /></testsuite></testsuites>