<?xml version="1.0" encoding="utf-8"?><testsuites name="pytest tests"><testsuite name="pytest" errors="0" failures="2" skipped="0" tests="21" time="69.878" timestamp="2026-07-26T03:13:46.349846+00:00" hostname="agent-env-f8f558b5-5060-4dbd-8157-2c3ebd8f8426"><testcase classname="tests.test_iter5_seed_expansion.TestSeedCount" name="test_total_restaurants_is_276" time="0.002" /><testcase classname="tests.test_iter5_seed_expansion.TestSeedCount" name="test_no_duplicate_names" time="0.001" /><testcase classname="tests.test_iter5_seed_expansion.TestSeedCount" name="test_expand_seed_deterministic" time="0.219" /><testcase classname="tests.test_iter5_seed_expansion.TestSeedCount" name="test_backend_restart_idempotency" time="9.326" /><testcase classname="tests.test_iter5_seed_expansion.TestDataDepth" name="test_every_pair_returns_ge_4" time="24.088"><failure message="AssertionError: desserts/Frozen Yogurt → 429&#10;assert 429 == 200&#10; +  where 429 = &lt;Response [429]&gt;.status_code">backend/tests/test_iter5_seed_expansion.py:77: in test_every_pair_returns_ge_4
    assert r.status_code == 200, f"{cat}/{cuisine} → {r.status_code}"
E   AssertionError: desserts/Frozen Yogurt → 429
E   assert 429 == 200
E    +  where 429 = &lt;Response [429]&gt;.status_code</failure></testcase><testcase classname="tests.test_iter5_seed_expansion.TestDataDepth" name="test_source_is_curated" time="24.017"><failure message="assert 429 == 200&#10; +  where 429 = &lt;Response [429]&gt;.status_code">backend/tests/test_iter5_seed_expansion.py:86: in test_source_is_curated
    assert r.status_code == 200
E   assert 429 == 200
E    +  where 429 = &lt;Response [429]&gt;.status_code</failure></testcase><testcase classname="tests.test_iter5_seed_expansion.TestSeedQuality" name="test_generated_docs_valid" time="0.002" /><testcase classname="tests.test_iter5_seed_expansion.TestSeedQuality" name="test_original_sponsors_intact" time="0.001" /><testcase classname="tests.test_iter5_seed_expansion.TestFilters" name="test_category_only" time="12.016" /><testcase classname="tests.test_iter5_seed_expansion.TestFilters" name="test_cuisine_filter" time="0.004" /><testcase classname="tests.test_iter5_seed_expansion.TestFilters" name="test_price_filter" time="0.005" /><testcase classname="tests.test_iter5_seed_expansion.TestFilters" name="test_radius_filter" time="0.005" /><testcase classname="tests.test_iter5_seed_expansion.TestFilters" name="test_open_now_filter" time="0.006" /><testcase classname="tests.test_iter5_seed_expansion.TestRegression" name="test_restaurants_list" time="0.006" /><testcase classname="tests.test_iter5_seed_expansion.TestRegression" name="test_cuisines" time="0.002" /><testcase classname="tests.test_iter5_seed_expansion.TestRegression" name="test_spin" time="0.003" /><testcase classname="tests.test_iter5_seed_expansion.TestRegression" name="test_fates_stats" time="0.002" /><testcase classname="tests.test_iter5_seed_expansion.TestRegression" name="test_sponsors_active" time="0.002" /><testcase classname="tests.test_iter5_seed_expansion.TestRegression" name="test_crawl_create_and_get" time="0.004" /><testcase classname="tests.test_iter5_seed_expansion.TestRegression" name="test_crawl_leaderboard" time="0.002" /><testcase classname="tests.test_iter5_seed_expansion.TestFrontendBuild" name="test_ff_build_unchanged" time="0.000" /></testsuite></testsuites>