<?xml version="1.0" encoding="utf-8"?><testsuites name="pytest tests"><testsuite name="pytest" errors="0" failures="0" skipped="0" tests="5" time="1.984" timestamp="2026-08-05T22:33:04.298280+00:00" hostname="agent-env-a5953802-81e6-4eca-9025-ab7fe4cd2582"><testcase classname="tests.test_iter58_positions" name="test_get_crawl" time="0.535" /><testcase classname="tests.test_iter58_positions" name="test_leaderboard" time="0.121" /><testcase classname="tests.test_iter58_positions" name="test_position_upsert_and_list" time="0.472" /><testcase classname="tests.test_iter58_positions" name="test_position_invalid_lat" time="0.210" /><testcase classname="tests.test_iter58_positions" name="test_checkin_still_works" time="0.186" /></testsuite></testsuites>