<?xml version="1.0" encoding="utf-8"?><testsuites name="pytest tests"><testsuite name="pytest" errors="0" failures="0" skipped="0" tests="3" time="1.483" timestamp="2026-07-26T21:55:51.994360+00:00" hostname="agent-env-f8f558b5-5060-4dbd-8157-2c3ebd8f8426"><testcase classname="tests.test_iter16_passport_delete_audio.TestPassportDelete" name="test_delete_existing_returns_deleted_and_removes_row" time="0.623" /><testcase classname="tests.test_iter16_passport_delete_audio.TestAudioAssets" name="test_all_shuffle_and_reveal_beds_serve_200" time="1.178" /><testcase classname="tests.test_iter16_passport_delete_audio.TestPassportDelete" name="test_delete_unknown_code_returns_404" time="0.105" /></testsuite></testsuites>