<?xml version="1.0" encoding="utf-8"?><testsuites name="pytest tests"><testsuite name="pytest" errors="0" failures="0" skipped="0" tests="8" time="2.040" timestamp="2026-07-07T15:52:15.729066+00:00" hostname="agent-env-ca5f6469-2a0d-4282-8638-e761958f8b28"><testcase classname="tests.test_iteration14" name="test_places_search_gluten_free_10001" time="0.649" /><testcase classname="tests.test_iteration14" name="test_sponsorship_request_valid" time="0.049" /><testcase classname="tests.test_iteration14" name="test_sponsorship_request_invalid_email" time="0.044" /><testcase classname="tests.test_iteration14" name="test_get_restaurants" time="0.054" /><testcase classname="tests.test_iteration14" name="test_get_cuisines" time="0.047" /><testcase classname="tests.test_iteration14" name="test_spin" time="0.044" /><testcase classname="tests.test_iteration14" name="test_places_search_latlng" time="0.385" /><testcase classname="tests.test_iteration14" name="test_reports_create" time="0.099" /></testsuite></testsuites>