<?xml version="1.0" encoding="utf-8"?><testsuites name="pytest tests"><testsuite name="pytest" errors="0" failures="0" skipped="0" tests="18" time="37.646" timestamp="2026-07-26T02:19:40.983833+00:00" hostname="agent-env-f8f558b5-5060-4dbd-8157-2c3ebd8f8426"><testcase classname="tests.test_iter_ratelimit_isolation.TestCrossRouteIsolation" name="test_burn_fate_dealt_then_admin_login_ok" time="4.249" /><testcase classname="tests.test_iter_ratelimit_isolation.TestCrossRouteIsolation" name="test_reverse_order_admin_first_then_fate_dealt" time="3.571" /><testcase classname="tests.test_iter_ratelimit_isolation.TestCrossRouteIsolation" name="test_burn_fate_dealt_then_reports_crawls_merch" time="6.629" /><testcase classname="tests.test_iter_ratelimit_isolation.TestPerRouteEnforcement" name="test_checkin_exceeds_60_gets_429_but_other_route_ok" time="7.431" /><testcase classname="tests.test_iter_ratelimit_isolation.TestPathTemplateKeying" name="test_many_distinct_codes_share_one_bucket" time="5.093" /><testcase classname="tests.test_iter_ratelimit_isolation.TestMemoryBoundPurge" name="test_purge_iterates_tuple_keys" time="0.000" /><testcase classname="tests.test_iter_ratelimit_isolation.TestMemoryBoundPurge" name="test_purge_runtime_smoke" time="0.221" /><testcase classname="tests.test_iter_ratelimit_isolation.TestBruteForceLockout" name="test_8_wrong_then_locked_then_correct_before_threshold_clears" time="2.751" /><testcase classname="tests.test_iter_ratelimit_isolation.TestBruteForceLockout" name="test_8_wrong_locks_out_with_429" time="2.655" /><testcase classname="tests.test_iter_ratelimit_isolation.TestSmoke" name="test_root" time="2.350" /><testcase classname="tests.test_iter_ratelimit_isolation.TestSmoke" name="test_restaurants" time="0.004" /><testcase classname="tests.test_iter_ratelimit_isolation.TestSmoke" name="test_cuisines" time="0.042" /><testcase classname="tests.test_iter_ratelimit_isolation.TestSmoke" name="test_spin" time="0.044" /><testcase classname="tests.test_iter_ratelimit_isolation.TestSmoke" name="test_places_search_curated" time="0.045" /><testcase classname="tests.test_iter_ratelimit_isolation.TestSmoke" name="test_stats_fates" time="0.043" /><testcase classname="tests.test_iter_ratelimit_isolation.TestSmoke" name="test_sponsors_active" time="0.043" /><testcase classname="tests.test_iter_ratelimit_isolation.TestSmoke" name="test_crawls_create_get_404_complete_leaderboard" time="0.215" /><testcase classname="tests.test_iter_ratelimit_isolation.TestFrontendBuildUnchanged" name="test_ff_build_still_280" time="2.129" /></testsuite></testsuites>