<?xml version="1.0" encoding="utf-8"?><testsuites name="pytest tests"><testsuite name="pytest" errors="0" failures="0" skipped="0" tests="6" time="3.147" timestamp="2026-07-10T18:41:34.306856+00:00" hostname="agent-env-ca5f6469-2a0d-4282-8638-e761958f8b28"><testcase classname="tests.test_iter51_security" name="test_admin_login_and_verify_ok" time="0.397" /><testcase classname="tests.test_iter51_security" name="test_verify_rejects_token_without_iss_aud" time="0.112" /><testcase classname="tests.test_iter51_security" name="test_admin_login_wrong_password" time="0.112" /><testcase classname="tests.test_iter51_security" name="test_passkey_register_options_disallowed_origin" time="0.265" /><testcase classname="tests.test_iter51_security" name="test_passkey_register_options_allowed_origin" time="0.208" /><testcase classname="tests.test_iter51_security" name="test_admin_login_rate_limit_429" time="1.422" /></testsuite></testsuites>