<?xml version="1.0" encoding="utf-8"?><testsuites name="pytest tests"><testsuite name="pytest" errors="0" failures="0" skipped="0" tests="11" time="6.308" timestamp="2026-07-07T17:15:27.792847+00:00" hostname="agent-env-ca5f6469-2a0d-4282-8638-e761958f8b28"><testcase classname="tests.test_iteration21_final" name="test_cuisines" time="0.326" /><testcase classname="tests.test_iteration21_final" name="test_restaurants_list_no_test_prefix" time="0.110" /><testcase classname="tests.test_iteration21_final" name="test_places_search_google_zip" time="0.663" /><testcase classname="tests.test_iteration21_final" name="test_places_search_latlng" time="0.488" /><testcase classname="tests.test_iteration21_final" name="test_places_search_curated_fallback" time="0.145" /><testcase classname="tests.test_iteration21_final" name="test_places_search_all_modes" time="1.998" /><testcase classname="tests.test_iteration21_final" name="test_spin" time="0.109" /><testcase classname="tests.test_iteration21_final" name="test_admin_login_wrong" time="0.110" /><testcase classname="tests.test_iteration21_final" name="test_admin_login_correct" time="0.125" /><testcase classname="tests.test_iteration21_final" name="test_sponsor_crud_and_pinning" time="1.310" /><testcase classname="tests.test_iteration21_final" name="test_reports_and_sponsorship_requests" time="0.202" /></testsuite></testsuites>