<?xml version="1.0" encoding="utf-8"?><testsuites name="pytest tests"><testsuite name="pytest" errors="0" failures="0" skipped="0" tests="14" time="4.754" timestamp="2026-07-07T16:15:47.228470+00:00" hostname="agent-env-ca5f6469-2a0d-4282-8638-e761958f8b28"><testcase classname="tests.test_admin_sponsors.TestSponsorInjection" name="test_food_sponsor_appears_first" time="1.008" /><testcase classname="tests.test_admin_sponsors.TestAdminAuth" name="test_login_wrong_password" time="0.285" /><testcase classname="tests.test_admin_sponsors.TestAdminAuth" name="test_login_success" time="0.000" /><testcase classname="tests.test_admin_sponsors.TestAdminAuth" name="test_verify_no_token" time="0.109" /><testcase classname="tests.test_admin_sponsors.TestAdminAuth" name="test_verify_with_token" time="0.115" /><testcase classname="tests.test_admin_sponsors.TestSponsorCRUD" name="test_list_requires_auth" time="0.128" /><testcase classname="tests.test_admin_sponsors.TestSponsorCRUD" name="test_create_requires_auth" time="0.120" /><testcase classname="tests.test_admin_sponsors.TestSponsorCRUD" name="test_full_crud" time="0.643" /><testcase classname="tests.test_admin_sponsors.TestSponsorInjection" name="test_inactive_sponsor_not_included" time="1.157" /><testcase classname="tests.test_admin_sponsors.TestRegressions" name="test_create_restaurant_still_works" time="0.057" /><testcase classname="tests.test_admin_sponsors.TestRegressions" name="test_spin_works" time="0.752" /><testcase classname="tests.test_admin_sponsors.TestSponsorInjection" name="test_bars_sponsor_not_in_food_search" time="0.710" /><testcase classname="tests.test_admin_sponsors.TestRegressions" name="test_curated_fallback_no_zip" time="0.346" /><testcase classname="tests.test_admin_sponsors.TestSponsorInjection" name="test_cuisine_filter_matches" time="1.171" /></testsuite></testsuites>