<?xml version="1.0" encoding="utf-8"?><testsuites name="pytest tests"><testsuite name="pytest" errors="0" failures="2" skipped="0" tests="14" time="3.953" timestamp="2026-07-11T07:09:00.156209+00:00" hostname="agent-env-ca5f6469-2a0d-4282-8638-e761958f8b28"><testcase classname="tests.test_iter60_verify.TestSubmissions" name="test_submissions_requires_auth" time="0.369" /><testcase classname="tests.test_iter60_verify.TestAdminAuth" name="test_wrong_password_401" time="0.314" /><testcase classname="tests.test_iter60_verify.TestAdminAuth" name="test_correct_password_returns_jwt" time="0.000" /><testcase classname="tests.test_iter60_verify.TestAdminAuth" name="test_verify_unauthorized" time="0.178" /><testcase classname="tests.test_iter60_verify.TestSubmissions" name="test_create_pending_and_approve" time="0.387" /><testcase classname="tests.test_iter60_verify.TestAdminAuth" name="test_verify_ok" time="0.102" /><testcase classname="tests.test_iter60_verify.TestSponsorStats" name="test_stats_shape" time="0.130" /><testcase classname="tests.test_iter60_verify.TestSponsorStats" name="test_stats_requires_auth" time="0.161" /><testcase classname="tests.test_iter60_verify.TestSubmissions" name="test_create_pending_and_reject" time="0.316" /><testcase classname="tests.test_iter60_verify.TestSponsorCRUD" name="test_full_crud_and_patch_toggle" time="0.589" /><testcase classname="tests.test_iter60_verify.TestCrawlsAndStats" name="test_crawls_list" time="0.046"><failure message="assert 405 == 200&#10; +  where 405 = &lt;Response [405]&gt;.status_code">backend/tests/test_iter60_verify.py:215: in test_crawls_list
    assert r.status_code == 200
E   assert 405 == 200
E    +  where 405 = &lt;Response [405]&gt;.status_code</failure></testcase><testcase classname="tests.test_iter60_verify.TestCrawlsAndStats" name="test_stats_endpoint" time="0.402"><failure message="assert 404 == 200&#10; +  where 404 = &lt;Response [404]&gt;.status_code">backend/tests/test_iter60_verify.py:220: in test_stats_endpoint
    assert r.status_code == 200
E   assert 404 == 200
E    +  where 404 = &lt;Response [404]&gt;.status_code</failure></testcase><testcase classname="tests.test_iter60_verify.TestSponsorClickTracking" name="test_click_increments" time="0.496" /><testcase classname="tests.test_iter60_verify.TestPlacesSearchSingleCall" name="test_search_with_sponsor_merges_and_increments_impressions" time="1.183" /></testsuite></testsuites>