<?xml version="1.0" encoding="utf-8"?><testsuites name="pytest tests"><testsuite name="pytest" errors="0" failures="0" skipped="0" tests="11" time="3.316" timestamp="2026-07-16T02:05:54.229149+00:00" hostname="agent-env-ca5f6469-2a0d-4282-8638-e761958f8b28"><testcase classname="tests.test_crawl_leaderboard.TestLeaderboardRouting" name="test_literal_route_not_shadowed" time="0.326" /><testcase classname="tests.test_crawl_leaderboard.TestLeaderboardRouting" name="test_get_crawl_still_works" time="0.309" /><testcase classname="tests.test_crawl_leaderboard.TestLeaderboardRouting" name="test_unknown_code_404" time="0.105" /><testcase classname="tests.test_crawl_leaderboard.TestCompletePayload" name="test_empty_team_becomes_anonymous" time="0.279" /><testcase classname="tests.test_crawl_leaderboard.TestCompletePayload" name="test_stops_out_of_range_rejected" time="0.228" /><testcase classname="tests.test_crawl_leaderboard.TestLeaderboardOrdering" name="test_stops_sort_desc_with_fastest_tiebreak" time="1.252" /><testcase classname="tests.test_crawl_leaderboard.TestCompletePayload" name="test_stops_valid_boundary" time="0.111" /><testcase classname="tests.test_crawl_leaderboard.TestLeaderboardOrdering" name="test_fastest_sort_asc_and_excludes_untimed" time="0.101" /><testcase classname="tests.test_crawl_leaderboard.TestLeaderboardOrdering" name="test_top10_cap" time="1.424" /><testcase classname="tests.test_crawl_leaderboard.TestEntryShape" name="test_no_mongo_id_leak" time="0.108" /><testcase classname="tests.test_crawl_leaderboard.TestLeaderboardOrdering" name="test_global_scope_no_crawl_when_no_code" time="0.105" /></testsuite></testsuites>