<?xml version="1.0" encoding="utf-8"?><testsuites name="pytest tests"><testsuite name="pytest" errors="0" failures="0" skipped="0" tests="28" time="12.169" timestamp="2026-07-26T03:46:17.215877+00:00" hostname="agent-env-f8f558b5-5060-4dbd-8157-2c3ebd8f8426"><testcase classname="tests.test_iter5_seed_expansion.TestSeedCount" name="test_total_restaurants_is_276" time="0.002" /><testcase classname="tests.test_iter5_seed_expansion.TestSeedCount" name="test_no_duplicate_names" time="0.001" /><testcase classname="tests.test_iter5_seed_expansion.TestSeedCount" name="test_expand_seed_deterministic" time="0.237" /><testcase classname="tests.test_iter5_seed_expansion.TestSeedCount" name="test_backend_restart_idempotency" time="9.760" /><testcase classname="tests.test_iter5_seed_expansion.TestDataDepth" name="test_every_pair_has_ge_4_docs_in_db" time="0.001" /><testcase classname="tests.test_iter5_seed_expansion.TestDataDepth" name="test_source_is_google_with_key" time="0.387" /><testcase classname="tests.test_iter5_seed_expansion.TestDataDepth" name="test_curated_fallback_returns_ge_4_for_representative_pair" time="0.406" /><testcase classname="tests.test_iter5_seed_expansion.TestSeedQuality" name="test_generated_docs_valid" time="0.002" /><testcase classname="tests.test_iter5_seed_expansion.TestSeedQuality" name="test_original_sponsors_intact" time="0.001" /><testcase classname="tests.test_iter5_seed_expansion.TestFilters" name="test_category_only" time="0.000" /><testcase classname="tests.test_iter5_seed_expansion.TestFilters" name="test_cuisine_filter" time="0.000" /><testcase classname="tests.test_iter5_seed_expansion.TestFilters" name="test_price_filter" time="0.000" /><testcase classname="tests.test_iter5_seed_expansion.TestFilters" name="test_radius_filter" time="0.000" /><testcase classname="tests.test_iter5_seed_expansion.TestFilters" name="test_open_now_filter" time="0.001" /><testcase classname="tests.test_iter5_seed_expansion.TestRegression" name="test_restaurants_list" time="0.008" /><testcase classname="tests.test_iter5_seed_expansion.TestRegression" name="test_cuisines" time="0.003" /><testcase classname="tests.test_iter5_seed_expansion.TestRegression" name="test_spin" time="0.003" /><testcase classname="tests.test_iter5_seed_expansion.TestRegression" name="test_fates_stats" time="0.002" /><testcase classname="tests.test_iter5_seed_expansion.TestRegression" name="test_sponsors_active" time="0.002" /><testcase classname="tests.test_iter5_seed_expansion.TestRegression" name="test_crawl_create_and_get" time="0.004" /><testcase classname="tests.test_iter5_seed_expansion.TestRegression" name="test_crawl_leaderboard" time="0.002" /><testcase classname="tests.test_iter5_seed_expansion.TestFrontendBuild" name="test_ff_build_unchanged" time="0.000" /><testcase classname="tests.test_iter5_seed_expansion.TestGoogleLive" name="test_geocode_10001" time="0.002" /><testcase classname="tests.test_iter5_seed_expansion.TestGoogleLive" name="test_search_google_source_and_fields" time="0.313" /><testcase classname="tests.test_iter5_seed_expansion.TestGoogleLive" name="test_budget_cap_env_is_300" time="0.000" /><testcase classname="tests.test_iter5_seed_expansion.TestGoogleLive" name="test_budget_counter_increments_on_miss_not_hit" time="0.301" /><testcase classname="tests.test_iter5_seed_expansion.TestPhotoProxy" name="test_photo_miss_then_hit_no_budget_delta" time="0.575" /><testcase classname="tests.test_iter5_seed_expansion.TestPhotoProxy" name="test_photo_malformed_name_returns_404" time="0.002" /></testsuite></testsuites>