<?xml version="1.0" encoding="utf-8"?><testsuites name="pytest tests"><testsuite name="pytest" errors="0" failures="0" skipped="0" tests="6" time="1.540" timestamp="2026-07-22T07:29:23.206251+00:00" hostname="agent-env-ca5f6469-2a0d-4282-8638-e761958f8b28"><testcase classname="tests.test_merch" name="test_merch_notify_public_valid" time="0.224" /><testcase classname="tests.test_merch" name="test_merch_notify_upsert_no_double_count" time="0.261" /><testcase classname="tests.test_merch" name="test_merch_notify_invalid_email" time="0.128" /><testcase classname="tests.test_merch" name="test_admin_merch_interest_requires_auth" time="0.091" /><testcase classname="tests.test_merch" name="test_admin_merch_interest_lists_signup" time="0.139" /><testcase classname="tests.test_merch" name="test_admin_login_sets_cookie" time="0.101" /></testsuite></testsuites>