<?xml version="1.0" encoding="utf-8"?><testsuites name="pytest tests"><testsuite name="pytest" errors="0" failures="0" skipped="0" tests="5" time="6.676" timestamp="2026-08-02T00:16:49.854003+00:00" hostname="agent-env-a5953802-81e6-4eca-9025-ab7fe4cd2582"><testcase classname="tests.test_oracle" name="test_missing_name_returns_422" time="0.248" /><testcase classname="tests.test_oracle" name="test_first_call_generates_and_second_hits_cache" time="2.265" /><testcase classname="tests.test_oracle" name="test_different_theme_generates_new_line" time="1.412" /><testcase classname="tests.test_oracle" name="test_different_lang_generates_new_line" time="1.606" /><testcase classname="tests.test_oracle" name="test_unknown_theme_falls_back_to_light" time="0.732" /></testsuite></testsuites>