<?xml version="1.0" encoding="utf-8"?><testsuites name="pytest tests"><testsuite name="pytest" errors="0" failures="0" skipped="0" tests="2" time="1.785" timestamp="2026-07-24T14:32:13.486872+00:00" hostname="agent-env-ca5f6469-2a0d-4282-8638-e761958f8b28"><testcase classname="tests.test_order_dropdown_urls" name="test_places_search_returns_all_order_urls" time="0.767" /><testcase classname="tests.test_order_dropdown_urls" name="test_places_search_drinks_also_has_urls" time="0.546" /></testsuite></testsuites>