<?xml version="1.0" encoding="utf-8"?><testsuites name="pytest tests"><testsuite name="pytest" errors="0" failures="1" skipped="0" tests="9" time="4.112" timestamp="2026-07-28T23:44:20.966813+00:00" hostname="agent-env-a5953802-81e6-4eca-9025-ab7fe4cd2582"><testcase classname="tests.test_place_query_destination.TestPlaceQuerySearch" name="test_place_query_omaha_food" time="0.708" /><testcase classname="tests.test_place_query_destination.TestPlaceQuerySearch" name="test_place_query_san_diego_drinks" time="0.603" /><testcase classname="tests.test_place_query_destination.TestPlaceQuerySearch" name="test_zip_only_regression" time="0.585" /><testcase classname="tests.test_place_query_destination.TestPlaceQuerySearch" name="test_latlng_only_regression" time="0.537" /><testcase classname="tests.test_place_query_destination.TestPlaceQuerySearch" name="test_invalid_place_query_returns_400" time="0.150"><failure message="AssertionError: Expected 400, got 200: {&quot;source&quot;:&quot;google&quot;,&quot;restaurants&quot;:[{&quot;id&quot;:&quot;7280b62c-1c45-40f3-af4d-5546b28d5452&quot;,&quot;name&quot;:&quot;Twisted Fork&quot;,&quot;cuisine&quot;:&quot;Bar And Grill&quot;,&quot;price&quot;:&quot;$$&quot;,&quot;rating&quot;:4.3,&quot;distance&quot;:0.2,&quot;lat&quot;:41.255594,&quot;lng&quot;:-95.9299499,&quot;address&quot;:&quot;1014 Howard St, Omaha, NE 68102, USA&quot;,&quot;description&quot;:&quot;1014 Howard St, Omaha, NE 68102, USA&quot;,&quot;image&quot;:&quot;https://images.unsplash.com/photo-1663530761401-15eefb544889?q=80&amp;w=800&amp;auto=compress&amp;cs=tinysrgb&quot;,&quot;photo_url&quot;:&quot;/api/places/photo?name=places%2FChIJZze3haWPk4cRv_iLiI8Vi-8%2Fphotos%2FAWCwydgzS-6Z1HVtME4M4Ibs9WO9A5JJWt69nKtHUd9wsubBTxxtQiQBOc4e0NDCYl8OA7yi9kwnAh6UpF_w-oJgxIrcelEToDlXddWZ3n_it_2AKimwL23l0hYtJj_Gn8KhGYc6UwLTrwRoVtoHYyErPplBtuNP9lanbngu9rdEZ1-_mR1PdvIiPnfdyZ69pPgHcNFo3j6MKqUmm7gBc2rCvzsXX-e0WsVF50xWqMQfglok0jWE7vTllvg9N8Qv3atMqfWDJ07bjPEpW73MXFkyPPJBEvoQw3OCftKs1bmr6R6y3ip_d2RqbjsiL03fzHiamz-BOfTBfmjXKGRbh_M1fhV08KXDhV8Z6UZ0GL3d21_ratyLG6rC8sRgPMmnE1L8q2bbE4dkOOhU_R-j3MQCE7RIQTH0w9BPdsV9ae57vvD6gxF8&quot;,&quot;sponsored&quot;:false,&quot;category&quot;:&quot;food&quot;,&quot;google_url&quot;:&quot;https://maps.google.com/?cid=17260913703042939071&amp;g_mp=Cidnb29nbGUubWFwcy5wbGFjZXMudjEuUGxhY2VzLlNlYXJjaFRleHQQAhgEIAA&quot;,&quot;doordash_url&quot;:&quot;https://www.doordash.com/search/store/Twisted+Fork&quot;,&quot;ubereats_url&quot;:&quot;https://www.ubereats.com/search?q=Twisted+Fork&quot;,&quot;grubhub_url&quot;:&quot;https://www.grubhub.com/search?queryText=Twisted+Fork&quot;,&quot;order_url&quot;:&quot;https://www.google.com/search?q=Twisted+Fork+1014+Howard+St%2C+Omaha%2C+NE+68102%2C+USA+order+online+delivery&quot;,&quot;open_now&quot;:true},{&quot;id&quot;:&quot;3aee6995-88a7-436e-9114-3ad0cf13c86b&quot;,&quot;name&quot;:&quot;Upstream Brewing Company&quot;,&quot;cuisine&quot;:&quot;Brewery&quot;,&quot;price&quot;:&quot;$$&quot;,&quot;rating&quot;:4.4,&quot;distance&quot;:0.2,&quot;lat&quot;:41.25472,&quot;lng&quot;:-95.93087899999999,&quot;address&quot;:&quot;514 S 11th St, Omaha, NE 68102, USA&quot;,&quot;description&quot;:&quot;514 S 11th St, Omaha, NE 68102, USA&quot;,&quot;image&quot;:&quot;https://images.unsplash.com/photo-1663530761401-15eefb544889?q=80&amp;w=800&amp;auto=compress&amp;cs=tinysrgb&quot;,&quot;photo_url&quot;:&quot;/api/places/photo?name=places%2FChIJDaFgXK-Pk4cReJseA3695NQ%2Fphotos%2FAWCwydjXNKmeo72Z9FBhXOzbv_ShsiI5r5R5HUirry-gQ4r5bpdiIWxjdi50vKvlO4yuIcxy4cgfV725wKIV0LPAGJ3ncFXk8VDAGcy4wQ7AoQ5aNmiRoZp_xgvgkSvazzmLAnsTqfDB7WVZpMK6LuweBapR6Udh58YXYbzfbsaBm-WdgkiI1FBKkSbC1YJhgmbwjonukXrNnYYJMqcmgCIBkmtUQYJgN8AMrgkHo5Ql2R_MQZStGN8RlEs8TrWDWgfjNrAd3HKGmeINDbAVmDX6kA8Llm7KFVU9GX2Ru9xjBKoPUOEaQhHTjnk7q-FmX51NOqs2hmLHKC14_LgPnINX-Sg02MqlEI3eqWrmVGor17y98rwye3GqA-zIXNjWoLn5EXvRVjzoQOZZ0WuyD-Af0mRozGqEtUgLZf--zCxlyImtGJU&quot;,&quot;sponsored&quot;:false,&quot;category&quot;:&quot;food&quot;,&quot;google_url&quot;:&quot;https://maps.google.com/?cid=15340594579646618488&amp;g_mp=Cidnb29nbGUubWFwcy5wbGFjZXMudjEuUGxhY2VzLlNlYXJjaFRleHQQAhgEIAA&quot;,&quot;doordash_url&quot;:&quot;https://www.doordash.com/search/store/Upstream+Brewing+Company&quot;,&quot;ubereats_url&quot;:&quot;https://www.ubereats.com/search?q=Upstream+Brewing+Company&quot;,&quot;grubhub_url&quot;:&quot;https://www.grubhub.com/search?queryText=Upstream+Brewing+Company&quot;,&quot;order_url&quot;:&quot;https://www.google.com/search?q=Upstream+Brewing+Company+514+S+11th+St%2C+Omaha%2C+NE+68102%2C+USA+order+online+delivery&quot;,&quot;open_now&quot;:true},{&quot;id&quot;:&quot;034ec8a7-ce76-491e-8563-1bbf922df393&quot;,&quot;name&quot;:&quot;Memoir&quot;,&quot;cuisine&quot;:&quot;American&quot;,&quot;price&quot;:&quot;$$&quot;,&quot;rating&quot;:4.7,&quot;distance&quot;:0.3,&quot;lat&quot;:41.256691599999996,&quot;lng&quot;:-95.9286107,&quot;address&quot;:&quot;930 Harney St, Omaha, NE 68102, USA&quot;,&quot;description&quot;:&quot;930 Harney St, Omaha, NE 68102, USA&quot;,&quot;image&quot;:&quot;https://images.unsplash.com/photo-1564759296729-771e78c26df7?q=80&amp;w=800&amp;auto=compress&amp;cs=tinysrgb&quot;,&quot;photo_url&quot;:&quot;/api/places/photo?name=places%2FChIJg7zQDKWPk4cRWmep5NdnByI%2Fphotos%2FAWCwydgE2IBz7OJoA0S3tITfUGZV_PXXGo4TQNP2oNmnQfCU3zhL6JbhlCtq8PIjfVKvEqv1rm4rH0QxuKItrvYZqBZQWGv58PE8YhAQRgn7DIAsGeJPsdvphrGw8oWHRsS1TqFoGtpCwmXnXPa__S-qmu7yF9KDg3pvcCXTb_iRxAKvPRcB_RNqsKLzzXdzsXkzpqN6u1VmPXK-j02pnJLOVCcs_iLofVChHk1L1d_qYJldy7F3f0WqPaHe6YW5LZc4Elcszo3i2f18cldKAI0du6XbUx1rw8IDtagHpxLbsdbCF7Mt15MKgef93GZVLXcSg5R7App6Jlwb_UbLHXhHgTZmVDUbD1xLdBoUBVtc3L9z6tQSwr0W_AVbgEmXQCMU4u-Lmz9r-ViCp_M76O5c_E3kQYhiPIl9BClDw77xCQPzhQ&quot;,&quot;sponsored&quot;:false,&quot;category&quot;:&quot;food&quot;,&quot;google_url&quot;:&quot;https://maps.google.com/?cid=2452042699078461274&amp;g_mp=Cidnb29nbGUubWFwcy5wbGFjZXMudjEuUGxhY2VzLlNlYXJjaFRleHQQAhgEIAA&quot;,&quot;doordash_url&quot;:&quot;https://www.doordash.com/search/store/Memoir&quot;,&quot;ubereats_url&quot;:&quot;https://www.ubereats.com/search?q=Memoir&quot;,&quot;grubhub_url&quot;:&quot;https://www.grubhub.com/search?queryText=Memoir&quot;,&quot;order_url&quot;:&quot;https://www.google.com/search?q=Memoir+930+Harney+St%2C+Omaha%2C+NE+68102%2C+USA+order+online+delivery&quot;,&quot;open_now&quot;:true},{&quot;id&quot;:&quot;84ede898-73fc-4a53-85af-d4756d5f965b&quot;,&quot;name&quot;:&quot;Jams Old Market&quot;,&quot;cuisine&quot;:&quot;American&quot;,&quot;price&quot;:&quot;$$&quot;,&quot;rating&quot;:4.3,&quot;distance&quot;:0.2,&quot;lat&quot;:41.256381999999995,&quot;lng&quot;:-95.93086459999999,&quot;address&quot;:&quot;1101 Harney St, Omaha, NE 68102, USA&quot;,&quot;description&quot;:&quot;1101 Harney St, Omaha, NE 68102, USA&quot;,&quot;image&quot;:&quot;https://images.unsplash.com/photo-1663530761401-15eefb544889?q=80&amp;w=800&amp;auto=compress&amp;cs=tinysrgb&quot;,&quot;photo_url&quot;:&quot;/api/places/photo?name=places%2FChIJkweeeK-Pk4cRTfIV3LZygXk%2Fphotos%2FAWCwydhprplzUN8Yui-d3_7Dtnuf-Q4Gcf5VdGqN_HOdwqyLK47TUXYwOeqVgUBXW7N0b4MIoSElMxUArkG8KifTZoWwW-LxQDhSfxGwiTgNAJ9oi3MkYbuosZ4uRSY2Dpk2qU_D0zrIwIuhfj20jvIOwQRf7KRZN7zER21up1iILTedswGqlFzKgP_L8yeFmE6d-dV1pTkGK29RvYS2KxE9coYeP_HrZtgyjWxgotZvZ2eOhz67rqlkMt4k7wMSPnMLwBsh6QML8_ZKNdCF8ZoZIvdA28zCopH2W4r_YVD3NCj864lCNvq0ePEgC1uxtBYl-c_Pkzg2zH-urpjPephDQcm2rIyCvFeiUoR0hpIhWumVs7jyZLucs9U5ctFQdOYmqwQTUgwmNtncmjw11lfp82ZXeX8rTmTWAQSblkVQVIRYMlPo&quot;,&quot;sponsored&quot;:false,&quot;category&quot;:&quot;food&quot;,&quot;google_url&quot;:&quot;https://maps.google.com/?cid=8755405280286995021&amp;g_mp=Cidnb29nbGUubWFwcy5wbGFjZXMudjEuUGxhY2VzLlNlYXJjaFRleHQQAhgEIAA&quot;,&quot;doordash_url&quot;:&quot;https://www.doordash.com/search/store/Jams+Old+Market&quot;,&quot;ubereats_url&quot;:&quot;https://www.ubereats.com/search?q=Jams+Old+Market&quot;,&quot;grubhub_url&quot;:&quot;https://www.grubhub.com/search?queryText=Jams+Old+Market&quot;,&quot;order_url&quot;:&quot;https://www.google.com/search?q=Jams+Old+Market+1101+Harney+St%2C+Omaha%2C+NE+68102%2C+USA+order+online+delivery&quot;,&quot;open_now&quot;:true},{&quot;id&quot;:&quot;7ba77ac2-542d-4aa8-8abc-0e7d714bf987&quot;,&quot;name&quot;:&quot;Jackson Street Tavern&quot;,&quot;cuisine&quot;:&quot;American&quot;,&quot;price&quot;:&quot;$$&quot;,&quot;rating&quot;:4.5,&quot;distance&quot;:0.2,&quot;lat&quot;:41.2542672,&quot;lng&quot;:-95.931515,&quot;address&quot;:&quot;1125 Jackson St, Omaha, NE 68102, USA&quot;,&quot;description&quot;:&quot;1125 Jackson St, Omaha, NE 68102, USA&quot;,&quot;image&quot;:&quot;https://images.unsplash.com/photo-1565895405140-6b9830a88c19?q=80&amp;w=800&amp;auto=compress&amp;cs=tinysrgb&quot;,&quot;photo_url&quot;:&quot;/api/places/photo?name=places%2FChIJx9v_SK-Pk4cRbGl9y-AMCiU%2Fphotos%2FAWCwydgqp_hMC0lIFRGFEdVZqtcPViXbRHcaI5f9yKyaBxKSFmnbGX7KR58T-Othm_q1nH6MdQsD0_bVWp94zaw0BtmkLMmoJjzdW4XycOhmKR9qdfVygRd8SRRrwswHa-6dxWYe-BStD1p-EbWC1Vj1Ulfe9BJm6Di_kzrB7JtgJseogGBiS1KRGJWW0e5xjDh7yGXpBdEIa10BG0jISb9wqtwU6-IYXI8kfa7QUBuF0ptOzjGFgUgLPfS4pydIDOpu9xx8xQoyncVBpwE-lllA9-Dr8TThEkHEy6aW-rT5Zhnb-2SmqwMxpEKGBKIXHzqBGmQU_75rmLyE0pR5toiL497P4DpszQrLXe5jYO5N5mD47SfJNJx3WnAlKOZok2YJQtKDQOP-kfZ4lIJPoS8THa69_y1HvPLOIygQm3sF6hz2UQ&quot;,&quot;sponsored&quot;:false,&quot;category&quot;:&quot;food&quot;,&quot;google_url&quot;:&quot;https://maps.google.com/?cid=2668959888796641644&amp;g_mp=Cidnb29nbGUubWFwcy5wbGFjZXMudjEuUGxhY2VzLlNlYXJjaFRleHQQAhgEIAA&quot;,&quot;doordash_url&quot;:&quot;https://www.doordash.com/search/store/Jackson+Street+Tavern&quot;,&quot;ubereats_url&quot;:&quot;https://www.ubereats.com/search?q=Jackson+Street+Tavern&quot;,&quot;grubhub_url&quot;:&quot;https://www.grubhub.com/search?queryText=Jackson+Street+Tavern&quot;,&quot;order_url&quot;:&quot;https://www.google.com/search?q=Jackson+Street+Tavern+1125+Jackson+St%2C+Omaha%2C+NE+68102%2C+USA+order+online+delivery&quot;,&quot;open_now&quot;:true},{&quot;id&quot;:&quot;124bd57a-dff3-48c0-8212-64ee81f08142&quot;,&quot;name&quot;:&quot;Clio&quot;,&quot;cuisine&quot;:&quot;Mediterranean&quot;,&quot;price&quot;:&quot;$$&quot;,&quot;rating&quot;:4.7,&quot;distance&quot;:0.1,&quot;lat&quot;:41.25567720000001,&quot;lng&quot;:-95.9322542,&quot;address&quot;:&quot;1202 Howard St, Omaha, NE 68102, USA&quot;,&quot;description&quot;:&quot;1202 Howard St, Omaha, NE 68102, USA&quot;,&quot;image&quot;:&quot;https://images.unsplash.com/photo-1657053460900-3a12f32b592f?q=80&amp;w=800&amp;auto=compress&amp;cs=tinysrgb&quot;,&quot;photo_url&quot;:&quot;/api/places/photo?name=places%2FChIJ95pvSQCPk4cRvf7R-5V4jVw%2Fphotos%2FAWCwydh3HnMEwozHGAi4HJ_7Q5k9j8UtfBRoGtDhrW1RFiLhLoFv-efu-TcH88vH9KX2abmqusAtbJIVrrSjFX18Dok70y-RsSd_Un9hQECB5Mugq7uN5dG0er-tIb93vLC9W0s2W5GT53bMrp2BNtl-PiR75fBmuXVgym523K32JSFAQW93Mv0sxB8LCzKPam8NQaL46IaZIbLbHvKNoZoE7e-jpruJyi8Kt47Jbd0MHIxzqJCrUJH4VIBGnXO9aibDz4hjSltRlqWujTwXcEma2R0kAq9dfYyWa0xAJ6-gpSvFErfL2ouA1MNbtwTEWD670qt8KWeBiht1Jpmmab6U9R4WYzhwCkmI7U62euZypJNvEwWjIqBqvmGwJvV98vhGkvZh81MMEus3HcKnV5-c_ntbEuEYay3M5tyvqZGmG_58sBGD&quot;,&quot;sponsored&quot;:false,&quot;category&quot;:&quot;food&quot;,&quot;google_url&quot;:&quot;https://maps.google.com/?cid=6669119208775876285&amp;g_mp=Cidnb29nbGUubWFwcy5wbGFjZXMudjEuUGxhY2VzLlNlYXJjaFRleHQQAhgEIAA&quot;,&quot;doordash_url&quot;:&quot;https://www.doordash.com/search/store/Clio&quot;,&quot;ubereats_url&quot;:&quot;https://www.ubereats.com/search?q=Clio&quot;,&quot;grubhub_url&quot;:&quot;https://www.grubhub.com/search?queryText=Clio&quot;,&quot;order_url&quot;:&quot;https://www.google.com/search?q=Clio+1202+Howard+St%2C+Omaha%2C+NE+68102%2C+USA+order+online+delivery&quot;,&quot;open_now&quot;:true},{&quot;id&quot;:&quot;0dd9fcad-9f68-4465-8081-b58431306f8d&quot;,&quot;name&quot;:&quot;Cumbia Omaha&quot;,&quot;cuisine&quot;:&quot;Bar&quot;,&quot;price&quot;:&quot;$$&quot;,&quot;rating&quot;:4.7,&quot;distance&quot;:0.1,&quot;lat&quot;:41.256775499999996,&quot;lng&quot;:-95.9369303,&quot;address&quot;:&quot;329 S 16th St #1, Omaha, NE 68102, USA&quot;,&quot;description&quot;:&quot;329 S 16th St #1, Omaha, NE 68102, USA&quot;,&quot;image&quot;:&quot;https://images.unsplash.com/photo-1657053460900-3a12f32b592f?q=80&amp;w=800&amp;auto=compress&amp;cs=tinysrgb&quot;,&quot;photo_url&quot;:&quot;/api/places/photo?name=places%2FChIJG5huNGuPk4cRr9iRGhndjHw%2Fphotos%2FAWCwydjEqflw0HrHU5rfEIq8_Vhn26sTITX4izoapWmvEyGNPvhsNN5NjpfOfB2GpGI93TmO4May5Y1A5-5dbvmFSvb--l6nYLIDf6N6dzq8RUJQMPnDWyFe1CEtqqmTe3BqudmZtaES6CkH9k3FeFleFPs-tVpOQCvkqfyEFbg2qE7uO6MJeLlGzXPOXzssYPWsNWOI0KJ--HpEMOOTjmX1isiqIvYyW0i1WH_l74RnPp4sDx1HeO5-SK5SiKBB9Ehw2Fwxy65pIevtZIJh4VbYM6eXqMP45H03lVK_OC4M34dGFC8kob0B9OEkk8GbGLzuBhB9Pj3gfpoRiZoZKv-IZuXJjZnGHYhCz45YZZBZgqGjwW1U9RUTQfsAs040yYLbBFABWV1B_1An0YlHx1EhDFfXm2seogq8RktgcAblxqkU5eFZ&quot;,&quot;sponsored&quot;:false,&quot;category&quot;:&quot;food&quot;,&quot;google_url&quot;:&quot;https://maps.google.com/?cid=8974791257332242607&amp;g_mp=Cidnb29nbGUubWFwcy5wbGFjZXMudjEuUGxhY2VzLlNlYXJjaFRleHQQAhgEIAA&quot;,&quot;doordash_url&quot;:&quot;https://www.doordash.com/search/store/Cumbia+Omaha&quot;,&quot;ubereats_url&quot;:&quot;https://www.ubereats.com/search?q=Cumbia+Omaha&quot;,&quot;grubhub_url&quot;:&quot;https://www.grubhub.com/search?queryText=Cumbia+Omaha&quot;,&quot;order_url&quot;:&quot;https://www.google.com/search?q=Cumbia+Omaha+329+S+16th+St+%231%2C+Omaha%2C+NE+68102%2C+USA+order+online+delivery&quot;,&quot;open_now&quot;:true},{&quot;id&quot;:&quot;94ae48d9-dc77-45b3-b68a-77b8840cbfb9&quot;,&quot;name&quot;:&quot;Le Bouillon&quot;,&quot;cuisine&quot;:&quot;Restaurant&quot;,&quot;price&quot;:&quot;$$$&quot;,&quot;rating&quot;:4.5,&quot;distance&quot;:0.2,&quot;lat&quot;:41.255322199999995,&quot;lng&quot;:-95.9300667,&quot;address&quot;:&quot;1017 Howard St, Omaha, NE 68102, USA&quot;,&quot;description&quot;:&quot;1017 Howard St, Omaha, NE 68102, USA&quot;,&quot;image&quot;:&quot;https://images.unsplash.com/photo-1564759296729-771e78c26df7?q=80&amp;w=800&amp;auto=compress&amp;cs=tinysrgb&quot;,&quot;photo_url&quot;:&quot;/api/places/photo?name=places%2FChIJD6nTjqWPk4cRv17_WELW2eM%2Fphotos%2FAWCwydgb5b0FIXkwalzWLjcPB3m1VPXGt_BphothpVwW-C_-glIxEGDMFby2jaQjhzjV09w93C44KfUe6-RJdOR7xuX9dd5AYh2r2MRrzTEOA5NKhZdV2XvnVI76XMKU2JDg9lkNV-NRJmxWBI2Ms6ecsEv2q7QaOUjPk-PgyOKFhGI7ftKcBgccXycYFVP_nFuU3ISZM3a9ovsYccxdusoUPPBM6EOtzVvY5DTisGQX8x0isiURF0jPF4xyp1holo8YlB63pHaASY3RHWPATsxQK7aJ6L5R0dh2ld9BiWuOonlUWMT6zvAkmfBo4zGw_gzs4FGMPWDoccBBDdWhVo_JzZPrbYjbs6bLf2Jjh_iKLRwifT2LdXJGIYy4Kt0_nQLoft68nnsnKOCGVV4drQFsYPSQ6Bvdsg5lNNcYtFaPsd0f3G0&quot;,&quot;sponsored&quot;:false,&quot;category&quot;:&quot;food&quot;,&quot;google_url&quot;:&quot;https://maps.google.com/?cid=16418389497005170367&amp;g_mp=Cidnb29nbGUubWFwcy5wbGFjZXMudjEuUGxhY2VzLlNlYXJjaFRleHQQAhgEIAA&quot;,&quot;doordash_url&quot;:&quot;https://www.doordash.com/search/store/Le+Bouillon&quot;,&quot;ubereats_url&quot;:&quot;https://www.ubereats.com/search?q=Le+Bouillon&quot;,&quot;grubhub_url&quot;:&quot;https://www.grubhub.com/search?queryText=Le+Bouillon&quot;,&quot;order_url&quot;:&quot;https://www.google.com/search?q=Le+Bouillon+1017+Howard+St%2C+Omaha%2C+NE+68102%2C+USA+order+online+delivery&quot;,&quot;open_now&quot;:true},{&quot;id&quot;:&quot;6ce5eaf2-3d2b-4e1e-84aa-80376bb73f01&quot;,&quot;name&quot;:&quot;Omaha Tap House - Downtown&quot;,&quot;cuisine&quot;:&quot;American&quot;,&quot;price&quot;:&quot;$$&quot;,&quot;rating&quot;:4.4,&quot;distance&quot;:0.1,&quot;lat&quot;:41.2574366,&quot;lng&quot;:-95.9347698,&quot;address&quot;:&quot;1401 Farnam St, Omaha, NE 68102, USA&quot;,&quot;description&quot;:&quot;1401 Farnam St, Omaha, NE 68102, USA&quot;,&quot;image&quot;:&quot;https://images.unsplash.com/photo-1565895405140-6b9830a88c19?q=80&amp;w=800&amp;auto=compress&amp;cs=tinysrgb&quot;,&quot;photo_url&quot;:&quot;/api/places/photo?name=places%2FChIJ28p4E66Pk4cRSc9VG60uwwc%2Fphotos%2FAWCwydiWiXFPkcSuVP5SaBsmVU9iW2rfzHlbjhVFN7MyNrrDNbKPD6QRyYd66nJNVTapETrKjzUl42tpnUB3BsdswV5Ng4jI0mH9oSbU46rlHEijHcR370sMwjeUUScAF8KRqyrXPQnmOIJ7C-63hPRYItUgSHXC7Vt2Dv2IehOKT5viIv_UoFH5OHUKSxC_aunpVP-EhQTss-vc_mqMTx0SSIz1oo7CH8DmRRWGLcoa6PDJ1it9gb_2e_zz7XY9iuTLJK5ozqaYjMwb8S8gMTII8pxYObJjWNvKyceedyLVfLcLNGCm_8xnK0ETpvC7z3fCY5F8YOIoXCXkLYlenWDrnjPQJBvaBR5Y0_qip64KHh520eFSZ2Rfp561LwAEY-HIxHjQRu2ZPALytjxc4Wmvz7Mi0-KB_EgOi-2nErYc8iHQgw&quot;,&quot;sponsored&quot;:false,&quot;category&quot;:&quot;food&quot;,&quot;google_url&quot;:&quot;https://maps.google.com/?cid=559342099746901833&amp;g_mp=Cidnb29nbGUubWFwcy5wbGFjZXMudjEuUGxhY2VzLlNlYXJjaFRleHQQAhgEIAA&quot;,&quot;doordash_url&quot;:&quot;https://www.doordash.com/search/store/Omaha+Tap+House+-+Downtown&quot;,&quot;ubereats_url&quot;:&quot;https://www.ubereats.com/search?q=Omaha+Tap+House+-+Downtown&quot;,&quot;grubhub_url&quot;:&quot;https://www.grubhub.com/search?queryText=Omaha+Tap+House+-+Downtown&quot;,&quot;order_url&quot;:&quot;https://www.google.com/search?q=Omaha+Tap+House+-+Downtown+1401+Farnam+St%2C+Omaha%2C+NE+68102%2C+USA+order+online+delivery&quot;,&quot;open_now&quot;:true},{&quot;id&quot;:&quot;5124644b-60c6-4108-bd54-72f486810457&quot;,&quot;name&quot;:&quot;Dirty Birds&quot;,&quot;cuisine&quot;:&quot;Meal Takeaway&quot;,&quot;price&quot;:&quot;$$&quot;,&quot;rating&quot;:4.8,&quot;distance&quot;:0.3,&quot;lat&quot;:41.255359899999995,&quot;lng&quot;:-95.9391687,&quot;address&quot;:&quot;1722 St Marys Ave, Omaha, NE 68102, USA&quot;,&quot;description&quot;:&quot;1722 St Marys Ave, Omaha, NE 68102, USA&quot;,&quot;image&quot;:&quot;https://images.unsplash.com/photo-1565895405140-6b9830a88c19?q=80&amp;w=800&amp;auto=compress&amp;cs=tinysrgb&quot;,&quot;photo_url&quot;:&quot;/api/places/photo?name=places%2FChIJJWquAD-Pk4cRIs2xpQXQhZc%2Fphotos%2FAWCwydjh5ZUDrvt15hgjIUhKG7bnc1_kbYfwG9rotkk4RSOYnFDvFrMLFmYtlpg0jZZ2ffPeChDzXjDs6lmos6C7Sgelk2lFVmXPA4Jg5dVBKlCYCe3Y228CsTlfogsA4-j_AYJNxZeBU6z1irguLgRUoCOn_It9rT8h0tqm6q0IU2xXaGe3Jn1XzH-BLKGO8xR-_IT9uYg5u1ZKJNoWY2-YiFy-Nqn6sfP7SrBbiG9XqK5x-_iSBc3zuLxPzn6cvVnvZiOX4GRaKd76VRXovN13nf0W4o7lVHAZ7EN5j-233fdoPll0mL-VsiHz33eaXt82i4jMWsutws9_5FGgInFvRbA6Cm8GKgimYpWbJ_eVK5CtGH1dzdJHIErsR7_wrFqPiUHMFEaw9B0K1Cgd80EwLVrm-0T8LDlTIjoFwQ4IFVx2Tks-6EfdPNusqZzUMZ_F&quot;,&quot;sponsored&quot;:false,&quot;category&quot;:&quot;food&quot;,&quot;google_url&quot;:&quot;https://maps.google.com/?cid=10918361594302942498&amp;g_mp=Cidnb29nbGUubWFwcy5wbGFjZXMudjEuUGxhY2VzLlNlYXJjaFRleHQQAhgEIAA&quot;,&quot;doordash_url&quot;:&quot;https://www.doordash.com/search/store/Dirty+Birds&quot;,&quot;ubereats_url&quot;:&quot;https://www.ubereats.com/search?q=Dirty+Birds&quot;,&quot;grubhub_url&quot;:&quot;https://www.grubhub.com/search?queryText=Dirty+Birds&quot;,&quot;order_url&quot;:&quot;https://www.google.com/search?q=Dirty+Birds+1722+St+Marys+Ave%2C+Omaha%2C+NE+68102%2C+USA+order+online+delivery&quot;,&quot;open_now&quot;:false},{&quot;id&quot;:&quot;1345003b-6246-4e40-9cc7-9c69f380166e&quot;,&quot;name&quot;:&quot;The Stuffed Olive - Omaha&quot;,&quot;cuisine&quot;:&quot;Bar&quot;,&quot;price&quot;:&quot;$$&quot;,&quot;rating&quot;:4.7,&quot;distance&quot;:0.4,&quot;lat&quot;:41.260883299999996,&quot;lng&quot;:-95.93077480000001,&quot;address&quot;:&quot;1140 Capitol Ave, Omaha, NE 68102, USA&quot;,&quot;description&quot;:&quot;1140 Capitol Ave, Omaha, NE 68102, USA&quot;,&quot;image&quot;:&quot;https://images.unsplash.com/photo-1565895405140-6b9830a88c19?q=80&amp;w=800&amp;auto=compress&amp;cs=tinysrgb&quot;,&quot;photo_url&quot;:&quot;/api/places/photo?name=places%2FChIJjeMdAEiPk4cRJTCawde6IFk%2Fphotos%2FAWCwydgNZ57761lgJIuJ8LcPs9jh0rh2zHeyL4QP5X4fbyXh2WHvSh9ard32BHGG1DYJ9YN6IZC3MrPUTyybXkhzPQ22LFfWEqhfWEJPOtTYo6VwEIdIJ26OH9x3px4lhUBQObyHxKq9LpDPOVEZjS4eV0a6pYfMgOvXshSoz998KJV5L7XFvV41dcycf4SVeeAEhpVdZxYzGSsCpfGF8t8lyod8i52tFLZvFHqmbC1cDCwRgFP6mySAJJq92atWcX3KnlHeKyKtsxw0tz-QRFeA680DZYGXX7dckw_9PAN4nTEqO38ipbsW2FsPB4zMxVh43sEbYo93ysvD7NSroeKT8LiRlSLp5iA8f0La0frLYAxlTf2IvUVhxDPrJyH5JIpe8teZXALY9hMPa67ojfLf3rXYbek7uBQNnQTUPfFLigl-ZjVB&quot;,&quot;sponsored&quot;:false,&quot;category&quot;:&quot;food&quot;,&quot;google_url&quot;:&quot;https://maps.google.com/?cid=6422338504459169829&amp;g_mp=Cidnb29nbGUubWFwcy5wbGFjZXMudjEuUGxhY2VzLlNlYXJjaFRleHQQAhgEIAA&quot;,&quot;doordash_url&quot;:&quot;https://www.doordash.com/search/store/The+Stuffed+Olive+-+Omaha&quot;,&quot;ubereats_url&quot;:&quot;https://www.ubereats.com/search?q=The+Stuffed+Olive+-+Omaha&quot;,&quot;grubhub_url&quot;:&quot;https://www.grubhub.com/search?queryText=The+Stuffed+Olive+-+Omaha&quot;,&quot;order_url&quot;:&quot;https://www.google.com/search?q=The+Stuffed+Olive+-+Omaha+1140+Capitol+Ave%2C+Omaha%2C+NE+68102%2C+USA+order+online+delivery&quot;,&quot;open_now&quot;:true},{&quot;id&quot;:&quot;2da4cfa7-8776-475c-840c-c67653073720&quot;,&quot;name&quot;:&quot;M's Pub&quot;,&quot;cuisine&quot;:&quot;Restaurant&quot;,&quot;price&quot;:&quot;$$&quot;,&quot;rating&quot;:4.5,&quot;distance&quot;:0.2,&quot;lat&quot;:41.2557458,&quot;lng&quot;:-95.93081409999999,&quot;address&quot;:&quot;422 S 11th St, Omaha, NE 68102, USA&quot;,&quot;description&quot;:&quot;422 S 11th St, Omaha, NE 68102, USA&quot;,&quot;image&quot;:&quot;https://images.unsplash.com/photo-1663530761401-15eefb544889?q=80&amp;w=800&amp;auto=compress&amp;cs=tinysrgb&quot;,&quot;photo_url&quot;:&quot;/api/places/photo?name=places%2FChIJfTRTfK-Pk4cRSt6O3k_NPZQ%2Fphotos%2FAWCwydg-Kx_3VNu2uWC2TdnSgzhS9gfHHwz7Hn8hMFAnOLlW2hZVuXxqwtddGnUPKOLZIfUeLx4Ifm7BoUkyG5yx0Ul0U7ib-604gbHvwpDiZmpIW8od2817v1U1aNjT68-DL9s_r7AGP1QJT8D_5DD71padjzV30X6UXHpKkLvkpZFCbqvHRKW2SDvcH5XBCIls577RGKA3qB0iI4-ZhUc3oqRWYLlIP9pvDAc9jgA374aA0zSC3TTzieDgnRsUGPfgmJIe1q6Ft5thpXhPiu6zvl_ZHnY32r51404tKO1ILRJsbC2ESe5RisfkWjCkrhl8BanaXoovN1RFsEMF7t9iLAO5MZ_sxAB_dEySeERtDIdvBCxvCbYvptKAojIbgr_OncBmpzTdgKFQC9nNg6dUkq6rrFPHPENX0CKe46OPlLWtBQ&quot;,&quot;sponsored&quot;:false,&quot;category&quot;:&quot;food&quot;,&quot;google_url&quot;:&quot;https://maps.google.com/?cid=10681919634112699978&amp;g_mp=Cidnb29nbGUubWFwcy5wbGFjZXMudjEuUGxhY2VzLlNlYXJjaFRleHQQAhgEIAA&quot;,&quot;doordash_url&quot;:&quot;https://www.doordash.com/search/store/M%27s+Pub&quot;,&quot;ubereats_url&quot;:&quot;https://www.ubereats.com/search?q=M%27s+Pub&quot;,&quot;grubhub_url&quot;:&quot;https://www.grubhub.com/search?queryText=M%27s+Pub&quot;,&quot;order_url&quot;:&quot;https://www.google.com/search?q=M%27s+Pub+422+S+11th+St%2C+Omaha%2C+NE+68102%2C+USA+order+online+delivery&quot;,&quot;open_now&quot;:true},{&quot;id&quot;:&quot;3925ce3f-3b01-42cf-abca-7c09ab16b921&quot;,&quot;name&quot;:&quot;Tupelo Honey Southern Kitchen &amp; Bar&quot;,&quot;cuisine&quot;:&quot;American&quot;,&quot;price&quot;:&quot;$$&quot;,&quot;rating&quot;:4.1,&quot;distance&quot;:0.4,&quot;lat&quot;:41.256631899999995,&quot;lng&quot;:-95.9276318,&quot;address&quot;:&quot;830 Harney St, Omaha, NE 68102, USA&quot;,&quot;description&quot;:&quot;830 Harney St, Omaha, NE 68102, USA&quot;,&quot;image&quot;:&quot;https://images.unsplash.com/photo-1564759296729-771e78c26df7?q=80&amp;w=800&amp;auto=compress&amp;cs=tinysrgb&quot;,&quot;photo_url&quot;:&quot;/api/places/photo?name=places%2FChIJOXZm_qSPk4cRWHYpa8W-s8E%2Fphotos%2FAWCwydiQWO_JTz1Yj4PWG2cl5QWSfej4EXOuevsKE5k0-N1qq1jFKTcwiax9XHQa965qFsDu09-rsUkRLU_eGJr7vNnQnjpttyYMvoJW_Dg0mflbae21hDvh9JpWYuxRhvoch16K8hrgdvKct-jL7J2vX41gxq1KL5zoqzTglKMwnPz2lmNek-dtXZXgDBvj-ljw1_gGZKH4e0sATBS9z_9lgaQsNugyL13_NTC6xGW1_1zaNV3XIbRmf3jEhiqptYSUqVPW33IntTe0bl8sBxSKCN_Wj-O0MiVwocGLoc9XDX60i1BBR455Lf0-OlFMeLOPSJmssx5VNSqzU_AjJgU9-s8I6EiRG-ZXwFTiQ5BYJ5uA6Wys6yh5qVO3FIruV1WlsfTFtvQGixNIMhkDbrS_Lgsc83GTu_niyFwt3dtYCc0g_0SRvFjLmVZSKRvOiw&quot;,&quot;sponsored&quot;:false,&quot;category&quot;:&quot;food&quot;,&quot;google_url&quot;:&quot;https://maps.google.com/?cid=13957709425267013208&amp;g_mp=Cidnb29nbGUubWFwcy5wbGFjZXMudjEuUGxhY2VzLlNlYXJjaFRleHQQAhgEIAA&quot;,&quot;doordash_url&quot;:&quot;https://www.doordash.com/search/store/Tupelo+Honey+Southern+Kitchen+%26+Bar&quot;,&quot;ubereats_url&quot;:&quot;https://www.ubereats.com/search?q=Tupelo+Honey+Southern+Kitchen+%26+Bar&quot;,&quot;grubhub_url&quot;:&quot;https://www.grubhub.com/search?queryText=Tupelo+Honey+Southern+Kitchen+%26+Bar&quot;,&quot;order_url&quot;:&quot;https://www.google.com/search?q=Tupelo+Honey+Southern+Kitchen+%26+Bar+830+Harney+St%2C+Omaha%2C+NE+68102%2C+USA+order+online+delivery&quot;,&quot;open_now&quot;:true},{&quot;id&quot;:&quot;4a2ae903-b469-4015-a9ec-02421a12a868&quot;,&quot;name&quot;:&quot;801 Chophouse&quot;,&quot;cuisine&quot;:&quot;Fine Dining&quot;,&quot;price&quot;:&quot;$$$$&quot;,&quot;rating&quot;:4.7,&quot;distance&quot;:0.1,&quot;lat&quot;:41.2572097,&quot;lng&quot;:-95.9349982,&quot;address&quot;:&quot;1403 Farnam St, Omaha, NE 68102, USA&quot;,&quot;description&quot;:&quot;1403 Farnam St, Omaha, NE 68102, USA&quot;,&quot;image&quot;:&quot;https://images.unsplash.com/photo-1657053460900-3a12f32b592f?q=80&amp;w=800&amp;auto=compress&amp;cs=tinysrgb&quot;,&quot;photo_url&quot;:&quot;/api/places/photo?name=places%2FChIJHb3kbK6Pk4cRBaoHZqBKfYI%2Fphotos%2FAWCwydjqZTw5NgehrPuU6fWf5amwVcoLMKKbzJBOR7EtpGb_tYMygsLiTT01ZBSD10g1e6mHj5aZfTneL6OgPjJcfZosJjIk1UpMSTQWQ3Px4Y98WUe3IpWwZAqqY7A662S4Ck9Ydv-Pp5LmjQ9pyxdIcnec3VUHVhqrLlmNpBIEGvcJTp2ryjBjwhOE0r9J4OQlQS9NNMlI9yIbfp9M9RGnktYg9d9Fdgwdk4rWB5QyW3cF9mV_ce82SGarUTSgDcHhZjk-U2OxvdpeNjnUikHxCc_slpjD117rPv9hf0ch9A3GAmXqyi6uNMdoy8VJNxHkbRmvmCNL_0C7FIAH8yWnTOUsdYfgokKpko6nk3GFI6b0gw-6Wve4-Osm3Pa7nIezc3j50L0HHJHhw8oA8mWz-50Gbd_NcQO4MIgZb2r8RX528g&quot;,&quot;sponsored&quot;:false,&quot;category&quot;:&quot;food&quot;,&quot;google_url&quot;:&quot;https://maps.google.com/?cid=9402753649786464773&amp;g_mp=Cidnb29nbGUubWFwcy5wbGFjZXMudjEuUGxhY2VzLlNlYXJjaFRleHQQAhgEIAA&quot;,&quot;doordash_url&quot;:&quot;https://www.doordash.com/search/store/801+Chophouse&quot;,&quot;ubereats_url&quot;:&quot;https://www.ubereats.com/search?q=801+Chophouse&quot;,&quot;grubhub_url&quot;:&quot;https://www.grubhub.com/search?queryText=801+Chophouse&quot;,&quot;order_url&quot;:&quot;https://www.google.com/search?q=801+Chophouse+1403+Farnam+St%2C+Omaha%2C+NE+68102%2C+USA+order+online+delivery&quot;,&quot;open_now&quot;:true},{&quot;id&quot;:&quot;31b59ce9-fbed-474e-92a8-a75385b0b20c&quot;,&quot;name&quot;:&quot;Cattle Call Restaurant &amp; Bar&quot;,&quot;cuisine&quot;:&quot;Restaurant&quot;,&quot;price&quot;:&quot;$$&quot;,&quot;rating&quot;:4.6,&quot;distance&quot;:0.2,&quot;lat&quot;:41.2574499,&quot;lng&quot;:-95.9373701,&quot;address&quot;:&quot;300 S 16th St, Omaha, NE 68102, USA&quot;,&quot;description&quot;:&quot;300 S 16th St, Omaha, NE 68102, USA&quot;,&quot;image&quot;:&quot;https://images.unsplash.com/photo-1564759296729-771e78c26df7?q=80&amp;w=800&amp;auto=compress&amp;cs=tinysrgb&quot;,&quot;photo_url&quot;:&quot;/api/places/photo?name=places%2FChIJZ-k0ZRmPk4cRF1-_9ulraGE%2Fphotos%2FAWCwydgmgRcj9cYMI_1ysTSP8njUAC9YgzJrGxoZgwT-WtOoD240lzY0MKrhezwsnHWBt6kLtMo1jY-at0YjE7aSoTgpPE1JkOVGJPLknxGjC2U0pfYPO6mcDGZb2ypRhGaeB7NFcPGZQ_mRnbhrAw0U7oWkR7Ncn2-eH5Aw4TzqtHvhvvFaVAS5Ea_cgwWVeXYiBNrbRiQQSx4I4Y_xb6cg4eDm9R6Pqv3t0Ch8iPV5jswWehiqHsbWnRLjzB_WI0mjMn0Qw_fZUVIviNI4NKb85gAmoG360kkQLrXQ6rhDnBO-7gRKyejo-Edq5ddxDi0SG4PYDtCHhH_Kpd-r-_IfFq15ilL-VrFY2fDSyMSvSbK3qFF7u3VSjd64ULCmq-T33cYdwPTpqdIGLwb_tLIGjMaRWza7vwFhYZowvmqzVZ_WjdY&quot;,&quot;sponsored&quot;:false,&quot;category&quot;:&quot;food&quot;,&quot;google_url&quot;:&quot;https://maps.google.com/?cid=7018978671868206871&amp;g_mp=Cidnb29nbGUubWFwcy5wbGFjZXMudjEuUGxhY2VzLlNlYXJjaFRleHQQAhgEIAA&quot;,&quot;doordash_url&quot;:&quot;https://www.doordash.com/search/store/Cattle+Call+Restaurant+%26+Bar&quot;,&quot;ubereats_url&quot;:&quot;https://www.ubereats.com/search?q=Cattle+Call+Restaurant+%26+Bar&quot;,&quot;grubhub_url&quot;:&quot;https://www.grubhub.com/search?queryText=Cattle+Call+Restaurant+%26+Bar&quot;,&quot;order_url&quot;:&quot;https://www.google.com/search?q=Cattle+Call+Restaurant+%26+Bar+300+S+16th+St%2C+Omaha%2C+NE+68102%2C+USA+order+online+delivery&quot;,&quot;open_now&quot;:true},{&quot;id&quot;:&quot;bc221f6f-bb6b-4f63-bf5c-c142ebaa3911&quot;,&quot;name&quot;:&quot;Blatt Beer &amp; Table&quot;,&quot;cuisine&quot;:&quot;American&quot;,&quot;price&quot;:&quot;$$&quot;,&quot;rating&quot;:4.4,&quot;distance&quot;:0.6,&quot;lat&quot;:41.265573499999995,&quot;lng&quot;:-95.93207149999999,&quot;address&quot;:&quot;610 N 12th St, Omaha, NE 68102, USA&quot;,&quot;description&quot;:&quot;610 N 12th St, Omaha, NE 68102, USA&quot;,&quot;image&quot;:&quot;https://images.unsplash.com/photo-1657053460900-3a12f32b592f?q=80&amp;w=800&amp;auto=compress&amp;cs=tinysrgb&quot;,&quot;photo_url&quot;:&quot;/api/places/photo?name=places%2FChIJHT3xDbePk4cR_4BfAID8TqQ%2Fphotos%2FAWCwydj_Xtahlr8jvdI9llHcwbg1qFUzfMAey3sarRK9AAx1cWimMhDP1lQa8ThnYrBcnr6SAKOV4MC3sEOpOw33vc7rk5UPoM7j6lCa_-5zfrp550tMUoPlcj3eBOAgybeX0R7NxqZP3oY8LSn_JB7Ih_X16bTgUt6_foTFnGsfyQxHoKMb9me4CVCzf8woCVe_04LpjiW-_SWIUJ_E_YsybRQtqKbFYdY3fkjsz4oAsA49WfG5Rbv97xN1ZGLfk1a5LBpmYL7AqwMH4LPhP0KkwJp7IcbNHCFB10nR1hs0w8BsGk-4GBLJksLqMjNnazb3OTv0JNIfgu9B71LtmrN0SyhQPpej5ggg6TrtPC3POINd42kKNMnbfCGjGi7VbP9kVPU-CggeO2nX-OX8nobjgj0fCVDw8_Bp1pBqHL2jweQwX-c&quot;,&quot;sponsored&quot;:false,&quot;category&quot;:&quot;food&quot;,&quot;google_url&quot;:&quot;https://maps.google.com/?cid=11839678097095885055&amp;g_mp=Cidnb29nbGUubWFwcy5wbGFjZXMudjEuUGxhY2VzLlNlYXJjaFRleHQQAhgEIAA&quot;,&quot;doordash_url&quot;:&quot;https://www.doordash.com/search/store/Blatt+Beer+%26+Table&quot;,&quot;ubereats_url&quot;:&quot;https://www.ubereats.com/search?q=Blatt+Beer+%26+Table&quot;,&quot;grubhub_url&quot;:&quot;https://www.grubhub.com/search?queryText=Blatt+Beer+%26+Table&quot;,&quot;order_url&quot;:&quot;https://www.google.com/search?q=Blatt+Beer+%26+Table+610+N+12th+St%2C+Omaha%2C+NE+68102%2C+USA+order+online+delivery&quot;,&quot;open_now&quot;:true},{&quot;id&quot;:&quot;71926fcf-7052-4a09-a8ab-910c5a78c85c&quot;,&quot;name&quot;:&quot;The Boiler Room&quot;,&quot;cuisine&quot;:&quot;American&quot;,&quot;price&quot;:&quot;$$$&quot;,&quot;rating&quot;:4.6,&quot;distance&quot;:0.3,&quot;lat&quot;:41.2535192,&quot;lng&quot;:-95.93100629999999,&quot;address&quot;:&quot;1110 Jones St, Omaha, NE 68102, USA&quot;,&quot;description&quot;:&quot;1110 Jones St, Omaha, NE 68102, USA&quot;,&quot;image&quot;:&quot;https://images.unsplash.com/photo-1657053460900-3a12f32b592f?q=80&amp;w=800&amp;auto=compress&amp;cs=tinysrgb&quot;,&quot;photo_url&quot;:&quot;/api/places/photo?name=places%2FChIJvy_1saiPk4cRnzLSi7Tkk7c%2Fphotos%2FAWCwydg_OBv3WcKhRy-X25ckFrm1VwZ24JdMwl0e1D0GfDSObqrdW26jjqnJb89KFFVp0NKQFb0I8sVZg_nGQWUOajssOVJVzFsiM8Nvoz3kE7GRTpKDXds2OD4FgfdU1-3S3WhsPS6LhD3It9wCIFfmFcdD-y5MQ2rUTQnxkdiQVgvBqUzZWL1whH-oTAWI_JPPOwPWXQdRq2EQaCKjOvdLME7AIA3jIuraKQdjQuOLOVYXQrAK634x6HMlTwmCDJVX8-dpI-TM6nAfevUWRJYROYI7lfgYBNm-ErltGZXupY034EVyjZiKSbRCwsC6Zgdm32SaY8DS3W73bqWLLbObXtVRe94WuncB8K9cvJndbvdy-3BsqrfMxgSlHDVV3wsxfWVSm9RrXkA4vGZbQ6xtIdlmZDrDLjzHGOAUqEaMNLkxCfM&quot;,&quot;sponsored&quot;:false,&quot;category&quot;:&quot;food&quot;,&quot;google_url&quot;:&quot;https://maps.google.com/?cid=13228167994608333471&amp;g_mp=Cidnb29nbGUubWFwcy5wbGFjZXMudjEuUGxhY2VzLlNlYXJjaFRleHQQAhgEIAA&quot;,&quot;doordash_url&quot;:&quot;https://www.doordash.com/search/store/The+Boiler+Room&quot;,&quot;ubereats_url&quot;:&quot;https://www.ubereats.com/search?q=The+Boiler+Room&quot;,&quot;grubhub_url&quot;:&quot;https://www.grubhub.com/search?queryText=The+Boiler+Room&quot;,&quot;order_url&quot;:&quot;https://www.google.com/search?q=The+Boiler+Room+1110+Jones+St%2C+Omaha%2C+NE+68102%2C+USA+order+online+delivery&quot;,&quot;open_now&quot;:true},{&quot;id&quot;:&quot;d754d733-1cce-4b37-a506-a70b74267732&quot;,&quot;name&quot;:&quot;Spaghetti Works&quot;,&quot;cuisine&quot;:&quot;Italian&quot;,&quot;price&quot;:&quot;$$&quot;,&quot;rating&quot;:4.3,&quot;distance&quot;:0.2,&quot;lat&quot;:41.2553112,&quot;lng&quot;:-95.9308964,&quot;address&quot;:&quot;502 S 11th St, Omaha, NE 68102, USA&quot;,&quot;description&quot;:&quot;502 S 11th St, Omaha, NE 68102, USA&quot;,&quot;image&quot;:&quot;https://images.unsplash.com/photo-1657053460900-3a12f32b592f?q=80&amp;w=800&amp;auto=compress&amp;cs=tinysrgb&quot;,&quot;photo_url&quot;:&quot;/api/places/photo?name=places%2FChIJZyk3Zq-Pk4cR7S7QmMEUlL4%2Fphotos%2FAWCwydgS3en4Ay9_UeSyGWj0JEHvDe6a1z3Rkocp4tN3E4rVPU0IiHa5TPSVQurIExjPw9YVZGYkgS_ll22GR-y01GrVgx31CWnlT-Pt9Tf-Pnrx_uu_ibSwRz94ify0m-8egrXF5ZoPfk_0ck1dQ2zlSLJ1J0vkJxie0vopHR0SXDTObn4Rp9iwCClBCh-wno-e1LGBq34sRO7rAF2sx1Qpa7aa1FLw8wOaQZLJ0u7XuW4-ICTYPfXM2wfSM8z32MqeH7939bcV3nvhT9wa4vz_18rkZyp5CnXlHBmMmYZCI59JtqiS6oDVUhG2HItYzzzFhj2SnIo4WMsTZGKPUJXNFRT971A9unyn3gQUmcB3Gy5Jd-W-ioKARvJ1oMmCA3KeFg2A-RnUeDnfbU1jDd5wR5ZAal_OaMUO7HMjh0hrl5lVCiE&quot;,&quot;sponsored&quot;:false,&quot;category&quot;:&quot;food&quot;,&quot;google_url&quot;:&quot;https://maps.google.com/?cid=13732623985484508909&amp;g_mp=Cidnb29nbGUubWFwcy5wbGFjZXMudjEuUGxhY2VzLlNlYXJjaFRleHQQAhgEIAA&quot;,&quot;doordash_url&quot;:&quot;https://www.doordash.com/search/store/Spaghetti+Works&quot;,&quot;ubereats_url&quot;:&quot;https://www.ubereats.com/search?q=Spaghetti+Works&quot;,&quot;grubhub_url&quot;:&quot;https://www.grubhub.com/search?queryText=Spaghetti+Works&quot;,&quot;order_url&quot;:&quot;https://www.google.com/search?q=Spaghetti+Works+502+S+11th+St%2C+Omaha%2C+NE+68102%2C+USA+order+online+delivery&quot;,&quot;open_now&quot;:true},{&quot;id&quot;:&quot;f56913b5-b328-4918-9b36-a6d72d21e723&quot;,&quot;name&quot;:&quot;The Verdict Bar &amp; Grill&quot;,&quot;cuisine&quot;:&quot;Bar And Grill&quot;,&quot;price&quot;:&quot;$$&quot;,&quot;rating&quot;:4.3,&quot;distance&quot;:0.3,&quot;lat&quot;:41.2562182,&quot;lng&quot;:-95.9410592,&quot;address&quot;:&quot;1901 Harney St, Omaha, NE 68102, USA&quot;,&quot;description&quot;:&quot;1901 Harney St, Omaha, NE 68102, USA&quot;,&quot;image&quot;:&quot;https://images.unsplash.com/photo-1657053460900-3a12f32b592f?q=80&amp;w=800&amp;auto=compress&amp;cs=tinysrgb&quot;,&quot;photo_url&quot;:&quot;/api/places/photo?name=places%2FChIJVzoPzVKOk4cRkA00dduTXS4%2Fphotos%2FAWCwydjdmIU5xJTje4BPCzZjzVXIzNIOQDKg7MTsXGU0VWsjyI59XR68J7YiAzu7vnhj5MFqCsmR1yGAw-Q184UpXXRm-BplTQnvbT5Z4XB5EOvbclb3Bx4r0Bmh3TZYOx7K7aEK2IDPvDJwrGQgyoNe6PDJXh03WkoLH1WSn85Pt-1YSp2XMhKIBe55u627uoAAkDuAzakgHFcAmiovBLGOhqfkK6Kjg3Y49QSPkg14lhazPcucv7Ag8Z5oSXDi1MuVMU_SZ3sBnDI8u-h7Zg5YZ0SIQuKktgxwqkBVDqAH_lPltoclUr_NdU00LHhqBJZje4NNIriZWOckX5_rfm3mWH2aNdmeBhcYeYatqMnvkVsx3igVET4Mpb3knoQIVWL6PFRlQTZX_-Xg0F1IJouiyjPYt-xXeLzChNg-F6xs6PP6ij-K&quot;,&quot;sponsored&quot;:false,&quot;category&quot;:&quot;food&quot;,&quot;google_url&quot;:&quot;https://maps.google.com/?cid=3340989069352242576&amp;g_mp=Cidnb29nbGUubWFwcy5wbGFjZXMudjEuUGxhY2VzLlNlYXJjaFRleHQQAhgEIAA&quot;,&quot;doordash_url&quot;:&quot;https://www.doordash.com/search/store/The+Verdict+Bar+%26+Grill&quot;,&quot;ubereats_url&quot;:&quot;https://www.ubereats.com/search?q=The+Verdict+Bar+%26+Grill&quot;,&quot;grubhub_url&quot;:&quot;https://www.grubhub.com/search?queryText=The+Verdict+Bar+%26+Grill&quot;,&quot;order_url&quot;:&quot;https://www.google.com/search?q=The+Verdict+Bar+%26+Grill+1901+Harney+St%2C+Omaha%2C+NE+68102%2C+USA+order+online+delivery&quot;,&quot;open_now&quot;:true},{&quot;id&quot;:&quot;58f4f788-026f-4ebf-9375-049e6f875399&quot;,&quot;name&quot;:&quot;Dynamite Woodfire Grill&quot;,&quot;cuisine&quot;:&quot;Western&quot;,&quot;price&quot;:&quot;$$&quot;,&quot;rating&quot;:4.3,&quot;distance&quot;:0.1,&quot;lat&quot;:41.257362199999996,&quot;lng&quot;:-95.93298209999999,&quot;address&quot;:&quot;1200 Landmark Center, 1299 Farnam St, Omaha, NE 68102, USA&quot;,&quot;description&quot;:&quot;1200 Landmark Center, 1299 Farnam St, Omaha, NE 68102, USA&quot;,&quot;image&quot;:&quot;https://images.unsplash.com/photo-1565895405140-6b9830a88c19?q=80&amp;w=800&amp;auto=compress&amp;cs=tinysrgb&quot;,&quot;photo_url&quot;:&quot;/api/places/photo?name=places%2FChIJv8ujtq-Pk4cREiJCo3_KHtc%2Fphotos%2FAWCwydgcixc6j8S2g2U4w6xDg9KKAqLt7pRusvTx2CjsPPiKEcFBcbFpkxm07S-XxbhJBJjhFQ_Tb59VsR7fU5CG0kgTgkZJykFhY9yH7_KCAmyZqQPPXEz3Fch3M5fjOhZg7eonNYeKq5K-JXHlb6cV5dYm0kSVwAEmT0V0SccwB-oXGOUKtJWCj_YBiOiTizVlMXnH59NzcHggpmZPaPu5aoBoX9b4Vbil7RRiS5GfkbCFP-JgIYSkcvXnRGOMdZg_q5Pfhn8XnYEsRtghnUswAKZ3IvPc2N5eyXwIehCjl2YngY2bJiL1p9sWj88lEMpYCc3Yu-amPEQmsReG90We42ZLVlDWeuSDItucP01NJ-AWvcLJ70qYc6bkHaQcsnmjHIXqLjp0qTxRFB2JhEQiC1rfMpytZuI2v2xfJcmw_8M26RE&quot;,&quot;sponsored&quot;:false,&quot;category&quot;:&quot;food&quot;,&quot;google_url&quot;:&quot;https://maps.google.com/?cid=15501049617004503570&amp;g_mp=Cidnb29nbGUubWFwcy5wbGFjZXMudjEuUGxhY2VzLlNlYXJjaFRleHQQAhgEIAA&quot;,&quot;doordash_url&quot;:&quot;https://www.doordash.com/search/store/Dynamite+Woodfire+Grill&quot;,&quot;ubereats_url&quot;:&quot;https://www.ubereats.com/search?q=Dynamite+Woodfire+Grill&quot;,&quot;grubhub_url&quot;:&quot;https://www.grubhub.com/search?queryText=Dynamite+Woodfire+Grill&quot;,&quot;order_url&quot;:&quot;https://www.google.com/search?q=Dynamite+Woodfire+Grill+1200+Landmark+Center%2C+1299+Farnam+St%2C+Omaha%2C+NE+68102%2C+USA+order+online+delivery&quot;,&quot;open_now&quot;:true}]}&#10;assert 200 == 400&#10; +  where 200 = &lt;Response [200]&gt;.status_code">backend/tests/test_place_query_destination.py:45: in test_invalid_place_query_returns_400
    assert r.status_code == 400, f"Expected 400, got {r.status_code}: {r.text}"
E   AssertionError: Expected 400, got 200: {"source":"google","restaurants":[{"id":"7280b62c-1c45-40f3-af4d-5546b28d5452","name":"Twisted Fork","cuisine":"Bar And Grill","price":"$$","rating":4.3,"distance":0.2,"lat":41.255594,"lng":-95.9299499,"address":"1014 Howard St, Omaha, NE 68102, USA","description":"1014 Howard St, Omaha, NE 68102, USA","image":"https://images.unsplash.com/photo-1663530761401-15eefb544889?q=80&amp;w=800&amp;auto=compress&amp;cs=tinysrgb","photo_url":"/api/places/photo?name=places%2FChIJZze3haWPk4cRv_iLiI8Vi-8%2Fphotos%2FAWCwydgzS-6Z1HVtME4M4Ibs9WO9A5JJWt69nKtHUd9wsubBTxxtQiQBOc4e0NDCYl8OA7yi9kwnAh6UpF_w-oJgxIrcelEToDlXddWZ3n_it_2AKimwL23l0hYtJj_Gn8KhGYc6UwLTrwRoVtoHYyErPplBtuNP9lanbngu9rdEZ1-_mR1PdvIiPnfdyZ69pPgHcNFo3j6MKqUmm7gBc2rCvzsXX-e0WsVF50xWqMQfglok0jWE7vTllvg9N8Qv3atMqfWDJ07bjPEpW73MXFkyPPJBEvoQw3OCftKs1bmr6R6y3ip_d2RqbjsiL03fzHiamz-BOfTBfmjXKGRbh_M1fhV08KXDhV8Z6UZ0GL3d21_ratyLG6rC8sRgPMmnE1L8q2bbE4dkOOhU_R-j3MQCE7RIQTH0w9BPdsV9ae57vvD6gxF8","sponsored":false,"category":"food","google_url":"https://maps.google.com/?cid=17260913703042939071&amp;g_mp=Cidnb29nbGUubWFwcy5wbGFjZXMudjEuUGxhY2VzLlNlYXJjaFRleHQQAhgEIAA","doordash_url":"https://www.doordash.com/search/store/Twisted+Fork","ubereats_url":"https://www.ubereats.com/search?q=Twisted+Fork","grubhub_url":"https://www.grubhub.com/search?queryText=Twisted+Fork","order_url":"https://www.google.com/search?q=Twisted+Fork+1014+Howard+St%2C+Omaha%2C+NE+68102%2C+USA+order+online+delivery","open_now":true},{"id":"3aee6995-88a7-436e-9114-3ad0cf13c86b","name":"Upstream Brewing Company","cuisine":"Brewery","price":"$$","rating":4.4,"distance":0.2,"lat":41.25472,"lng":-95.93087899999999,"address":"514 S 11th St, Omaha, NE 68102, USA","description":"514 S 11th St, Omaha, NE 68102, USA","image":"https://images.unsplash.com/photo-1663530761401-15eefb544889?q=80&amp;w=800&amp;auto=compress&amp;cs=tinysrgb","photo_url":"/api/places/photo?name=places%2FChIJDaFgXK-Pk4cReJseA3695NQ%2Fphotos%2FAWCwydjXNKmeo72Z9FBhXOzbv_ShsiI5r5R5HUirry-gQ4r5bpdiIWxjdi50vKvlO4yuIcxy4cgfV725wKIV0LPAGJ3ncFXk8VDAGcy4wQ7AoQ5aNmiRoZp_xgvgkSvazzmLAnsTqfDB7WVZpMK6LuweBapR6Udh58YXYbzfbsaBm-WdgkiI1FBKkSbC1YJhgmbwjonukXrNnYYJMqcmgCIBkmtUQYJgN8AMrgkHo5Ql2R_MQZStGN8RlEs8TrWDWgfjNrAd3HKGmeINDbAVmDX6kA8Llm7KFVU9GX2Ru9xjBKoPUOEaQhHTjnk7q-FmX51NOqs2hmLHKC14_LgPnINX-Sg02MqlEI3eqWrmVGor17y98rwye3GqA-zIXNjWoLn5EXvRVjzoQOZZ0WuyD-Af0mRozGqEtUgLZf--zCxlyImtGJU","sponsored":false,"category":"food","google_url":"https://maps.google.com/?cid=15340594579646618488&amp;g_mp=Cidnb29nbGUubWFwcy5wbGFjZXMudjEuUGxhY2VzLlNlYXJjaFRleHQQAhgEIAA","doordash_url":"https://www.doordash.com/search/store/Upstream+Brewing+Company","ubereats_url":"https://www.ubereats.com/search?q=Upstream+Brewing+Company","grubhub_url":"https://www.grubhub.com/search?queryText=Upstream+Brewing+Company","order_url":"https://www.google.com/search?q=Upstream+Brewing+Company+514+S+11th+St%2C+Omaha%2C+NE+68102%2C+USA+order+online+delivery","open_now":true},{"id":"034ec8a7-ce76-491e-8563-1bbf922df393","name":"Memoir","cuisine":"American","price":"$$","rating":4.7,"distance":0.3,"lat":41.256691599999996,"lng":-95.9286107,"address":"930 Harney St, Omaha, NE 68102, USA","description":"930 Harney St, Omaha, NE 68102, USA","image":"https://images.unsplash.com/photo-1564759296729-771e78c26df7?q=80&amp;w=800&amp;auto=compress&amp;cs=tinysrgb","photo_url":"/api/places/photo?name=places%2FChIJg7zQDKWPk4cRWmep5NdnByI%2Fphotos%2FAWCwydgE2IBz7OJoA0S3tITfUGZV_PXXGo4TQNP2oNmnQfCU3zhL6JbhlCtq8PIjfVKvEqv1rm4rH0QxuKItrvYZqBZQWGv58PE8YhAQRgn7DIAsGeJPsdvphrGw8oWHRsS1TqFoGtpCwmXnXPa__S-qmu7yF9KDg3pvcCXTb_iRxAKvPRcB_RNqsKLzzXdzsXkzpqN6u1VmPXK-j02pnJLOVCcs_iLofVChHk1L1d_qYJldy7F3f0WqPaHe6YW5LZc4Elcszo3i2f18cldKAI0du6XbUx1rw8IDtagHpxLbsdbCF7Mt15MKgef93GZVLXcSg5R7App6Jlwb_UbLHXhHgTZmVDUbD1xLdBoUBVtc3L9z6tQSwr0W_AVbgEmXQCMU4u-Lmz9r-ViCp_M76O5c_E3kQYhiPIl9BClDw77xCQPzhQ","sponsored":false,"category":"food","google_url":"https://maps.google.com/?cid=2452042699078461274&amp;g_mp=Cidnb29nbGUubWFwcy5wbGFjZXMudjEuUGxhY2VzLlNlYXJjaFRleHQQAhgEIAA","doordash_url":"https://www.doordash.com/search/store/Memoir","ubereats_url":"https://www.ubereats.com/search?q=Memoir","grubhub_url":"https://www.grubhub.com/search?queryText=Memoir","order_url":"https://www.google.com/search?q=Memoir+930+Harney+St%2C+Omaha%2C+NE+68102%2C+USA+order+online+delivery","open_now":true},{"id":"84ede898-73fc-4a53-85af-d4756d5f965b","name":"Jams Old Market","cuisine":"American","price":"$$","rating":4.3,"distance":0.2,"lat":41.256381999999995,"lng":-95.93086459999999,"address":"1101 Harney St, Omaha, NE 68102, USA","description":"1101 Harney St, Omaha, NE 68102, USA","image":"https://images.unsplash.com/photo-1663530761401-15eefb544889?q=80&amp;w=800&amp;auto=compress&amp;cs=tinysrgb","photo_url":"/api/places/photo?name=places%2FChIJkweeeK-Pk4cRTfIV3LZygXk%2Fphotos%2FAWCwydhprplzUN8Yui-d3_7Dtnuf-Q4Gcf5VdGqN_HOdwqyLK47TUXYwOeqVgUBXW7N0b4MIoSElMxUArkG8KifTZoWwW-LxQDhSfxGwiTgNAJ9oi3MkYbuosZ4uRSY2Dpk2qU_D0zrIwIuhfj20jvIOwQRf7KRZN7zER21up1iILTedswGqlFzKgP_L8yeFmE6d-dV1pTkGK29RvYS2KxE9coYeP_HrZtgyjWxgotZvZ2eOhz67rqlkMt4k7wMSPnMLwBsh6QML8_ZKNdCF8ZoZIvdA28zCopH2W4r_YVD3NCj864lCNvq0ePEgC1uxtBYl-c_Pkzg2zH-urpjPephDQcm2rIyCvFeiUoR0hpIhWumVs7jyZLucs9U5ctFQdOYmqwQTUgwmNtncmjw11lfp82ZXeX8rTmTWAQSblkVQVIRYMlPo","sponsored":false,"category":"food","google_url":"https://maps.google.com/?cid=8755405280286995021&amp;g_mp=Cidnb29nbGUubWFwcy5wbGFjZXMudjEuUGxhY2VzLlNlYXJjaFRleHQQAhgEIAA","doordash_url":"https://www.doordash.com/search/store/Jams+Old+Market","ubereats_url":"https://www.ubereats.com/search?q=Jams+Old+Market","grubhub_url":"https://www.grubhub.com/search?queryText=Jams+Old+Market","order_url":"https://www.google.com/search?q=Jams+Old+Market+1101+Harney+St%2C+Omaha%2C+NE+68102%2C+USA+order+online+delivery","open_now":true},{"id":"7ba77ac2-542d-4aa8-8abc-0e7d714bf987","name":"Jackson Street Tavern","cuisine":"American","price":"$$","rating":4.5,"distance":0.2,"lat":41.2542672,"lng":-95.931515,"address":"1125 Jackson St, Omaha, NE 68102, USA","description":"1125 Jackson St, Omaha, NE 68102, USA","image":"https://images.unsplash.com/photo-1565895405140-6b9830a88c19?q=80&amp;w=800&amp;auto=compress&amp;cs=tinysrgb","photo_url":"/api/places/photo?name=places%2FChIJx9v_SK-Pk4cRbGl9y-AMCiU%2Fphotos%2FAWCwydgqp_hMC0lIFRGFEdVZqtcPViXbRHcaI5f9yKyaBxKSFmnbGX7KR58T-Othm_q1nH6MdQsD0_bVWp94zaw0BtmkLMmoJjzdW4XycOhmKR9qdfVygRd8SRRrwswHa-6dxWYe-BStD1p-EbWC1Vj1Ulfe9BJm6Di_kzrB7JtgJseogGBiS1KRGJWW0e5xjDh7yGXpBdEIa10BG0jISb9wqtwU6-IYXI8kfa7QUBuF0ptOzjGFgUgLPfS4pydIDOpu9xx8xQoyncVBpwE-lllA9-Dr8TThEkHEy6aW-rT5Zhnb-2SmqwMxpEKGBKIXHzqBGmQU_75rmLyE0pR5toiL497P4DpszQrLXe5jYO5N5mD47SfJNJx3WnAlKOZok2YJQtKDQOP-kfZ4lIJPoS8THa69_y1HvPLOIygQm3sF6hz2UQ","sponsored":false,"category":"food","google_url":"https://maps.google.com/?cid=2668959888796641644&amp;g_mp=Cidnb29nbGUubWFwcy5wbGFjZXMudjEuUGxhY2VzLlNlYXJjaFRleHQQAhgEIAA","doordash_url":"https://www.doordash.com/search/store/Jackson+Street+Tavern","ubereats_url":"https://www.ubereats.com/search?q=Jackson+Street+Tavern","grubhub_url":"https://www.grubhub.com/search?queryText=Jackson+Street+Tavern","order_url":"https://www.google.com/search?q=Jackson+Street+Tavern+1125+Jackson+St%2C+Omaha%2C+NE+68102%2C+USA+order+online+delivery","open_now":true},{"id":"124bd57a-dff3-48c0-8212-64ee81f08142","name":"Clio","cuisine":"Mediterranean","price":"$$","rating":4.7,"distance":0.1,"lat":41.25567720000001,"lng":-95.9322542,"address":"1202 Howard St, Omaha, NE 68102, USA","description":"1202 Howard St, Omaha, NE 68102, USA","image":"https://images.unsplash.com/photo-1657053460900-3a12f32b592f?q=80&amp;w=800&amp;auto=compress&amp;cs=tinysrgb","photo_url":"/api/places/photo?name=places%2FChIJ95pvSQCPk4cRvf7R-5V4jVw%2Fphotos%2FAWCwydh3HnMEwozHGAi4HJ_7Q5k9j8UtfBRoGtDhrW1RFiLhLoFv-efu-TcH88vH9KX2abmqusAtbJIVrrSjFX18Dok70y-RsSd_Un9hQECB5Mugq7uN5dG0er-tIb93vLC9W0s2W5GT53bMrp2BNtl-PiR75fBmuXVgym523K32JSFAQW93Mv0sxB8LCzKPam8NQaL46IaZIbLbHvKNoZoE7e-jpruJyi8Kt47Jbd0MHIxzqJCrUJH4VIBGnXO9aibDz4hjSltRlqWujTwXcEma2R0kAq9dfYyWa0xAJ6-gpSvFErfL2ouA1MNbtwTEWD670qt8KWeBiht1Jpmmab6U9R4WYzhwCkmI7U62euZypJNvEwWjIqBqvmGwJvV98vhGkvZh81MMEus3HcKnV5-c_ntbEuEYay3M5tyvqZGmG_58sBGD","sponsored":false,"category":"food","google_url":"https://maps.google.com/?cid=6669119208775876285&amp;g_mp=Cidnb29nbGUubWFwcy5wbGFjZXMudjEuUGxhY2VzLlNlYXJjaFRleHQQAhgEIAA","doordash_url":"https://www.doordash.com/search/store/Clio","ubereats_url":"https://www.ubereats.com/search?q=Clio","grubhub_url":"https://www.grubhub.com/search?queryText=Clio","order_url":"https://www.google.com/search?q=Clio+1202+Howard+St%2C+Omaha%2C+NE+68102%2C+USA+order+online+delivery","open_now":true},{"id":"0dd9fcad-9f68-4465-8081-b58431306f8d","name":"Cumbia Omaha","cuisine":"Bar","price":"$$","rating":4.7,"distance":0.1,"lat":41.256775499999996,"lng":-95.9369303,"address":"329 S 16th St #1, Omaha, NE 68102, USA","description":"329 S 16th St #1, Omaha, NE 68102, USA","image":"https://images.unsplash.com/photo-1657053460900-3a12f32b592f?q=80&amp;w=800&amp;auto=compress&amp;cs=tinysrgb","photo_url":"/api/places/photo?name=places%2FChIJG5huNGuPk4cRr9iRGhndjHw%2Fphotos%2FAWCwydjEqflw0HrHU5rfEIq8_Vhn26sTITX4izoapWmvEyGNPvhsNN5NjpfOfB2GpGI93TmO4May5Y1A5-5dbvmFSvb--l6nYLIDf6N6dzq8RUJQMPnDWyFe1CEtqqmTe3BqudmZtaES6CkH9k3FeFleFPs-tVpOQCvkqfyEFbg2qE7uO6MJeLlGzXPOXzssYPWsNWOI0KJ--HpEMOOTjmX1isiqIvYyW0i1WH_l74RnPp4sDx1HeO5-SK5SiKBB9Ehw2Fwxy65pIevtZIJh4VbYM6eXqMP45H03lVK_OC4M34dGFC8kob0B9OEkk8GbGLzuBhB9Pj3gfpoRiZoZKv-IZuXJjZnGHYhCz45YZZBZgqGjwW1U9RUTQfsAs040yYLbBFABWV1B_1An0YlHx1EhDFfXm2seogq8RktgcAblxqkU5eFZ","sponsored":false,"category":"food","google_url":"https://maps.google.com/?cid=8974791257332242607&amp;g_mp=Cidnb29nbGUubWFwcy5wbGFjZXMudjEuUGxhY2VzLlNlYXJjaFRleHQQAhgEIAA","doordash_url":"https://www.doordash.com/search/store/Cumbia+Omaha","ubereats_url":"https://www.ubereats.com/search?q=Cumbia+Omaha","grubhub_url":"https://www.grubhub.com/search?queryText=Cumbia+Omaha","order_url":"https://www.google.com/search?q=Cumbia+Omaha+329+S+16th+St+%231%2C+Omaha%2C+NE+68102%2C+USA+order+online+delivery","open_now":true},{"id":"94ae48d9-dc77-45b3-b68a-77b8840cbfb9","name":"Le Bouillon","cuisine":"Restaurant","price":"$$$","rating":4.5,"distance":0.2,"lat":41.255322199999995,"lng":-95.9300667,"address":"1017 Howard St, Omaha, NE 68102, USA","description":"1017 Howard St, Omaha, NE 68102, USA","image":"https://images.unsplash.com/photo-1564759296729-771e78c26df7?q=80&amp;w=800&amp;auto=compress&amp;cs=tinysrgb","photo_url":"/api/places/photo?name=places%2FChIJD6nTjqWPk4cRv17_WELW2eM%2Fphotos%2FAWCwydgb5b0FIXkwalzWLjcPB3m1VPXGt_BphothpVwW-C_-glIxEGDMFby2jaQjhzjV09w93C44KfUe6-RJdOR7xuX9dd5AYh2r2MRrzTEOA5NKhZdV2XvnVI76XMKU2JDg9lkNV-NRJmxWBI2Ms6ecsEv2q7QaOUjPk-PgyOKFhGI7ftKcBgccXycYFVP_nFuU3ISZM3a9ovsYccxdusoUPPBM6EOtzVvY5DTisGQX8x0isiURF0jPF4xyp1holo8YlB63pHaASY3RHWPATsxQK7aJ6L5R0dh2ld9BiWuOonlUWMT6zvAkmfBo4zGw_gzs4FGMPWDoccBBDdWhVo_JzZPrbYjbs6bLf2Jjh_iKLRwifT2LdXJGIYy4Kt0_nQLoft68nnsnKOCGVV4drQFsYPSQ6Bvdsg5lNNcYtFaPsd0f3G0","sponsored":false,"category":"food","google_url":"https://maps.google.com/?cid=16418389497005170367&amp;g_mp=Cidnb29nbGUubWFwcy5wbGFjZXMudjEuUGxhY2VzLlNlYXJjaFRleHQQAhgEIAA","doordash_url":"https://www.doordash.com/search/store/Le+Bouillon","ubereats_url":"https://www.ubereats.com/search?q=Le+Bouillon","grubhub_url":"https://www.grubhub.com/search?queryText=Le+Bouillon","order_url":"https://www.google.com/search?q=Le+Bouillon+1017+Howard+St%2C+Omaha%2C+NE+68102%2C+USA+order+online+delivery","open_now":true},{"id":"6ce5eaf2-3d2b-4e1e-84aa-80376bb73f01","name":"Omaha Tap House - Downtown","cuisine":"American","price":"$$","rating":4.4,"distance":0.1,"lat":41.2574366,"lng":-95.9347698,"address":"1401 Farnam St, Omaha, NE 68102, USA","description":"1401 Farnam St, Omaha, NE 68102, USA","image":"https://images.unsplash.com/photo-1565895405140-6b9830a88c19?q=80&amp;w=800&amp;auto=compress&amp;cs=tinysrgb","photo_url":"/api/places/photo?name=places%2FChIJ28p4E66Pk4cRSc9VG60uwwc%2Fphotos%2FAWCwydiWiXFPkcSuVP5SaBsmVU9iW2rfzHlbjhVFN7MyNrrDNbKPD6QRyYd66nJNVTapETrKjzUl42tpnUB3BsdswV5Ng4jI0mH9oSbU46rlHEijHcR370sMwjeUUScAF8KRqyrXPQnmOIJ7C-63hPRYItUgSHXC7Vt2Dv2IehOKT5viIv_UoFH5OHUKSxC_aunpVP-EhQTss-vc_mqMTx0SSIz1oo7CH8DmRRWGLcoa6PDJ1it9gb_2e_zz7XY9iuTLJK5ozqaYjMwb8S8gMTII8pxYObJjWNvKyceedyLVfLcLNGCm_8xnK0ETpvC7z3fCY5F8YOIoXCXkLYlenWDrnjPQJBvaBR5Y0_qip64KHh520eFSZ2Rfp561LwAEY-HIxHjQRu2ZPALytjxc4Wmvz7Mi0-KB_EgOi-2nErYc8iHQgw","sponsored":false,"category":"food","google_url":"https://maps.google.com/?cid=559342099746901833&amp;g_mp=Cidnb29nbGUubWFwcy5wbGFjZXMudjEuUGxhY2VzLlNlYXJjaFRleHQQAhgEIAA","doordash_url":"https://www.doordash.com/search/store/Omaha+Tap+House+-+Downtown","ubereats_url":"https://www.ubereats.com/search?q=Omaha+Tap+House+-+Downtown","grubhub_url":"https://www.grubhub.com/search?queryText=Omaha+Tap+House+-+Downtown","order_url":"https://www.google.com/search?q=Omaha+Tap+House+-+Downtown+1401+Farnam+St%2C+Omaha%2C+NE+68102%2C+USA+order+online+delivery","open_now":true},{"id":"5124644b-60c6-4108-bd54-72f486810457","name":"Dirty Birds","cuisine":"Meal Takeaway","price":"$$","rating":4.8,"distance":0.3,"lat":41.255359899999995,"lng":-95.9391687,"address":"1722 St Marys Ave, Omaha, NE 68102, USA","description":"1722 St Marys Ave, Omaha, NE 68102, USA","image":"https://images.unsplash.com/photo-1565895405140-6b9830a88c19?q=80&amp;w=800&amp;auto=compress&amp;cs=tinysrgb","photo_url":"/api/places/photo?name=places%2FChIJJWquAD-Pk4cRIs2xpQXQhZc%2Fphotos%2FAWCwydjh5ZUDrvt15hgjIUhKG7bnc1_kbYfwG9rotkk4RSOYnFDvFrMLFmYtlpg0jZZ2ffPeChDzXjDs6lmos6C7Sgelk2lFVmXPA4Jg5dVBKlCYCe3Y228CsTlfogsA4-j_AYJNxZeBU6z1irguLgRUoCOn_It9rT8h0tqm6q0IU2xXaGe3Jn1XzH-BLKGO8xR-_IT9uYg5u1ZKJNoWY2-YiFy-Nqn6sfP7SrBbiG9XqK5x-_iSBc3zuLxPzn6cvVnvZiOX4GRaKd76VRXovN13nf0W4o7lVHAZ7EN5j-233fdoPll0mL-VsiHz33eaXt82i4jMWsutws9_5FGgInFvRbA6Cm8GKgimYpWbJ_eVK5CtGH1dzdJHIErsR7_wrFqPiUHMFEaw9B0K1Cgd80EwLVrm-0T8LDlTIjoFwQ4IFVx2Tks-6EfdPNusqZzUMZ_F","sponsored":false,"category":"food","google_url":"https://maps.google.com/?cid=10918361594302942498&amp;g_mp=Cidnb29nbGUubWFwcy5wbGFjZXMudjEuUGxhY2VzLlNlYXJjaFRleHQQAhgEIAA","doordash_url":"https://www.doordash.com/search/store/Dirty+Birds","ubereats_url":"https://www.ubereats.com/search?q=Dirty+Birds","grubhub_url":"https://www.grubhub.com/search?queryText=Dirty+Birds","order_url":"https://www.google.com/search?q=Dirty+Birds+1722+St+Marys+Ave%2C+Omaha%2C+NE+68102%2C+USA+order+online+delivery","open_now":false},{"id":"1345003b-6246-4e40-9cc7-9c69f380166e","name":"The Stuffed Olive - Omaha","cuisine":"Bar","price":"$$","rating":4.7,"distance":0.4,"lat":41.260883299999996,"lng":-95.93077480000001,"address":"1140 Capitol Ave, Omaha, NE 68102, USA","description":"1140 Capitol Ave, Omaha, NE 68102, USA","image":"https://images.unsplash.com/photo-1565895405140-6b9830a88c19?q=80&amp;w=800&amp;auto=compress&amp;cs=tinysrgb","photo_url":"/api/places/photo?name=places%2FChIJjeMdAEiPk4cRJTCawde6IFk%2Fphotos%2FAWCwydgNZ57761lgJIuJ8LcPs9jh0rh2zHeyL4QP5X4fbyXh2WHvSh9ard32BHGG1DYJ9YN6IZC3MrPUTyybXkhzPQ22LFfWEqhfWEJPOtTYo6VwEIdIJ26OH9x3px4lhUBQObyHxKq9LpDPOVEZjS4eV0a6pYfMgOvXshSoz998KJV5L7XFvV41dcycf4SVeeAEhpVdZxYzGSsCpfGF8t8lyod8i52tFLZvFHqmbC1cDCwRgFP6mySAJJq92atWcX3KnlHeKyKtsxw0tz-QRFeA680DZYGXX7dckw_9PAN4nTEqO38ipbsW2FsPB4zMxVh43sEbYo93ysvD7NSroeKT8LiRlSLp5iA8f0La0frLYAxlTf2IvUVhxDPrJyH5JIpe8teZXALY9hMPa67ojfLf3rXYbek7uBQNnQTUPfFLigl-ZjVB","sponsored":false,"category":"food","google_url":"https://maps.google.com/?cid=6422338504459169829&amp;g_mp=Cidnb29nbGUubWFwcy5wbGFjZXMudjEuUGxhY2VzLlNlYXJjaFRleHQQAhgEIAA","doordash_url":"https://www.doordash.com/search/store/The+Stuffed+Olive+-+Omaha","ubereats_url":"https://www.ubereats.com/search?q=The+Stuffed+Olive+-+Omaha","grubhub_url":"https://www.grubhub.com/search?queryText=The+Stuffed+Olive+-+Omaha","order_url":"https://www.google.com/search?q=The+Stuffed+Olive+-+Omaha+1140+Capitol+Ave%2C+Omaha%2C+NE+68102%2C+USA+order+online+delivery","open_now":true},{"id":"2da4cfa7-8776-475c-840c-c67653073720","name":"M's Pub","cuisine":"Restaurant","price":"$$","rating":4.5,"distance":0.2,"lat":41.2557458,"lng":-95.93081409999999,"address":"422 S 11th St, Omaha, NE 68102, USA","description":"422 S 11th St, Omaha, NE 68102, USA","image":"https://images.unsplash.com/photo-1663530761401-15eefb544889?q=80&amp;w=800&amp;auto=compress&amp;cs=tinysrgb","photo_url":"/api/places/photo?name=places%2FChIJfTRTfK-Pk4cRSt6O3k_NPZQ%2Fphotos%2FAWCwydg-Kx_3VNu2uWC2TdnSgzhS9gfHHwz7Hn8hMFAnOLlW2hZVuXxqwtddGnUPKOLZIfUeLx4Ifm7BoUkyG5yx0Ul0U7ib-604gbHvwpDiZmpIW8od2817v1U1aNjT68-DL9s_r7AGP1QJT8D_5DD71padjzV30X6UXHpKkLvkpZFCbqvHRKW2SDvcH5XBCIls577RGKA3qB0iI4-ZhUc3oqRWYLlIP9pvDAc9jgA374aA0zSC3TTzieDgnRsUGPfgmJIe1q6Ft5thpXhPiu6zvl_ZHnY32r51404tKO1ILRJsbC2ESe5RisfkWjCkrhl8BanaXoovN1RFsEMF7t9iLAO5MZ_sxAB_dEySeERtDIdvBCxvCbYvptKAojIbgr_OncBmpzTdgKFQC9nNg6dUkq6rrFPHPENX0CKe46OPlLWtBQ","sponsored":false,"category":"food","google_url":"https://maps.google.com/?cid=10681919634112699978&amp;g_mp=Cidnb29nbGUubWFwcy5wbGFjZXMudjEuUGxhY2VzLlNlYXJjaFRleHQQAhgEIAA","doordash_url":"https://www.doordash.com/search/store/M%27s+Pub","ubereats_url":"https://www.ubereats.com/search?q=M%27s+Pub","grubhub_url":"https://www.grubhub.com/search?queryText=M%27s+Pub","order_url":"https://www.google.com/search?q=M%27s+Pub+422+S+11th+St%2C+Omaha%2C+NE+68102%2C+USA+order+online+delivery","open_now":true},{"id":"3925ce3f-3b01-42cf-abca-7c09ab16b921","name":"Tupelo Honey Southern Kitchen &amp; Bar","cuisine":"American","price":"$$","rating":4.1,"distance":0.4,"lat":41.256631899999995,"lng":-95.9276318,"address":"830 Harney St, Omaha, NE 68102, USA","description":"830 Harney St, Omaha, NE 68102, USA","image":"https://images.unsplash.com/photo-1564759296729-771e78c26df7?q=80&amp;w=800&amp;auto=compress&amp;cs=tinysrgb","photo_url":"/api/places/photo?name=places%2FChIJOXZm_qSPk4cRWHYpa8W-s8E%2Fphotos%2FAWCwydiQWO_JTz1Yj4PWG2cl5QWSfej4EXOuevsKE5k0-N1qq1jFKTcwiax9XHQa965qFsDu09-rsUkRLU_eGJr7vNnQnjpttyYMvoJW_Dg0mflbae21hDvh9JpWYuxRhvoch16K8hrgdvKct-jL7J2vX41gxq1KL5zoqzTglKMwnPz2lmNek-dtXZXgDBvj-ljw1_gGZKH4e0sATBS9z_9lgaQsNugyL13_NTC6xGW1_1zaNV3XIbRmf3jEhiqptYSUqVPW33IntTe0bl8sBxSKCN_Wj-O0MiVwocGLoc9XDX60i1BBR455Lf0-OlFMeLOPSJmssx5VNSqzU_AjJgU9-s8I6EiRG-ZXwFTiQ5BYJ5uA6Wys6yh5qVO3FIruV1WlsfTFtvQGixNIMhkDbrS_Lgsc83GTu_niyFwt3dtYCc0g_0SRvFjLmVZSKRvOiw","sponsored":false,"category":"food","google_url":"https://maps.google.com/?cid=13957709425267013208&amp;g_mp=Cidnb29nbGUubWFwcy5wbGFjZXMudjEuUGxhY2VzLlNlYXJjaFRleHQQAhgEIAA","doordash_url":"https://www.doordash.com/search/store/Tupelo+Honey+Southern+Kitchen+%26+Bar","ubereats_url":"https://www.ubereats.com/search?q=Tupelo+Honey+Southern+Kitchen+%26+Bar","grubhub_url":"https://www.grubhub.com/search?queryText=Tupelo+Honey+Southern+Kitchen+%26+Bar","order_url":"https://www.google.com/search?q=Tupelo+Honey+Southern+Kitchen+%26+Bar+830+Harney+St%2C+Omaha%2C+NE+68102%2C+USA+order+online+delivery","open_now":true},{"id":"4a2ae903-b469-4015-a9ec-02421a12a868","name":"801 Chophouse","cuisine":"Fine Dining","price":"$$$$","rating":4.7,"distance":0.1,"lat":41.2572097,"lng":-95.9349982,"address":"1403 Farnam St, Omaha, NE 68102, USA","description":"1403 Farnam St, Omaha, NE 68102, USA","image":"https://images.unsplash.com/photo-1657053460900-3a12f32b592f?q=80&amp;w=800&amp;auto=compress&amp;cs=tinysrgb","photo_url":"/api/places/photo?name=places%2FChIJHb3kbK6Pk4cRBaoHZqBKfYI%2Fphotos%2FAWCwydjqZTw5NgehrPuU6fWf5amwVcoLMKKbzJBOR7EtpGb_tYMygsLiTT01ZBSD10g1e6mHj5aZfTneL6OgPjJcfZosJjIk1UpMSTQWQ3Px4Y98WUe3IpWwZAqqY7A662S4Ck9Ydv-Pp5LmjQ9pyxdIcnec3VUHVhqrLlmNpBIEGvcJTp2ryjBjwhOE0r9J4OQlQS9NNMlI9yIbfp9M9RGnktYg9d9Fdgwdk4rWB5QyW3cF9mV_ce82SGarUTSgDcHhZjk-U2OxvdpeNjnUikHxCc_slpjD117rPv9hf0ch9A3GAmXqyi6uNMdoy8VJNxHkbRmvmCNL_0C7FIAH8yWnTOUsdYfgokKpko6nk3GFI6b0gw-6Wve4-Osm3Pa7nIezc3j50L0HHJHhw8oA8mWz-50Gbd_NcQO4MIgZb2r8RX528g","sponsored":false,"category":"food","google_url":"https://maps.google.com/?cid=9402753649786464773&amp;g_mp=Cidnb29nbGUubWFwcy5wbGFjZXMudjEuUGxhY2VzLlNlYXJjaFRleHQQAhgEIAA","doordash_url":"https://www.doordash.com/search/store/801+Chophouse","ubereats_url":"https://www.ubereats.com/search?q=801+Chophouse","grubhub_url":"https://www.grubhub.com/search?queryText=801+Chophouse","order_url":"https://www.google.com/search?q=801+Chophouse+1403+Farnam+St%2C+Omaha%2C+NE+68102%2C+USA+order+online+delivery","open_now":true},{"id":"31b59ce9-fbed-474e-92a8-a75385b0b20c","name":"Cattle Call Restaurant &amp; Bar","cuisine":"Restaurant","price":"$$","rating":4.6,"distance":0.2,"lat":41.2574499,"lng":-95.9373701,"address":"300 S 16th St, Omaha, NE 68102, USA","description":"300 S 16th St, Omaha, NE 68102, USA","image":"https://images.unsplash.com/photo-1564759296729-771e78c26df7?q=80&amp;w=800&amp;auto=compress&amp;cs=tinysrgb","photo_url":"/api/places/photo?name=places%2FChIJZ-k0ZRmPk4cRF1-_9ulraGE%2Fphotos%2FAWCwydgmgRcj9cYMI_1ysTSP8njUAC9YgzJrGxoZgwT-WtOoD240lzY0MKrhezwsnHWBt6kLtMo1jY-at0YjE7aSoTgpPE1JkOVGJPLknxGjC2U0pfYPO6mcDGZb2ypRhGaeB7NFcPGZQ_mRnbhrAw0U7oWkR7Ncn2-eH5Aw4TzqtHvhvvFaVAS5Ea_cgwWVeXYiBNrbRiQQSx4I4Y_xb6cg4eDm9R6Pqv3t0Ch8iPV5jswWehiqHsbWnRLjzB_WI0mjMn0Qw_fZUVIviNI4NKb85gAmoG360kkQLrXQ6rhDnBO-7gRKyejo-Edq5ddxDi0SG4PYDtCHhH_Kpd-r-_IfFq15ilL-VrFY2fDSyMSvSbK3qFF7u3VSjd64ULCmq-T33cYdwPTpqdIGLwb_tLIGjMaRWza7vwFhYZowvmqzVZ_WjdY","sponsored":false,"category":"food","google_url":"https://maps.google.com/?cid=7018978671868206871&amp;g_mp=Cidnb29nbGUubWFwcy5wbGFjZXMudjEuUGxhY2VzLlNlYXJjaFRleHQQAhgEIAA","doordash_url":"https://www.doordash.com/search/store/Cattle+Call+Restaurant+%26+Bar","ubereats_url":"https://www.ubereats.com/search?q=Cattle+Call+Restaurant+%26+Bar","grubhub_url":"https://www.grubhub.com/search?queryText=Cattle+Call+Restaurant+%26+Bar","order_url":"https://www.google.com/search?q=Cattle+Call+Restaurant+%26+Bar+300+S+16th+St%2C+Omaha%2C+NE+68102%2C+USA+order+online+delivery","open_now":true},{"id":"bc221f6f-bb6b-4f63-bf5c-c142ebaa3911","name":"Blatt Beer &amp; Table","cuisine":"American","price":"$$","rating":4.4,"distance":0.6,"lat":41.265573499999995,"lng":-95.93207149999999,"address":"610 N 12th St, Omaha, NE 68102, USA","description":"610 N 12th St, Omaha, NE 68102, USA","image":"https://images.unsplash.com/photo-1657053460900-3a12f32b592f?q=80&amp;w=800&amp;auto=compress&amp;cs=tinysrgb","photo_url":"/api/places/photo?name=places%2FChIJHT3xDbePk4cR_4BfAID8TqQ%2Fphotos%2FAWCwydj_Xtahlr8jvdI9llHcwbg1qFUzfMAey3sarRK9AAx1cWimMhDP1lQa8ThnYrBcnr6SAKOV4MC3sEOpOw33vc7rk5UPoM7j6lCa_-5zfrp550tMUoPlcj3eBOAgybeX0R7NxqZP3oY8LSn_JB7Ih_X16bTgUt6_foTFnGsfyQxHoKMb9me4CVCzf8woCVe_04LpjiW-_SWIUJ_E_YsybRQtqKbFYdY3fkjsz4oAsA49WfG5Rbv97xN1ZGLfk1a5LBpmYL7AqwMH4LPhP0KkwJp7IcbNHCFB10nR1hs0w8BsGk-4GBLJksLqMjNnazb3OTv0JNIfgu9B71LtmrN0SyhQPpej5ggg6TrtPC3POINd42kKNMnbfCGjGi7VbP9kVPU-CggeO2nX-OX8nobjgj0fCVDw8_Bp1pBqHL2jweQwX-c","sponsored":false,"category":"food","google_url":"https://maps.google.com/?cid=11839678097095885055&amp;g_mp=Cidnb29nbGUubWFwcy5wbGFjZXMudjEuUGxhY2VzLlNlYXJjaFRleHQQAhgEIAA","doordash_url":"https://www.doordash.com/search/store/Blatt+Beer+%26+Table","ubereats_url":"https://www.ubereats.com/search?q=Blatt+Beer+%26+Table","grubhub_url":"https://www.grubhub.com/search?queryText=Blatt+Beer+%26+Table","order_url":"https://www.google.com/search?q=Blatt+Beer+%26+Table+610+N+12th+St%2C+Omaha%2C+NE+68102%2C+USA+order+online+delivery","open_now":true},{"id":"71926fcf-7052-4a09-a8ab-910c5a78c85c","name":"The Boiler Room","cuisine":"American","price":"$$$","rating":4.6,"distance":0.3,"lat":41.2535192,"lng":-95.93100629999999,"address":"1110 Jones St, Omaha, NE 68102, USA","description":"1110 Jones St, Omaha, NE 68102, USA","image":"https://images.unsplash.com/photo-1657053460900-3a12f32b592f?q=80&amp;w=800&amp;auto=compress&amp;cs=tinysrgb","photo_url":"/api/places/photo?name=places%2FChIJvy_1saiPk4cRnzLSi7Tkk7c%2Fphotos%2FAWCwydg_OBv3WcKhRy-X25ckFrm1VwZ24JdMwl0e1D0GfDSObqrdW26jjqnJb89KFFVp0NKQFb0I8sVZg_nGQWUOajssOVJVzFsiM8Nvoz3kE7GRTpKDXds2OD4FgfdU1-3S3WhsPS6LhD3It9wCIFfmFcdD-y5MQ2rUTQnxkdiQVgvBqUzZWL1whH-oTAWI_JPPOwPWXQdRq2EQaCKjOvdLME7AIA3jIuraKQdjQuOLOVYXQrAK634x6HMlTwmCDJVX8-dpI-TM6nAfevUWRJYROYI7lfgYBNm-ErltGZXupY034EVyjZiKSbRCwsC6Zgdm32SaY8DS3W73bqWLLbObXtVRe94WuncB8K9cvJndbvdy-3BsqrfMxgSlHDVV3wsxfWVSm9RrXkA4vGZbQ6xtIdlmZDrDLjzHGOAUqEaMNLkxCfM","sponsored":false,"category":"food","google_url":"https://maps.google.com/?cid=13228167994608333471&amp;g_mp=Cidnb29nbGUubWFwcy5wbGFjZXMudjEuUGxhY2VzLlNlYXJjaFRleHQQAhgEIAA","doordash_url":"https://www.doordash.com/search/store/The+Boiler+Room","ubereats_url":"https://www.ubereats.com/search?q=The+Boiler+Room","grubhub_url":"https://www.grubhub.com/search?queryText=The+Boiler+Room","order_url":"https://www.google.com/search?q=The+Boiler+Room+1110+Jones+St%2C+Omaha%2C+NE+68102%2C+USA+order+online+delivery","open_now":true},{"id":"d754d733-1cce-4b37-a506-a70b74267732","name":"Spaghetti Works","cuisine":"Italian","price":"$$","rating":4.3,"distance":0.2,"lat":41.2553112,"lng":-95.9308964,"address":"502 S 11th St, Omaha, NE 68102, USA","description":"502 S 11th St, Omaha, NE 68102, USA","image":"https://images.unsplash.com/photo-1657053460900-3a12f32b592f?q=80&amp;w=800&amp;auto=compress&amp;cs=tinysrgb","photo_url":"/api/places/photo?name=places%2FChIJZyk3Zq-Pk4cR7S7QmMEUlL4%2Fphotos%2FAWCwydgS3en4Ay9_UeSyGWj0JEHvDe6a1z3Rkocp4tN3E4rVPU0IiHa5TPSVQurIExjPw9YVZGYkgS_ll22GR-y01GrVgx31CWnlT-Pt9Tf-Pnrx_uu_ibSwRz94ify0m-8egrXF5ZoPfk_0ck1dQ2zlSLJ1J0vkJxie0vopHR0SXDTObn4Rp9iwCClBCh-wno-e1LGBq34sRO7rAF2sx1Qpa7aa1FLw8wOaQZLJ0u7XuW4-ICTYPfXM2wfSM8z32MqeH7939bcV3nvhT9wa4vz_18rkZyp5CnXlHBmMmYZCI59JtqiS6oDVUhG2HItYzzzFhj2SnIo4WMsTZGKPUJXNFRT971A9unyn3gQUmcB3Gy5Jd-W-ioKARvJ1oMmCA3KeFg2A-RnUeDnfbU1jDd5wR5ZAal_OaMUO7HMjh0hrl5lVCiE","sponsored":false,"category":"food","google_url":"https://maps.google.com/?cid=13732623985484508909&amp;g_mp=Cidnb29nbGUubWFwcy5wbGFjZXMudjEuUGxhY2VzLlNlYXJjaFRleHQQAhgEIAA","doordash_url":"https://www.doordash.com/search/store/Spaghetti+Works","ubereats_url":"https://www.ubereats.com/search?q=Spaghetti+Works","grubhub_url":"https://www.grubhub.com/search?queryText=Spaghetti+Works","order_url":"https://www.google.com/search?q=Spaghetti+Works+502+S+11th+St%2C+Omaha%2C+NE+68102%2C+USA+order+online+delivery","open_now":true},{"id":"f56913b5-b328-4918-9b36-a6d72d21e723","name":"The Verdict Bar &amp; Grill","cuisine":"Bar And Grill","price":"$$","rating":4.3,"distance":0.3,"lat":41.2562182,"lng":-95.9410592,"address":"1901 Harney St, Omaha, NE 68102, USA","description":"1901 Harney St, Omaha, NE 68102, USA","image":"https://images.unsplash.com/photo-1657053460900-3a12f32b592f?q=80&amp;w=800&amp;auto=compress&amp;cs=tinysrgb","photo_url":"/api/places/photo?name=places%2FChIJVzoPzVKOk4cRkA00dduTXS4%2Fphotos%2FAWCwydjdmIU5xJTje4BPCzZjzVXIzNIOQDKg7MTsXGU0VWsjyI59XR68J7YiAzu7vnhj5MFqCsmR1yGAw-Q184UpXXRm-BplTQnvbT5Z4XB5EOvbclb3Bx4r0Bmh3TZYOx7K7aEK2IDPvDJwrGQgyoNe6PDJXh03WkoLH1WSn85Pt-1YSp2XMhKIBe55u627uoAAkDuAzakgHFcAmiovBLGOhqfkK6Kjg3Y49QSPkg14lhazPcucv7Ag8Z5oSXDi1MuVMU_SZ3sBnDI8u-h7Zg5YZ0SIQuKktgxwqkBVDqAH_lPltoclUr_NdU00LHhqBJZje4NNIriZWOckX5_rfm3mWH2aNdmeBhcYeYatqMnvkVsx3igVET4Mpb3knoQIVWL6PFRlQTZX_-Xg0F1IJouiyjPYt-xXeLzChNg-F6xs6PP6ij-K","sponsored":false,"category":"food","google_url":"https://maps.google.com/?cid=3340989069352242576&amp;g_mp=Cidnb29nbGUubWFwcy5wbGFjZXMudjEuUGxhY2VzLlNlYXJjaFRleHQQAhgEIAA","doordash_url":"https://www.doordash.com/search/store/The+Verdict+Bar+%26+Grill","ubereats_url":"https://www.ubereats.com/search?q=The+Verdict+Bar+%26+Grill","grubhub_url":"https://www.grubhub.com/search?queryText=The+Verdict+Bar+%26+Grill","order_url":"https://www.google.com/search?q=The+Verdict+Bar+%26+Grill+1901+Harney+St%2C+Omaha%2C+NE+68102%2C+USA+order+online+delivery","open_now":true},{"id":"58f4f788-026f-4ebf-9375-049e6f875399","name":"Dynamite Woodfire Grill","cuisine":"Western","price":"$$","rating":4.3,"distance":0.1,"lat":41.257362199999996,"lng":-95.93298209999999,"address":"1200 Landmark Center, 1299 Farnam St, Omaha, NE 68102, USA","description":"1200 Landmark Center, 1299 Farnam St, Omaha, NE 68102, USA","image":"https://images.unsplash.com/photo-1565895405140-6b9830a88c19?q=80&amp;w=800&amp;auto=compress&amp;cs=tinysrgb","photo_url":"/api/places/photo?name=places%2FChIJv8ujtq-Pk4cREiJCo3_KHtc%2Fphotos%2FAWCwydgcixc6j8S2g2U4w6xDg9KKAqLt7pRusvTx2CjsPPiKEcFBcbFpkxm07S-XxbhJBJjhFQ_Tb59VsR7fU5CG0kgTgkZJykFhY9yH7_KCAmyZqQPPXEz3Fch3M5fjOhZg7eonNYeKq5K-JXHlb6cV5dYm0kSVwAEmT0V0SccwB-oXGOUKtJWCj_YBiOiTizVlMXnH59NzcHggpmZPaPu5aoBoX9b4Vbil7RRiS5GfkbCFP-JgIYSkcvXnRGOMdZg_q5Pfhn8XnYEsRtghnUswAKZ3IvPc2N5eyXwIehCjl2YngY2bJiL1p9sWj88lEMpYCc3Yu-amPEQmsReG90We42ZLVlDWeuSDItucP01NJ-AWvcLJ70qYc6bkHaQcsnmjHIXqLjp0qTxRFB2JhEQiC1rfMpytZuI2v2xfJcmw_8M26RE","sponsored":false,"category":"food","google_url":"https://maps.google.com/?cid=15501049617004503570&amp;g_mp=Cidnb29nbGUubWFwcy5wbGFjZXMudjEuUGxhY2VzLlNlYXJjaFRleHQQAhgEIAA","doordash_url":"https://www.doordash.com/search/store/Dynamite+Woodfire+Grill","ubereats_url":"https://www.ubereats.com/search?q=Dynamite+Woodfire+Grill","grubhub_url":"https://www.grubhub.com/search?queryText=Dynamite+Woodfire+Grill","order_url":"https://www.google.com/search?q=Dynamite+Woodfire+Grill+1200+Landmark+Center%2C+1299+Farnam+St%2C+Omaha%2C+NE+68102%2C+USA+order+online+delivery","open_now":true}]}
E   assert 200 == 400
E    +  where 200 = &lt;Response [200]&gt;.status_code</failure></testcase><testcase classname="tests.test_place_query_destination.TestPlaceQuerySearch" name="test_zip_preferred_over_place_query" time="0.102" /><testcase classname="tests.test_place_query_destination.TestPlaceQuerySearch" name="test_latlng_preferred_over_zip_and_place_query" time="0.598" /><testcase classname="tests.test_place_query_destination.TestPlaceQuerySearch" name="test_place_query_max_length_422" time="0.173" /><testcase classname="tests.test_place_query_destination.TestPlaceQuerySearch" name="test_place_query_whitespace_trimmed" time="0.198" /></testsuite></testsuites>