<?xml version="1.0" encoding="utf-8"?><testsuites name="pytest tests"><testsuite name="pytest" errors="0" failures="0" skipped="0" tests="9" time="1.085" timestamp="2026-07-15T21:29:42.783698+00:00" hostname="agent-env-ca5f6469-2a0d-4282-8638-e761958f8b28"><testcase classname="tests.test_regression_v66" name="test_places_search_categories[food]" time="0.182" /><testcase classname="tests.test_regression_v66" name="test_places_search_categories[shops]" time="0.048" /><testcase classname="tests.test_regression_v66" name="test_places_search_categories[fuel]" time="0.047" /><testcase classname="tests.test_regression_v66" name="test_places_search_radius_filter" time="0.057" /><testcase classname="tests.test_regression_v66" name="test_admin_login_sets_httponly_cookie" time="0.051" /><testcase classname="tests.test_regression_v66" name="test_admin_verify_with_cookie" time="0.047" /><testcase classname="tests.test_regression_v66" name="test_admin_mrr_endpoint" time="0.099" /><testcase classname="tests.test_regression_v66" name="test_admin_logout_clears_cookie" time="0.092" /><testcase classname="tests.test_regression_v66" name="test_admin_login_wrong_password" time="0.145" /></testsuite></testsuites>