<?xml version="1.0" encoding="utf-8"?><testsuites name="pytest tests"><testsuite name="pytest" errors="0" failures="0" skipped="0" tests="20" time="2.935" timestamp="2026-07-05T00:41:58.465535+00:00" hostname="agent-env-ca5f6469-2a0d-4282-8638-e761958f8b28"><testcase classname="tests.test_iteration10_bars" name="test_restaurants_total_and_split" time="0.195" /><testcase classname="tests.test_iteration10_bars" name="test_cuisines_include_bar_types" time="0.102" /><testcase classname="tests.test_iteration10_bars" name="test_places_search_bars_returns_all_16_with_sponsored_first" time="0.137" /><testcase classname="tests.test_iteration10_bars" name="test_places_search_bars_specific_cuisine[Bowling-Strike &amp; Spare]" time="0.130" /><testcase classname="tests.test_iteration10_bars" name="test_places_search_bars_specific_cuisine[Pool-Rack 'Em Billiards]" time="0.094" /><testcase classname="tests.test_iteration10_bars" name="test_places_search_bars_specific_cuisine[Pickle Ball-Dill Dinkers]" time="0.107" /><testcase classname="tests.test_iteration10_bars" name="test_places_search_bars_specific_cuisine[Music-The Encore]" time="0.096" /><testcase classname="tests.test_iteration10_bars" name="test_places_search_bars_specific_cuisine[Beer-The Tap House]" time="0.097" /><testcase classname="tests.test_iteration10_bars" name="test_places_search_bars_specific_cuisine[Irish Bar-O'Malley's]" time="0.096" /><testcase classname="tests.test_iteration10_bars" name="test_places_search_bars_specific_cuisine[Darts-Bullseye Tavern]" time="0.098" /><testcase classname="tests.test_iteration10_bars" name="test_places_search_bars_specific_cuisine[Volleyball-Sand Bar]" time="0.095" /><testcase classname="tests.test_iteration10_bars" name="test_places_search_bars_specific_cuisine[Games-Player One]" time="0.097" /><testcase classname="tests.test_iteration10_bars" name="test_food_returns_only_food" time="0.137" /><testcase classname="tests.test_iteration10_bars" name="test_drinks_returns_only_drinks" time="0.105" /><testcase classname="tests.test_iteration10_bars" name="test_invalid_category_coerces_to_food" time="0.124" /><testcase classname="tests.test_iteration10_bars" name="test_invalid_zip_422" time="0.092" /><testcase classname="tests.test_iteration10_bars" name="test_create_bars_restaurant_persists" time="0.189" /><testcase classname="tests.test_iteration10_bars" name="test_spin_bars_only" time="0.103" /><testcase classname="tests.test_iteration10_bars" name="test_reports_still_works" time="0.098" /><testcase classname="tests.test_iteration10_bars" name="test_places_photo_404_without_key" time="0.094" /></testsuite></testsuites>