<?xml version="1.0" encoding="utf-8"?><testsuites name="pytest tests"><testsuite name="pytest" errors="0" failures="0" skipped="0" tests="8" time="1.857" timestamp="2026-07-04T22:35:28.391273+00:00" hostname="agent-env-ca5f6469-2a0d-4282-8638-e761958f8b28"><testcase classname="tests.test_restaurants.TestRestaurantsAPI" name="test_get_restaurants_seeded" time="0.446" /><testcase classname="tests.test_restaurants.TestRestaurantsAPI" name="test_get_cuisines_sorted" time="0.044" /><testcase classname="tests.test_restaurants.TestRestaurantsAPI" name="test_spin_empty_filters" time="0.043" /><testcase classname="tests.test_restaurants.TestRestaurantsAPI" name="test_spin_cuisine_filter" time="0.251" /><testcase classname="tests.test_restaurants.TestRestaurantsAPI" name="test_spin_price_and_distance" time="0.043" /><testcase classname="tests.test_restaurants.TestRestaurantsAPI" name="test_spin_no_match_404" time="0.070" /><testcase classname="tests.test_restaurants.TestRestaurantsAPI" name="test_create_and_delete_restaurant" time="0.279" /><testcase classname="tests.test_restaurants.TestRestaurantsAPI" name="test_delete_nonexistent_404" time="0.043" /></testsuite></testsuites>