<?xml version="1.0" encoding="utf-8"?><testsuites name="pytest tests"><testsuite name="pytest" errors="0" failures="0" skipped="0" tests="7" time="0.993" timestamp="2026-08-01T21:42:02.088209+00:00" hostname="agent-env-a5953802-81e6-4eca-9025-ab7fe4cd2582"><testcase classname="tests.test_reactions_iter32" name="test_get_unknown_place_returns_zero_pct_null" time="0.270" /><testcase classname="tests.test_reactions_iter32" name="test_post_up_vote_counts_and_returns_pct_100" time="0.053" /><testcase classname="tests.test_reactions_iter32" name="test_second_vote_same_ip_same_place_not_counted" time="0.094" /><testcase classname="tests.test_reactions_iter32" name="test_invalid_vote_returns_422" time="0.048" /><testcase classname="tests.test_reactions_iter32" name="test_missing_place_id_returns_422" time="0.043" /><testcase classname="tests.test_reactions_iter32" name="test_get_reflects_after_post" time="0.094" /><testcase classname="tests.test_reactions_iter32" name="test_down_vote_pct_zero" time="0.047" /></testsuite></testsuites>